2024-02-15T10:29:41.6944263-03:00 [WRN] (Microsoft.AspNetCore.HttpsPolicy.HttpsRedirectionMiddleware) Failed to determine the https port for redirect.
2024-02-15T10:29:43.6417264-03:00 [WRN] (Microsoft.EntityFrameworkCore.Model.Validation) The property '"ID_CONCESSAO"' on entity type '"CONCESSAO"' is of type 'byte', but is set up to use a SQL Server identity column; this requires that values starting at 255 and counting down will be used for temporary key values. A temporary key value is needed for every entity inserted in a single call to 'SaveChanges'. Care must be taken that these values do not collide with real key values.
2024-02-15T10:29:46.3637200-03:00 [ERR] (Microsoft.EntityFrameworkCore.Update) An exception occurred in the database while saving changes for context type '"PedagioPayPortalUsuario.Models.PEDAGIOPAYContext"'."
""Microsoft.EntityFrameworkCore.DbUpdateException: An error occurred while saving the entity changes. See the inner exception for details.
 ---> Microsoft.Data.SqlClient.SqlException (0x80131904): Cannot insert the value NULL into column 'USUARIO_EMAIL', table 'PEDAGIO_PAY.dbo.USUARIO_PLACA'; column does not allow nulls. INSERT fails.
   at Microsoft.Data.SqlClient.SqlConnection.OnError(SqlException exception, Boolean breakConnection, Action`1 wrapCloseInAction)
   at Microsoft.Data.SqlClient.TdsParser.ThrowExceptionAndWarning(TdsParserStateObject stateObj, Boolean callerHasConnectionLock, Boolean asyncClose)
   at Microsoft.Data.SqlClient.TdsParser.TryRun(RunBehavior runBehavior, SqlCommand cmdHandler, SqlDataReader dataStream, BulkCopySimpleResultSet bulkCopyHandler, TdsParserStateObject stateObj, Boolean& dataReady)
   at Microsoft.Data.SqlClient.SqlDataReader.TryHasMoreRows(Boolean& moreRows)
   at Microsoft.Data.SqlClient.SqlDataReader.TryReadInternal(Boolean setTimeout, Boolean& more)
   at Microsoft.Data.SqlClient.SqlDataReader.Read()
   at Microsoft.EntityFrameworkCore.Update.AffectedCountModificationCommandBatch.ConsumeResultSet(Int32 startCommandIndex, RelationalDataReader reader)
   at Microsoft.EntityFrameworkCore.Update.AffectedCountModificationCommandBatch.Consume(RelationalDataReader reader)
ClientConnectionId:b12a34cc-fe5d-4816-97ca-85e32a382f34
Error Number:515,State:2,Class:16
   --- End of inner exception stack trace ---
   at Microsoft.EntityFrameworkCore.Update.AffectedCountModificationCommandBatch.Consume(RelationalDataReader reader)
   at Microsoft.EntityFrameworkCore.Update.ReaderModificationCommandBatch.Execute(IRelationalConnection connection)
   at Microsoft.EntityFrameworkCore.SqlServer.Update.Internal.SqlServerModificationCommandBatch.Execute(IRelationalConnection connection)
   at Microsoft.EntityFrameworkCore.Update.Internal.BatchExecutor.Execute(IEnumerable`1 commandBatches, IRelationalConnection connection)
   at Microsoft.EntityFrameworkCore.ChangeTracking.Internal.StateManager.SaveChanges(IList`1 entriesToSave)
   at Microsoft.EntityFrameworkCore.ChangeTracking.Internal.StateManager.SaveChanges(StateManager stateManager, Boolean acceptAllChangesOnSuccess)
   at Microsoft.EntityFrameworkCore.SqlServer.Storage.Internal.SqlServerExecutionStrategy.Execute[TState,TResult](TState state, Func`3 operation, Func`3 verifySucceeded)
   at Microsoft.EntityFrameworkCore.ChangeTracking.Internal.StateManager.SaveChanges(Boolean acceptAllChangesOnSuccess)
   at Microsoft.EntityFrameworkCore.DbContext.SaveChanges(Boolean acceptAllChangesOnSuccess)"
Microsoft.EntityFrameworkCore.DbUpdateException: An error occurred while saving the entity changes. See the inner exception for details.
 ---> Microsoft.Data.SqlClient.SqlException (0x80131904): Cannot insert the value NULL into column 'USUARIO_EMAIL', table 'PEDAGIO_PAY.dbo.USUARIO_PLACA'; column does not allow nulls. INSERT fails.
   at Microsoft.Data.SqlClient.SqlConnection.OnError(SqlException exception, Boolean breakConnection, Action`1 wrapCloseInAction)
   at Microsoft.Data.SqlClient.TdsParser.ThrowExceptionAndWarning(TdsParserStateObject stateObj, Boolean callerHasConnectionLock, Boolean asyncClose)
   at Microsoft.Data.SqlClient.TdsParser.TryRun(RunBehavior runBehavior, SqlCommand cmdHandler, SqlDataReader dataStream, BulkCopySimpleResultSet bulkCopyHandler, TdsParserStateObject stateObj, Boolean& dataReady)
   at Microsoft.Data.SqlClient.SqlDataReader.TryHasMoreRows(Boolean& moreRows)
   at Microsoft.Data.SqlClient.SqlDataReader.TryReadInternal(Boolean setTimeout, Boolean& more)
   at Microsoft.Data.SqlClient.SqlDataReader.Read()
   at Microsoft.EntityFrameworkCore.Update.AffectedCountModificationCommandBatch.ConsumeResultSet(Int32 startCommandIndex, RelationalDataReader reader)
   at Microsoft.EntityFrameworkCore.Update.AffectedCountModificationCommandBatch.Consume(RelationalDataReader reader)
ClientConnectionId:b12a34cc-fe5d-4816-97ca-85e32a382f34
Error Number:515,State:2,Class:16
   --- End of inner exception stack trace ---
   at Microsoft.EntityFrameworkCore.Update.AffectedCountModificationCommandBatch.Consume(RelationalDataReader reader)
   at Microsoft.EntityFrameworkCore.Update.ReaderModificationCommandBatch.Execute(IRelationalConnection connection)
   at Microsoft.EntityFrameworkCore.SqlServer.Update.Internal.SqlServerModificationCommandBatch.Execute(IRelationalConnection connection)
   at Microsoft.EntityFrameworkCore.Update.Internal.BatchExecutor.Execute(IEnumerable`1 commandBatches, IRelationalConnection connection)
   at Microsoft.EntityFrameworkCore.ChangeTracking.Internal.StateManager.SaveChanges(IList`1 entriesToSave)
   at Microsoft.EntityFrameworkCore.ChangeTracking.Internal.StateManager.SaveChanges(StateManager stateManager, Boolean acceptAllChangesOnSuccess)
   at Microsoft.EntityFrameworkCore.SqlServer.Storage.Internal.SqlServerExecutionStrategy.Execute[TState,TResult](TState state, Func`3 operation, Func`3 verifySucceeded)
   at Microsoft.EntityFrameworkCore.ChangeTracking.Internal.StateManager.SaveChanges(Boolean acceptAllChangesOnSuccess)
   at Microsoft.EntityFrameworkCore.DbContext.SaveChanges(Boolean acceptAllChangesOnSuccess)
   at PedagioPayPortalUsuario.Data.Repositories.PlacaRepository.Cadastra(PLACAS usuarioPlaca) in C:\Users\fadami.FDM-058\Desktop\PedagioPayPortalUsuarioBack\PedagioPayPortalUsuario\Data\Repositories\PlacaRepository.cs:line 20
2024-02-15T10:31:13.0786081-03:00 [ERR] (Microsoft.EntityFrameworkCore.Update) An exception occurred in the database while saving changes for context type '"PedagioPayPortalUsuario.Models.PEDAGIOPAYContext"'."
""Microsoft.EntityFrameworkCore.DbUpdateException: An error occurred while saving the entity changes. See the inner exception for details.
 ---> Microsoft.Data.SqlClient.SqlException (0x80131904): Cannot insert the value NULL into column 'USUARIO_EMAIL', table 'PEDAGIO_PAY.dbo.USUARIO_PLACA'; column does not allow nulls. INSERT fails.
   at Microsoft.Data.SqlClient.SqlConnection.OnError(SqlException exception, Boolean breakConnection, Action`1 wrapCloseInAction)
   at Microsoft.Data.SqlClient.TdsParser.ThrowExceptionAndWarning(TdsParserStateObject stateObj, Boolean callerHasConnectionLock, Boolean asyncClose)
   at Microsoft.Data.SqlClient.TdsParser.TryRun(RunBehavior runBehavior, SqlCommand cmdHandler, SqlDataReader dataStream, BulkCopySimpleResultSet bulkCopyHandler, TdsParserStateObject stateObj, Boolean& dataReady)
   at Microsoft.Data.SqlClient.SqlDataReader.TryHasMoreRows(Boolean& moreRows)
   at Microsoft.Data.SqlClient.SqlDataReader.TryReadInternal(Boolean setTimeout, Boolean& more)
   at Microsoft.Data.SqlClient.SqlDataReader.Read()
   at Microsoft.EntityFrameworkCore.Update.AffectedCountModificationCommandBatch.ConsumeResultSet(Int32 startCommandIndex, RelationalDataReader reader)
   at Microsoft.EntityFrameworkCore.Update.AffectedCountModificationCommandBatch.Consume(RelationalDataReader reader)
ClientConnectionId:b12a34cc-fe5d-4816-97ca-85e32a382f34
Error Number:515,State:2,Class:16
   --- End of inner exception stack trace ---
   at Microsoft.EntityFrameworkCore.Update.AffectedCountModificationCommandBatch.Consume(RelationalDataReader reader)
   at Microsoft.EntityFrameworkCore.Update.ReaderModificationCommandBatch.Execute(IRelationalConnection connection)
   at Microsoft.EntityFrameworkCore.SqlServer.Update.Internal.SqlServerModificationCommandBatch.Execute(IRelationalConnection connection)
   at Microsoft.EntityFrameworkCore.Update.Internal.BatchExecutor.Execute(IEnumerable`1 commandBatches, IRelationalConnection connection)
   at Microsoft.EntityFrameworkCore.ChangeTracking.Internal.StateManager.SaveChanges(IList`1 entriesToSave)
   at Microsoft.EntityFrameworkCore.ChangeTracking.Internal.StateManager.SaveChanges(StateManager stateManager, Boolean acceptAllChangesOnSuccess)
   at Microsoft.EntityFrameworkCore.SqlServer.Storage.Internal.SqlServerExecutionStrategy.Execute[TState,TResult](TState state, Func`3 operation, Func`3 verifySucceeded)
   at Microsoft.EntityFrameworkCore.ChangeTracking.Internal.StateManager.SaveChanges(Boolean acceptAllChangesOnSuccess)
   at Microsoft.EntityFrameworkCore.DbContext.SaveChanges(Boolean acceptAllChangesOnSuccess)"
Microsoft.EntityFrameworkCore.DbUpdateException: An error occurred while saving the entity changes. See the inner exception for details.
 ---> Microsoft.Data.SqlClient.SqlException (0x80131904): Cannot insert the value NULL into column 'USUARIO_EMAIL', table 'PEDAGIO_PAY.dbo.USUARIO_PLACA'; column does not allow nulls. INSERT fails.
   at Microsoft.Data.SqlClient.SqlConnection.OnError(SqlException exception, Boolean breakConnection, Action`1 wrapCloseInAction)
   at Microsoft.Data.SqlClient.TdsParser.ThrowExceptionAndWarning(TdsParserStateObject stateObj, Boolean callerHasConnectionLock, Boolean asyncClose)
   at Microsoft.Data.SqlClient.TdsParser.TryRun(RunBehavior runBehavior, SqlCommand cmdHandler, SqlDataReader dataStream, BulkCopySimpleResultSet bulkCopyHandler, TdsParserStateObject stateObj, Boolean& dataReady)
   at Microsoft.Data.SqlClient.SqlDataReader.TryHasMoreRows(Boolean& moreRows)
   at Microsoft.Data.SqlClient.SqlDataReader.TryReadInternal(Boolean setTimeout, Boolean& more)
   at Microsoft.Data.SqlClient.SqlDataReader.Read()
   at Microsoft.EntityFrameworkCore.Update.AffectedCountModificationCommandBatch.ConsumeResultSet(Int32 startCommandIndex, RelationalDataReader reader)
   at Microsoft.EntityFrameworkCore.Update.AffectedCountModificationCommandBatch.Consume(RelationalDataReader reader)
ClientConnectionId:b12a34cc-fe5d-4816-97ca-85e32a382f34
Error Number:515,State:2,Class:16
   --- End of inner exception stack trace ---
   at Microsoft.EntityFrameworkCore.Update.AffectedCountModificationCommandBatch.Consume(RelationalDataReader reader)
   at Microsoft.EntityFrameworkCore.Update.ReaderModificationCommandBatch.Execute(IRelationalConnection connection)
   at Microsoft.EntityFrameworkCore.SqlServer.Update.Internal.SqlServerModificationCommandBatch.Execute(IRelationalConnection connection)
   at Microsoft.EntityFrameworkCore.Update.Internal.BatchExecutor.Execute(IEnumerable`1 commandBatches, IRelationalConnection connection)
   at Microsoft.EntityFrameworkCore.ChangeTracking.Internal.StateManager.SaveChanges(IList`1 entriesToSave)
   at Microsoft.EntityFrameworkCore.ChangeTracking.Internal.StateManager.SaveChanges(StateManager stateManager, Boolean acceptAllChangesOnSuccess)
   at Microsoft.EntityFrameworkCore.SqlServer.Storage.Internal.SqlServerExecutionStrategy.Execute[TState,TResult](TState state, Func`3 operation, Func`3 verifySucceeded)
   at Microsoft.EntityFrameworkCore.ChangeTracking.Internal.StateManager.SaveChanges(Boolean acceptAllChangesOnSuccess)
   at Microsoft.EntityFrameworkCore.DbContext.SaveChanges(Boolean acceptAllChangesOnSuccess)
   at PedagioPayPortalUsuario.Data.Repositories.PlacaRepository.Cadastra(PLACAS usuarioPlaca) in C:\Users\fadami.FDM-058\Desktop\PedagioPayPortalUsuarioBack\PedagioPayPortalUsuario\Data\Repositories\PlacaRepository.cs:line 20
2024-02-15T10:42:27.8340398-03:00 [WRN] (Microsoft.AspNetCore.HttpsPolicy.HttpsRedirectionMiddleware) Failed to determine the https port for redirect.
2024-02-15T10:42:30.8034418-03:00 [WRN] (Microsoft.EntityFrameworkCore.Model.Validation) The property '"ID_CONCESSAO"' on entity type '"CONCESSAO"' is of type 'byte', but is set up to use a SQL Server identity column; this requires that values starting at 255 and counting down will be used for temporary key values. A temporary key value is needed for every entity inserted in a single call to 'SaveChanges'. Care must be taken that these values do not collide with real key values.
2024-02-15T11:01:07.2395201-03:00 [WRN] (Microsoft.AspNetCore.HttpsPolicy.HttpsRedirectionMiddleware) Failed to determine the https port for redirect.
2024-02-15T11:01:08.9877840-03:00 [WRN] (Microsoft.EntityFrameworkCore.Model.Validation) The property '"ID_CONCESSAO"' on entity type '"CONCESSAO"' is of type 'byte', but is set up to use a SQL Server identity column; this requires that values starting at 255 and counting down will be used for temporary key values. A temporary key value is needed for every entity inserted in a single call to 'SaveChanges'. Care must be taken that these values do not collide with real key values.
2024-02-15T11:44:57.0487167-03:00 [WRN] (Microsoft.AspNetCore.HttpsPolicy.HttpsRedirectionMiddleware) Failed to determine the https port for redirect.
2024-02-15T12:12:48.0337648-03:00 [WRN] (Microsoft.AspNetCore.HttpsPolicy.HttpsRedirectionMiddleware) Failed to determine the https port for redirect.
2024-02-15T12:18:14.6721311-03:00 [WRN] (Microsoft.EntityFrameworkCore.Model.Validation) The property '"ID_CONCESSAO"' on entity type '"CONCESSAO"' is of type 'byte', but is set up to use a SQL Server identity column; this requires that values starting at 255 and counting down will be used for temporary key values. A temporary key value is needed for every entity inserted in a single call to 'SaveChanges'. Care must be taken that these values do not collide with real key values.
2024-02-15T12:24:15.9951594-03:00 [WRN] (Microsoft.AspNetCore.HttpsPolicy.HttpsRedirectionMiddleware) Failed to determine the https port for redirect.
2024-02-15T12:24:28.7114811-03:00 [WRN] (Microsoft.EntityFrameworkCore.Model.Validation) The property '"ID_CONCESSAO"' on entity type '"CONCESSAO"' is of type 'byte', but is set up to use a SQL Server identity column; this requires that values starting at 255 and counting down will be used for temporary key values. A temporary key value is needed for every entity inserted in a single call to 'SaveChanges'. Care must be taken that these values do not collide with real key values.
2024-02-15T12:54:08.1210999-03:00 [WRN] (Microsoft.AspNetCore.HttpsPolicy.HttpsRedirectionMiddleware) Failed to determine the https port for redirect.
2024-02-15T12:55:00.5457581-03:00 [WRN] (Microsoft.EntityFrameworkCore.Model.Validation) The property '"ID_CONCESSAO"' on entity type '"CONCESSAO"' is of type 'byte', but is set up to use a SQL Server identity column; this requires that values starting at 255 and counting down will be used for temporary key values. A temporary key value is needed for every entity inserted in a single call to 'SaveChanges'. Care must be taken that these values do not collide with real key values.
2024-02-15T12:57:51.0459282-03:00 [WRN] (Microsoft.AspNetCore.HttpsPolicy.HttpsRedirectionMiddleware) Failed to determine the https port for redirect.
2024-02-15T12:58:23.9395775-03:00 [WRN] (Microsoft.EntityFrameworkCore.Model.Validation) The property '"ID_CONCESSAO"' on entity type '"CONCESSAO"' is of type 'byte', but is set up to use a SQL Server identity column; this requires that values starting at 255 and counting down will be used for temporary key values. A temporary key value is needed for every entity inserted in a single call to 'SaveChanges'. Care must be taken that these values do not collide with real key values.
2024-02-15T13:20:29.2578964-03:00 [WRN] (Microsoft.AspNetCore.HttpsPolicy.HttpsRedirectionMiddleware) Failed to determine the https port for redirect.
2024-02-15T13:20:50.3600823-03:00 [WRN] (Microsoft.EntityFrameworkCore.Model.Validation) The property '"ID_CONCESSAO"' on entity type '"CONCESSAO"' is of type 'byte', but is set up to use a SQL Server identity column; this requires that values starting at 255 and counting down will be used for temporary key values. A temporary key value is needed for every entity inserted in a single call to 'SaveChanges'. Care must be taken that these values do not collide with real key values.
