2024-03-02T00:00:04.6478932-03:00 [WRN] (Microsoft.AspNetCore.HttpsPolicy.HttpsRedirectionMiddleware) Failed to determine the https port for redirect.
2024-03-02T00:00:07.4888787-03:00 [WRN] (Microsoft.EntityFrameworkCore.Model.Validation) The property '"ID_CONCESSAO"' on entity type '"CONCESSAO"' is of type 'byte', but is set up to use a SQL Server identity column; this requires that values starting at 255 and counting down will be used for temporary key values. A temporary key value is needed for every entity inserted in a single call to 'SaveChanges'. Care must be taken that these values do not collide with real key values.
2024-03-02T00:00:13.8353535-03:00 [ERR] (Microsoft.AspNetCore.Diagnostics.DeveloperExceptionPageMiddleware) An unhandled exception has occurred while executing the request.
System.Net.Mail.SmtpException: The SMTP server requires a secure connection or the client was not authenticated. The server response was: 5.7.0 Must issue a STARTTLS command first. For more information, go to
   at System.Net.Mail.MailCommand.CheckResponse(SmtpStatusCode statusCode, String response)
   at System.Net.Mail.MailCommand.Send(SmtpConnection conn, Byte[] command, MailAddress from, Boolean allowUnicode)
   at System.Net.Mail.SmtpTransport.SendMail(MailAddress sender, MailAddressCollection recipients, String deliveryNotify, Boolean allowUnicode, SmtpFailedRecipientException& exception)
   at System.Net.Mail.SmtpClient.Send(MailMessage message)
   at Fadami.Helper.Emails.GerenciarEmail.Enviar(Email email) in c:\EquipSoftware\Projetos\Ecorodovias\FadamiUtils\Fadami.Helper\Fadami.Helper\Emails\GerenciarEmail.cs:line 49
   at PedagioPayPortalUsuario.Controllers.UsuarioController.CadastraUsuario(CreateUsuarioDto request) in C:\Users\fadami.FDM-058\Desktop\PedagioPayPortalUsuarioBack\PedagioPayPortalUsuario\Controllers\UsuarioController.cs:line 92
   at lambda_method7(Closure , Object )
   at Microsoft.AspNetCore.Mvc.Infrastructure.ActionMethodExecutor.AwaitableObjectResultExecutor.Execute(IActionResultTypeMapper mapper, ObjectMethodExecutor executor, Object controller, Object[] arguments)
   at Microsoft.AspNetCore.Mvc.Infrastructure.ControllerActionInvoker.<InvokeActionMethodAsync>g__Awaited|12_0(ControllerActionInvoker invoker, ValueTask`1 actionResultValueTask)
   at Microsoft.AspNetCore.Mvc.Infrastructure.ControllerActionInvoker.<InvokeNextActionFilterAsync>g__Awaited|10_0(ControllerActionInvoker invoker, Task lastTask, State next, Scope scope, Object state, Boolean isCompleted)
   at Microsoft.AspNetCore.Mvc.Infrastructure.ControllerActionInvoker.Rethrow(ActionExecutedContextSealed context)
   at Microsoft.AspNetCore.Mvc.Infrastructure.ControllerActionInvoker.Next(State& next, Scope& scope, Object& state, Boolean& isCompleted)
   at Microsoft.AspNetCore.Mvc.Infrastructure.ControllerActionInvoker.InvokeInnerFilterAsync()
--- End of stack trace from previous location ---
   at Microsoft.AspNetCore.Mvc.Infrastructure.ResourceInvoker.<InvokeFilterPipelineAsync>g__Awaited|20_0(ResourceInvoker invoker, Task lastTask, State next, Scope scope, Object state, Boolean isCompleted)
   at Microsoft.AspNetCore.Mvc.Infrastructure.ResourceInvoker.<InvokeAsync>g__Logged|17_1(ResourceInvoker invoker)
   at Microsoft.AspNetCore.Mvc.Infrastructure.ResourceInvoker.<InvokeAsync>g__Logged|17_1(ResourceInvoker invoker)
   at Microsoft.AspNetCore.Routing.EndpointMiddleware.<Invoke>g__AwaitRequestTask|6_0(Endpoint endpoint, Task requestTask, ILogger logger)
   at Microsoft.AspNetCore.Authorization.AuthorizationMiddleware.Invoke(HttpContext context)
   at Swashbuckle.AspNetCore.SwaggerUI.SwaggerUIMiddleware.Invoke(HttpContext httpContext)
   at Swashbuckle.AspNetCore.Swagger.SwaggerMiddleware.Invoke(HttpContext httpContext, ISwaggerProvider swaggerProvider)
   at Microsoft.AspNetCore.Diagnostics.DeveloperExceptionPageMiddleware.Invoke(HttpContext context)
2024-03-02T00:03:26.6329848-03:00 [WRN] (Microsoft.AspNetCore.HttpsPolicy.HttpsRedirectionMiddleware) Failed to determine the https port for redirect.
2024-03-02T00:03:28.8503987-03:00 [WRN] (Microsoft.EntityFrameworkCore.Model.Validation) The property '"ID_CONCESSAO"' on entity type '"CONCESSAO"' is of type 'byte', but is set up to use a SQL Server identity column; this requires that values starting at 255 and counting down will be used for temporary key values. A temporary key value is needed for every entity inserted in a single call to 'SaveChanges'. Care must be taken that these values do not collide with real key values.
2024-03-02T00:03:35.1040657-03:00 [ERR] (Microsoft.AspNetCore.Diagnostics.DeveloperExceptionPageMiddleware) An unhandled exception has occurred while executing the request.
System.Net.Mail.SmtpException: The SMTP server requires a secure connection or the client was not authenticated. The server response was: 5.7.0 Must issue a STARTTLS command first. For more information, go to
   at System.Net.Mail.MailCommand.CheckResponse(SmtpStatusCode statusCode, String response)
   at System.Net.Mail.MailCommand.Send(SmtpConnection conn, Byte[] command, MailAddress from, Boolean allowUnicode)
   at System.Net.Mail.SmtpTransport.SendMail(MailAddress sender, MailAddressCollection recipients, String deliveryNotify, Boolean allowUnicode, SmtpFailedRecipientException& exception)
   at System.Net.Mail.SmtpClient.Send(MailMessage message)
   at Fadami.Helper.Emails.GerenciarEmail.Enviar(Email email) in c:\EquipSoftware\Projetos\Ecorodovias\FadamiUtils\Fadami.Helper\Fadami.Helper\Emails\GerenciarEmail.cs:line 49
   at PedagioPayPortalUsuario.Controllers.UsuarioController.CadastraUsuario(CreateUsuarioDto request) in C:\Users\fadami.FDM-058\Desktop\PedagioPayPortalUsuarioBack\PedagioPayPortalUsuario\Controllers\UsuarioController.cs:line 92
   at lambda_method7(Closure , Object )
   at Microsoft.AspNetCore.Mvc.Infrastructure.ActionMethodExecutor.AwaitableObjectResultExecutor.Execute(IActionResultTypeMapper mapper, ObjectMethodExecutor executor, Object controller, Object[] arguments)
   at Microsoft.AspNetCore.Mvc.Infrastructure.ControllerActionInvoker.<InvokeActionMethodAsync>g__Awaited|12_0(ControllerActionInvoker invoker, ValueTask`1 actionResultValueTask)
   at Microsoft.AspNetCore.Mvc.Infrastructure.ControllerActionInvoker.<InvokeNextActionFilterAsync>g__Awaited|10_0(ControllerActionInvoker invoker, Task lastTask, State next, Scope scope, Object state, Boolean isCompleted)
   at Microsoft.AspNetCore.Mvc.Infrastructure.ControllerActionInvoker.Rethrow(ActionExecutedContextSealed context)
   at Microsoft.AspNetCore.Mvc.Infrastructure.ControllerActionInvoker.Next(State& next, Scope& scope, Object& state, Boolean& isCompleted)
   at Microsoft.AspNetCore.Mvc.Infrastructure.ControllerActionInvoker.InvokeInnerFilterAsync()
--- End of stack trace from previous location ---
   at Microsoft.AspNetCore.Mvc.Infrastructure.ResourceInvoker.<InvokeFilterPipelineAsync>g__Awaited|20_0(ResourceInvoker invoker, Task lastTask, State next, Scope scope, Object state, Boolean isCompleted)
   at Microsoft.AspNetCore.Mvc.Infrastructure.ResourceInvoker.<InvokeAsync>g__Logged|17_1(ResourceInvoker invoker)
   at Microsoft.AspNetCore.Mvc.Infrastructure.ResourceInvoker.<InvokeAsync>g__Logged|17_1(ResourceInvoker invoker)
   at Microsoft.AspNetCore.Routing.EndpointMiddleware.<Invoke>g__AwaitRequestTask|6_0(Endpoint endpoint, Task requestTask, ILogger logger)
   at Microsoft.AspNetCore.Authorization.AuthorizationMiddleware.Invoke(HttpContext context)
   at Swashbuckle.AspNetCore.SwaggerUI.SwaggerUIMiddleware.Invoke(HttpContext httpContext)
   at Swashbuckle.AspNetCore.Swagger.SwaggerMiddleware.Invoke(HttpContext httpContext, ISwaggerProvider swaggerProvider)
   at Microsoft.AspNetCore.Diagnostics.DeveloperExceptionPageMiddleware.Invoke(HttpContext context)
2024-03-02T00:15:46.5659564-03:00 [WRN] (Microsoft.AspNetCore.HttpsPolicy.HttpsRedirectionMiddleware) Failed to determine the https port for redirect.
2024-03-02T00:15:48.6794782-03:00 [WRN] (Microsoft.EntityFrameworkCore.Model.Validation) The property '"ID_CONCESSAO"' on entity type '"CONCESSAO"' is of type 'byte', but is set up to use a SQL Server identity column; this requires that values starting at 255 and counting down will be used for temporary key values. A temporary key value is needed for every entity inserted in a single call to 'SaveChanges'. Care must be taken that these values do not collide with real key values.
2024-03-02T00:15:54.0124676-03:00 [ERR] (Microsoft.AspNetCore.Diagnostics.DeveloperExceptionPageMiddleware) An unhandled exception has occurred while executing the request.
System.FormatException: The specified string is not in the form required for an e-mail address.
   at System.Net.Mail.MailAddressParser.TryReadCfwsAndThrowIfIncomplete(String data, Int32 index, Int32& outIndex, Boolean throwExceptionIfFail)
   at System.Net.Mail.MailAddressParser.TryParseDomain(String data, Int32& index, String& domain, Boolean throwExceptionIfFail)
   at System.Net.Mail.MailAddressParser.TryParseAddress(String data, Boolean expectMultipleAddresses, Int32& index, ParseAddressInfo& parseAddressInfo, Boolean throwExceptionIfFail)
   at System.Net.Mail.MailAddressParser.TryParseAddress(String data, ParseAddressInfo& parsedAddress, Boolean throwExceptionIfFail)
   at System.Net.Mail.MailAddress.TryParse(String address, String displayName, Encoding displayNameEncoding, ValueTuple`4& parsedData, Boolean throwExceptionIfFail)
   at Fadami.Helper.Emails.GerenciarEmail.Enviar(Email email) in c:\EquipSoftware\Projetos\Ecorodovias\FadamiUtils\Fadami.Helper\Fadami.Helper\Emails\GerenciarEmail.cs:line 14
   at PedagioPayPortalUsuario.Controllers.UsuarioController.CadastraUsuario(CreateUsuarioDto request) in C:\Users\fadami.FDM-058\Desktop\PedagioPayPortalUsuarioBack\PedagioPayPortalUsuario\Controllers\UsuarioController.cs:line 92
   at lambda_method7(Closure , Object )
   at Microsoft.AspNetCore.Mvc.Infrastructure.ActionMethodExecutor.AwaitableObjectResultExecutor.Execute(IActionResultTypeMapper mapper, ObjectMethodExecutor executor, Object controller, Object[] arguments)
   at Microsoft.AspNetCore.Mvc.Infrastructure.ControllerActionInvoker.<InvokeActionMethodAsync>g__Awaited|12_0(ControllerActionInvoker invoker, ValueTask`1 actionResultValueTask)
   at Microsoft.AspNetCore.Mvc.Infrastructure.ControllerActionInvoker.<InvokeNextActionFilterAsync>g__Awaited|10_0(ControllerActionInvoker invoker, Task lastTask, State next, Scope scope, Object state, Boolean isCompleted)
   at Microsoft.AspNetCore.Mvc.Infrastructure.ControllerActionInvoker.Rethrow(ActionExecutedContextSealed context)
   at Microsoft.AspNetCore.Mvc.Infrastructure.ControllerActionInvoker.Next(State& next, Scope& scope, Object& state, Boolean& isCompleted)
   at Microsoft.AspNetCore.Mvc.Infrastructure.ControllerActionInvoker.InvokeInnerFilterAsync()
--- End of stack trace from previous location ---
   at Microsoft.AspNetCore.Mvc.Infrastructure.ResourceInvoker.<InvokeFilterPipelineAsync>g__Awaited|20_0(ResourceInvoker invoker, Task lastTask, State next, Scope scope, Object state, Boolean isCompleted)
   at Microsoft.AspNetCore.Mvc.Infrastructure.ResourceInvoker.<InvokeAsync>g__Logged|17_1(ResourceInvoker invoker)
   at Microsoft.AspNetCore.Mvc.Infrastructure.ResourceInvoker.<InvokeAsync>g__Logged|17_1(ResourceInvoker invoker)
   at Microsoft.AspNetCore.Routing.EndpointMiddleware.<Invoke>g__AwaitRequestTask|6_0(Endpoint endpoint, Task requestTask, ILogger logger)
   at Microsoft.AspNetCore.Authorization.AuthorizationMiddleware.Invoke(HttpContext context)
   at Swashbuckle.AspNetCore.SwaggerUI.SwaggerUIMiddleware.Invoke(HttpContext httpContext)
   at Swashbuckle.AspNetCore.Swagger.SwaggerMiddleware.Invoke(HttpContext httpContext, ISwaggerProvider swaggerProvider)
   at Microsoft.AspNetCore.Diagnostics.DeveloperExceptionPageMiddleware.Invoke(HttpContext context)
2024-03-02T00:17:51.1405499-03:00 [WRN] (Microsoft.AspNetCore.HttpsPolicy.HttpsRedirectionMiddleware) Failed to determine the https port for redirect.
2024-03-02T00:17:53.3190693-03:00 [WRN] (Microsoft.EntityFrameworkCore.Model.Validation) The property '"ID_CONCESSAO"' on entity type '"CONCESSAO"' is of type 'byte', but is set up to use a SQL Server identity column; this requires that values starting at 255 and counting down will be used for temporary key values. A temporary key value is needed for every entity inserted in a single call to 'SaveChanges'. Care must be taken that these values do not collide with real key values.
2024-03-02T00:17:59.3418920-03:00 [ERR] (Microsoft.AspNetCore.Diagnostics.DeveloperExceptionPageMiddleware) An unhandled exception has occurred while executing the request.
System.Net.Mail.SmtpException: The SMTP server requires a secure connection or the client was not authenticated. The server response was: 5.7.0 Must issue a STARTTLS command first. For more information, go to
   at System.Net.Mail.MailCommand.CheckResponse(SmtpStatusCode statusCode, String response)
   at System.Net.Mail.MailCommand.Send(SmtpConnection conn, Byte[] command, MailAddress from, Boolean allowUnicode)
   at System.Net.Mail.SmtpTransport.SendMail(MailAddress sender, MailAddressCollection recipients, String deliveryNotify, Boolean allowUnicode, SmtpFailedRecipientException& exception)
   at System.Net.Mail.SmtpClient.Send(MailMessage message)
   at Fadami.Helper.Emails.GerenciarEmail.Enviar(Email email) in c:\EquipSoftware\Projetos\Ecorodovias\FadamiUtils\Fadami.Helper\Fadami.Helper\Emails\GerenciarEmail.cs:line 49
   at PedagioPayPortalUsuario.Controllers.UsuarioController.CadastraUsuario(CreateUsuarioDto request) in C:\Users\fadami.FDM-058\Desktop\PedagioPayPortalUsuarioBack\PedagioPayPortalUsuario\Controllers\UsuarioController.cs:line 92
   at lambda_method7(Closure , Object )
   at Microsoft.AspNetCore.Mvc.Infrastructure.ActionMethodExecutor.AwaitableObjectResultExecutor.Execute(IActionResultTypeMapper mapper, ObjectMethodExecutor executor, Object controller, Object[] arguments)
   at Microsoft.AspNetCore.Mvc.Infrastructure.ControllerActionInvoker.<InvokeActionMethodAsync>g__Awaited|12_0(ControllerActionInvoker invoker, ValueTask`1 actionResultValueTask)
   at Microsoft.AspNetCore.Mvc.Infrastructure.ControllerActionInvoker.<InvokeNextActionFilterAsync>g__Awaited|10_0(ControllerActionInvoker invoker, Task lastTask, State next, Scope scope, Object state, Boolean isCompleted)
   at Microsoft.AspNetCore.Mvc.Infrastructure.ControllerActionInvoker.Rethrow(ActionExecutedContextSealed context)
   at Microsoft.AspNetCore.Mvc.Infrastructure.ControllerActionInvoker.Next(State& next, Scope& scope, Object& state, Boolean& isCompleted)
   at Microsoft.AspNetCore.Mvc.Infrastructure.ControllerActionInvoker.InvokeInnerFilterAsync()
--- End of stack trace from previous location ---
   at Microsoft.AspNetCore.Mvc.Infrastructure.ResourceInvoker.<InvokeFilterPipelineAsync>g__Awaited|20_0(ResourceInvoker invoker, Task lastTask, State next, Scope scope, Object state, Boolean isCompleted)
   at Microsoft.AspNetCore.Mvc.Infrastructure.ResourceInvoker.<InvokeAsync>g__Logged|17_1(ResourceInvoker invoker)
   at Microsoft.AspNetCore.Mvc.Infrastructure.ResourceInvoker.<InvokeAsync>g__Logged|17_1(ResourceInvoker invoker)
   at Microsoft.AspNetCore.Routing.EndpointMiddleware.<Invoke>g__AwaitRequestTask|6_0(Endpoint endpoint, Task requestTask, ILogger logger)
   at Microsoft.AspNetCore.Authorization.AuthorizationMiddleware.Invoke(HttpContext context)
   at Swashbuckle.AspNetCore.SwaggerUI.SwaggerUIMiddleware.Invoke(HttpContext httpContext)
   at Swashbuckle.AspNetCore.Swagger.SwaggerMiddleware.Invoke(HttpContext httpContext, ISwaggerProvider swaggerProvider)
   at Microsoft.AspNetCore.Diagnostics.DeveloperExceptionPageMiddleware.Invoke(HttpContext context)
2024-03-02T15:04:10.9567802-03:00 [WRN] (Microsoft.AspNetCore.HttpsPolicy.HttpsRedirectionMiddleware) Failed to determine the https port for redirect.
2024-03-02T15:04:14.5251606-03:00 [WRN] (Microsoft.EntityFrameworkCore.Model.Validation) The property '"ID_CONCESSAO"' on entity type '"CONCESSAO"' is of type 'byte', but is set up to use a SQL Server identity column; this requires that values starting at 255 and counting down will be used for temporary key values. A temporary key value is needed for every entity inserted in a single call to 'SaveChanges'. Care must be taken that these values do not collide with real key values.
2024-03-02T15:04:22.1675212-03:00 [ERR] (Microsoft.AspNetCore.Diagnostics.DeveloperExceptionPageMiddleware) An unhandled exception has occurred while executing the request.
System.Net.Mail.SmtpException: The SMTP server requires a secure connection or the client was not authenticated. The server response was: 5.7.0 Must issue a STARTTLS command first. For more information, go to
   at System.Net.Mail.MailCommand.CheckResponse(SmtpStatusCode statusCode, String response)
   at System.Net.Mail.MailCommand.Send(SmtpConnection conn, Byte[] command, MailAddress from, Boolean allowUnicode)
   at System.Net.Mail.SmtpTransport.SendMail(MailAddress sender, MailAddressCollection recipients, String deliveryNotify, Boolean allowUnicode, SmtpFailedRecipientException& exception)
   at System.Net.Mail.SmtpClient.Send(MailMessage message)
   at Fadami.Helper.Emails.GerenciarEmail.Enviar(Email email) in c:\EquipSoftware\Projetos\Ecorodovias\FadamiUtils\Fadami.Helper\Fadami.Helper\Emails\GerenciarEmail.cs:line 49
   at PedagioPayPortalUsuario.Controllers.UsuarioController.CadastraUsuario(CreateUsuarioDto request) in C:\Users\fadami.FDM-058\Desktop\PedagioPayPortalUsuarioBack\PedagioPayPortalUsuario\Controllers\UsuarioController.cs:line 92
   at lambda_method7(Closure , Object )
   at Microsoft.AspNetCore.Mvc.Infrastructure.ActionMethodExecutor.AwaitableObjectResultExecutor.Execute(IActionResultTypeMapper mapper, ObjectMethodExecutor executor, Object controller, Object[] arguments)
   at Microsoft.AspNetCore.Mvc.Infrastructure.ControllerActionInvoker.<InvokeActionMethodAsync>g__Awaited|12_0(ControllerActionInvoker invoker, ValueTask`1 actionResultValueTask)
   at Microsoft.AspNetCore.Mvc.Infrastructure.ControllerActionInvoker.<InvokeNextActionFilterAsync>g__Awaited|10_0(ControllerActionInvoker invoker, Task lastTask, State next, Scope scope, Object state, Boolean isCompleted)
   at Microsoft.AspNetCore.Mvc.Infrastructure.ControllerActionInvoker.Rethrow(ActionExecutedContextSealed context)
   at Microsoft.AspNetCore.Mvc.Infrastructure.ControllerActionInvoker.Next(State& next, Scope& scope, Object& state, Boolean& isCompleted)
   at Microsoft.AspNetCore.Mvc.Infrastructure.ControllerActionInvoker.InvokeInnerFilterAsync()
--- End of stack trace from previous location ---
   at Microsoft.AspNetCore.Mvc.Infrastructure.ResourceInvoker.<InvokeFilterPipelineAsync>g__Awaited|20_0(ResourceInvoker invoker, Task lastTask, State next, Scope scope, Object state, Boolean isCompleted)
   at Microsoft.AspNetCore.Mvc.Infrastructure.ResourceInvoker.<InvokeAsync>g__Logged|17_1(ResourceInvoker invoker)
   at Microsoft.AspNetCore.Mvc.Infrastructure.ResourceInvoker.<InvokeAsync>g__Logged|17_1(ResourceInvoker invoker)
   at Microsoft.AspNetCore.Routing.EndpointMiddleware.<Invoke>g__AwaitRequestTask|6_0(Endpoint endpoint, Task requestTask, ILogger logger)
   at Microsoft.AspNetCore.Authorization.AuthorizationMiddleware.Invoke(HttpContext context)
   at Swashbuckle.AspNetCore.SwaggerUI.SwaggerUIMiddleware.Invoke(HttpContext httpContext)
   at Swashbuckle.AspNetCore.Swagger.SwaggerMiddleware.Invoke(HttpContext httpContext, ISwaggerProvider swaggerProvider)
   at Microsoft.AspNetCore.Diagnostics.DeveloperExceptionPageMiddleware.Invoke(HttpContext context)
2024-03-02T15:12:36.5329239-03:00 [WRN] (Microsoft.AspNetCore.HttpsPolicy.HttpsRedirectionMiddleware) Failed to determine the https port for redirect.
2024-03-02T15:12:38.6082830-03:00 [WRN] (Microsoft.EntityFrameworkCore.Model.Validation) The property '"ID_CONCESSAO"' on entity type '"CONCESSAO"' is of type 'byte', but is set up to use a SQL Server identity column; this requires that values starting at 255 and counting down will be used for temporary key values. A temporary key value is needed for every entity inserted in a single call to 'SaveChanges'. Care must be taken that these values do not collide with real key values.
2024-03-02T15:12:44.6976116-03:00 [ERR] (Microsoft.AspNetCore.Diagnostics.DeveloperExceptionPageMiddleware) An unhandled exception has occurred while executing the request.
System.Net.Mail.SmtpException: The SMTP server requires a secure connection or the client was not authenticated. The server response was: 5.7.0 Must issue a STARTTLS command first. For more information, go to
   at System.Net.Mail.MailCommand.CheckResponse(SmtpStatusCode statusCode, String response)
   at System.Net.Mail.MailCommand.Send(SmtpConnection conn, Byte[] command, MailAddress from, Boolean allowUnicode)
   at System.Net.Mail.SmtpTransport.SendMail(MailAddress sender, MailAddressCollection recipients, String deliveryNotify, Boolean allowUnicode, SmtpFailedRecipientException& exception)
   at System.Net.Mail.SmtpClient.Send(MailMessage message)
   at Fadami.Helper.Emails.GerenciarEmail.Enviar(Email email) in c:\EquipSoftware\Projetos\Ecorodovias\FadamiUtils\Fadami.Helper\Fadami.Helper\Emails\GerenciarEmail.cs:line 49
   at PedagioPayPortalUsuario.Controllers.UsuarioController.CadastraUsuario(CreateUsuarioDto request) in C:\Users\fadami.FDM-058\Desktop\PedagioPayPortalUsuarioBack\PedagioPayPortalUsuario\Controllers\UsuarioController.cs:line 92
   at lambda_method7(Closure , Object )
   at Microsoft.AspNetCore.Mvc.Infrastructure.ActionMethodExecutor.AwaitableObjectResultExecutor.Execute(IActionResultTypeMapper mapper, ObjectMethodExecutor executor, Object controller, Object[] arguments)
   at Microsoft.AspNetCore.Mvc.Infrastructure.ControllerActionInvoker.<InvokeActionMethodAsync>g__Awaited|12_0(ControllerActionInvoker invoker, ValueTask`1 actionResultValueTask)
   at Microsoft.AspNetCore.Mvc.Infrastructure.ControllerActionInvoker.<InvokeNextActionFilterAsync>g__Awaited|10_0(ControllerActionInvoker invoker, Task lastTask, State next, Scope scope, Object state, Boolean isCompleted)
   at Microsoft.AspNetCore.Mvc.Infrastructure.ControllerActionInvoker.Rethrow(ActionExecutedContextSealed context)
   at Microsoft.AspNetCore.Mvc.Infrastructure.ControllerActionInvoker.Next(State& next, Scope& scope, Object& state, Boolean& isCompleted)
   at Microsoft.AspNetCore.Mvc.Infrastructure.ControllerActionInvoker.InvokeInnerFilterAsync()
--- End of stack trace from previous location ---
   at Microsoft.AspNetCore.Mvc.Infrastructure.ResourceInvoker.<InvokeFilterPipelineAsync>g__Awaited|20_0(ResourceInvoker invoker, Task lastTask, State next, Scope scope, Object state, Boolean isCompleted)
   at Microsoft.AspNetCore.Mvc.Infrastructure.ResourceInvoker.<InvokeAsync>g__Logged|17_1(ResourceInvoker invoker)
   at Microsoft.AspNetCore.Mvc.Infrastructure.ResourceInvoker.<InvokeAsync>g__Logged|17_1(ResourceInvoker invoker)
   at Microsoft.AspNetCore.Routing.EndpointMiddleware.<Invoke>g__AwaitRequestTask|6_0(Endpoint endpoint, Task requestTask, ILogger logger)
   at Microsoft.AspNetCore.Authorization.AuthorizationMiddleware.Invoke(HttpContext context)
   at Swashbuckle.AspNetCore.SwaggerUI.SwaggerUIMiddleware.Invoke(HttpContext httpContext)
   at Swashbuckle.AspNetCore.Swagger.SwaggerMiddleware.Invoke(HttpContext httpContext, ISwaggerProvider swaggerProvider)
   at Microsoft.AspNetCore.Diagnostics.DeveloperExceptionPageMiddleware.Invoke(HttpContext context)
2024-03-02T15:18:26.1961688-03:00 [WRN] (Microsoft.AspNetCore.HttpsPolicy.HttpsRedirectionMiddleware) Failed to determine the https port for redirect.
2024-03-02T15:18:28.2882874-03:00 [WRN] (Microsoft.EntityFrameworkCore.Model.Validation) The property '"ID_CONCESSAO"' on entity type '"CONCESSAO"' is of type 'byte', but is set up to use a SQL Server identity column; this requires that values starting at 255 and counting down will be used for temporary key values. A temporary key value is needed for every entity inserted in a single call to 'SaveChanges'. Care must be taken that these values do not collide with real key values.
2024-03-02T15:18:33.7537733-03:00 [ERR] (Microsoft.AspNetCore.Diagnostics.DeveloperExceptionPageMiddleware) An unhandled exception has occurred while executing the request.
System.Net.Mail.SmtpException: The SMTP server requires a secure connection or the client was not authenticated. The server response was: 5.7.0 Must issue a STARTTLS command first. For more information, go to
   at System.Net.Mail.MailCommand.CheckResponse(SmtpStatusCode statusCode, String response)
   at System.Net.Mail.MailCommand.Send(SmtpConnection conn, Byte[] command, MailAddress from, Boolean allowUnicode)
   at System.Net.Mail.SmtpTransport.SendMail(MailAddress sender, MailAddressCollection recipients, String deliveryNotify, Boolean allowUnicode, SmtpFailedRecipientException& exception)
   at System.Net.Mail.SmtpClient.Send(MailMessage message)
   at Fadami.Helper.Emails.GerenciarEmail.Enviar(Email email) in c:\EquipSoftware\Projetos\Ecorodovias\FadamiUtils\Fadami.Helper\Fadami.Helper\Emails\GerenciarEmail.cs:line 49
   at PedagioPayPortalUsuario.Controllers.UsuarioController.CadastraUsuario(CreateUsuarioDto request) in C:\Users\fadami.FDM-058\Desktop\PedagioPayPortalUsuarioBack\PedagioPayPortalUsuario\Controllers\UsuarioController.cs:line 92
   at lambda_method7(Closure , Object )
   at Microsoft.AspNetCore.Mvc.Infrastructure.ActionMethodExecutor.AwaitableObjectResultExecutor.Execute(IActionResultTypeMapper mapper, ObjectMethodExecutor executor, Object controller, Object[] arguments)
   at Microsoft.AspNetCore.Mvc.Infrastructure.ControllerActionInvoker.<InvokeActionMethodAsync>g__Awaited|12_0(ControllerActionInvoker invoker, ValueTask`1 actionResultValueTask)
   at Microsoft.AspNetCore.Mvc.Infrastructure.ControllerActionInvoker.<InvokeNextActionFilterAsync>g__Awaited|10_0(ControllerActionInvoker invoker, Task lastTask, State next, Scope scope, Object state, Boolean isCompleted)
   at Microsoft.AspNetCore.Mvc.Infrastructure.ControllerActionInvoker.Rethrow(ActionExecutedContextSealed context)
   at Microsoft.AspNetCore.Mvc.Infrastructure.ControllerActionInvoker.Next(State& next, Scope& scope, Object& state, Boolean& isCompleted)
   at Microsoft.AspNetCore.Mvc.Infrastructure.ControllerActionInvoker.InvokeInnerFilterAsync()
--- End of stack trace from previous location ---
   at Microsoft.AspNetCore.Mvc.Infrastructure.ResourceInvoker.<InvokeFilterPipelineAsync>g__Awaited|20_0(ResourceInvoker invoker, Task lastTask, State next, Scope scope, Object state, Boolean isCompleted)
   at Microsoft.AspNetCore.Mvc.Infrastructure.ResourceInvoker.<InvokeAsync>g__Logged|17_1(ResourceInvoker invoker)
   at Microsoft.AspNetCore.Mvc.Infrastructure.ResourceInvoker.<InvokeAsync>g__Logged|17_1(ResourceInvoker invoker)
   at Microsoft.AspNetCore.Routing.EndpointMiddleware.<Invoke>g__AwaitRequestTask|6_0(Endpoint endpoint, Task requestTask, ILogger logger)
   at Microsoft.AspNetCore.Authorization.AuthorizationMiddleware.Invoke(HttpContext context)
   at Swashbuckle.AspNetCore.SwaggerUI.SwaggerUIMiddleware.Invoke(HttpContext httpContext)
   at Swashbuckle.AspNetCore.Swagger.SwaggerMiddleware.Invoke(HttpContext httpContext, ISwaggerProvider swaggerProvider)
   at Microsoft.AspNetCore.Diagnostics.DeveloperExceptionPageMiddleware.Invoke(HttpContext context)
2024-03-02T15:21:44.6357858-03:00 [WRN] (Microsoft.AspNetCore.HttpsPolicy.HttpsRedirectionMiddleware) Failed to determine the https port for redirect.
2024-03-02T15:21:46.5331492-03:00 [WRN] (Microsoft.EntityFrameworkCore.Model.Validation) The property '"ID_CONCESSAO"' on entity type '"CONCESSAO"' is of type 'byte', but is set up to use a SQL Server identity column; this requires that values starting at 255 and counting down will be used for temporary key values. A temporary key value is needed for every entity inserted in a single call to 'SaveChanges'. Care must be taken that these values do not collide with real key values.
2024-03-02T15:21:52.9357547-03:00 [ERR] (Microsoft.AspNetCore.Diagnostics.DeveloperExceptionPageMiddleware) An unhandled exception has occurred while executing the request.
System.Net.Mail.SmtpException: The SMTP server requires a secure connection or the client was not authenticated. The server response was: Error: authentication Required
   at System.Net.Mail.MailCommand.CheckResponse(SmtpStatusCode statusCode, String response)
   at System.Net.Mail.MailCommand.Send(SmtpConnection conn, Byte[] command, MailAddress from, Boolean allowUnicode)
   at System.Net.Mail.SmtpTransport.SendMail(MailAddress sender, MailAddressCollection recipients, String deliveryNotify, Boolean allowUnicode, SmtpFailedRecipientException& exception)
   at System.Net.Mail.SmtpClient.Send(MailMessage message)
   at Fadami.Helper.Emails.GerenciarEmail.Enviar(Email email) in c:\EquipSoftware\Projetos\Ecorodovias\FadamiUtils\Fadami.Helper\Fadami.Helper\Emails\GerenciarEmail.cs:line 49
   at PedagioPayPortalUsuario.Controllers.UsuarioController.CadastraUsuario(CreateUsuarioDto request) in C:\Users\fadami.FDM-058\Desktop\PedagioPayPortalUsuarioBack\PedagioPayPortalUsuario\Controllers\UsuarioController.cs:line 92
   at lambda_method7(Closure , Object )
   at Microsoft.AspNetCore.Mvc.Infrastructure.ActionMethodExecutor.AwaitableObjectResultExecutor.Execute(IActionResultTypeMapper mapper, ObjectMethodExecutor executor, Object controller, Object[] arguments)
   at Microsoft.AspNetCore.Mvc.Infrastructure.ControllerActionInvoker.<InvokeActionMethodAsync>g__Awaited|12_0(ControllerActionInvoker invoker, ValueTask`1 actionResultValueTask)
   at Microsoft.AspNetCore.Mvc.Infrastructure.ControllerActionInvoker.<InvokeNextActionFilterAsync>g__Awaited|10_0(ControllerActionInvoker invoker, Task lastTask, State next, Scope scope, Object state, Boolean isCompleted)
   at Microsoft.AspNetCore.Mvc.Infrastructure.ControllerActionInvoker.Rethrow(ActionExecutedContextSealed context)
   at Microsoft.AspNetCore.Mvc.Infrastructure.ControllerActionInvoker.Next(State& next, Scope& scope, Object& state, Boolean& isCompleted)
   at Microsoft.AspNetCore.Mvc.Infrastructure.ControllerActionInvoker.InvokeInnerFilterAsync()
--- End of stack trace from previous location ---
   at Microsoft.AspNetCore.Mvc.Infrastructure.ResourceInvoker.<InvokeFilterPipelineAsync>g__Awaited|20_0(ResourceInvoker invoker, Task lastTask, State next, Scope scope, Object state, Boolean isCompleted)
   at Microsoft.AspNetCore.Mvc.Infrastructure.ResourceInvoker.<InvokeAsync>g__Logged|17_1(ResourceInvoker invoker)
   at Microsoft.AspNetCore.Mvc.Infrastructure.ResourceInvoker.<InvokeAsync>g__Logged|17_1(ResourceInvoker invoker)
   at Microsoft.AspNetCore.Routing.EndpointMiddleware.<Invoke>g__AwaitRequestTask|6_0(Endpoint endpoint, Task requestTask, ILogger logger)
   at Microsoft.AspNetCore.Authorization.AuthorizationMiddleware.Invoke(HttpContext context)
   at Swashbuckle.AspNetCore.SwaggerUI.SwaggerUIMiddleware.Invoke(HttpContext httpContext)
   at Swashbuckle.AspNetCore.Swagger.SwaggerMiddleware.Invoke(HttpContext httpContext, ISwaggerProvider swaggerProvider)
   at Microsoft.AspNetCore.Diagnostics.DeveloperExceptionPageMiddleware.Invoke(HttpContext context)
2024-03-02T15:24:35.2165429-03:00 [WRN] (Microsoft.AspNetCore.HttpsPolicy.HttpsRedirectionMiddleware) Failed to determine the https port for redirect.
2024-03-02T15:24:37.3984545-03:00 [WRN] (Microsoft.EntityFrameworkCore.Model.Validation) The property '"ID_CONCESSAO"' on entity type '"CONCESSAO"' is of type 'byte', but is set up to use a SQL Server identity column; this requires that values starting at 255 and counting down will be used for temporary key values. A temporary key value is needed for every entity inserted in a single call to 'SaveChanges'. Care must be taken that these values do not collide with real key values.
2024-03-02T15:24:44.1667842-03:00 [ERR] (Microsoft.AspNetCore.Diagnostics.DeveloperExceptionPageMiddleware) An unhandled exception has occurred while executing the request.
System.Net.Mail.SmtpException: The SMTP server requires a secure connection or the client was not authenticated. The server response was: Error: authentication Required
   at System.Net.Mail.MailCommand.CheckResponse(SmtpStatusCode statusCode, String response)
   at System.Net.Mail.MailCommand.Send(SmtpConnection conn, Byte[] command, MailAddress from, Boolean allowUnicode)
   at System.Net.Mail.SmtpTransport.SendMail(MailAddress sender, MailAddressCollection recipients, String deliveryNotify, Boolean allowUnicode, SmtpFailedRecipientException& exception)
   at System.Net.Mail.SmtpClient.Send(MailMessage message)
   at Fadami.Helper.Emails.GerenciarEmail.Enviar(Email email) in c:\EquipSoftware\Projetos\Ecorodovias\FadamiUtils\Fadami.Helper\Fadami.Helper\Emails\GerenciarEmail.cs:line 49
   at PedagioPayPortalUsuario.Controllers.UsuarioController.CadastraUsuario(CreateUsuarioDto request) in C:\Users\fadami.FDM-058\Desktop\PedagioPayPortalUsuarioBack\PedagioPayPortalUsuario\Controllers\UsuarioController.cs:line 92
   at lambda_method7(Closure , Object )
   at Microsoft.AspNetCore.Mvc.Infrastructure.ActionMethodExecutor.AwaitableObjectResultExecutor.Execute(IActionResultTypeMapper mapper, ObjectMethodExecutor executor, Object controller, Object[] arguments)
   at Microsoft.AspNetCore.Mvc.Infrastructure.ControllerActionInvoker.<InvokeActionMethodAsync>g__Awaited|12_0(ControllerActionInvoker invoker, ValueTask`1 actionResultValueTask)
   at Microsoft.AspNetCore.Mvc.Infrastructure.ControllerActionInvoker.<InvokeNextActionFilterAsync>g__Awaited|10_0(ControllerActionInvoker invoker, Task lastTask, State next, Scope scope, Object state, Boolean isCompleted)
   at Microsoft.AspNetCore.Mvc.Infrastructure.ControllerActionInvoker.Rethrow(ActionExecutedContextSealed context)
   at Microsoft.AspNetCore.Mvc.Infrastructure.ControllerActionInvoker.Next(State& next, Scope& scope, Object& state, Boolean& isCompleted)
   at Microsoft.AspNetCore.Mvc.Infrastructure.ControllerActionInvoker.InvokeInnerFilterAsync()
--- End of stack trace from previous location ---
   at Microsoft.AspNetCore.Mvc.Infrastructure.ResourceInvoker.<InvokeFilterPipelineAsync>g__Awaited|20_0(ResourceInvoker invoker, Task lastTask, State next, Scope scope, Object state, Boolean isCompleted)
   at Microsoft.AspNetCore.Mvc.Infrastructure.ResourceInvoker.<InvokeAsync>g__Logged|17_1(ResourceInvoker invoker)
   at Microsoft.AspNetCore.Mvc.Infrastructure.ResourceInvoker.<InvokeAsync>g__Logged|17_1(ResourceInvoker invoker)
   at Microsoft.AspNetCore.Routing.EndpointMiddleware.<Invoke>g__AwaitRequestTask|6_0(Endpoint endpoint, Task requestTask, ILogger logger)
   at Microsoft.AspNetCore.Authorization.AuthorizationMiddleware.Invoke(HttpContext context)
   at Swashbuckle.AspNetCore.SwaggerUI.SwaggerUIMiddleware.Invoke(HttpContext httpContext)
   at Swashbuckle.AspNetCore.Swagger.SwaggerMiddleware.Invoke(HttpContext httpContext, ISwaggerProvider swaggerProvider)
   at Microsoft.AspNetCore.Diagnostics.DeveloperExceptionPageMiddleware.Invoke(HttpContext context)
2024-03-02T15:26:25.5562047-03:00 [WRN] (Microsoft.AspNetCore.HttpsPolicy.HttpsRedirectionMiddleware) Failed to determine the https port for redirect.
2024-03-02T15:26:27.4866224-03:00 [WRN] (Microsoft.EntityFrameworkCore.Model.Validation) The property '"ID_CONCESSAO"' on entity type '"CONCESSAO"' is of type 'byte', but is set up to use a SQL Server identity column; this requires that values starting at 255 and counting down will be used for temporary key values. A temporary key value is needed for every entity inserted in a single call to 'SaveChanges'. Care must be taken that these values do not collide with real key values.
2024-03-02T15:28:01.5781737-03:00 [WRN] (Microsoft.AspNetCore.HttpsPolicy.HttpsRedirectionMiddleware) Failed to determine the https port for redirect.
2024-03-02T15:28:03.4399795-03:00 [WRN] (Microsoft.EntityFrameworkCore.Model.Validation) The property '"ID_CONCESSAO"' on entity type '"CONCESSAO"' is of type 'byte', but is set up to use a SQL Server identity column; this requires that values starting at 255 and counting down will be used for temporary key values. A temporary key value is needed for every entity inserted in a single call to 'SaveChanges'. Care must be taken that these values do not collide with real key values.
