2024-03-08T10:25:20.0077304-03:00 [DBG] Registered model binder providers, in the following order: ["Microsoft.AspNetCore.Mvc.ModelBinding.Binders.BinderTypeModelBinderProvider", "Microsoft.AspNetCore.Mvc.ModelBinding.Binders.ServicesModelBinderProvider", "Microsoft.AspNetCore.Mvc.ModelBinding.Binders.BodyModelBinderProvider", "Microsoft.AspNetCore.Mvc.ModelBinding.Binders.HeaderModelBinderProvider", "Microsoft.AspNetCore.Mvc.ModelBinding.Binders.FloatingPointTypeModelBinderProvider", "Microsoft.AspNetCore.Mvc.ModelBinding.Binders.EnumTypeModelBinderProvider", "Microsoft.AspNetCore.Mvc.ModelBinding.Binders.DateTimeModelBinderProvider", "Microsoft.AspNetCore.Mvc.ModelBinding.Binders.SimpleTypeModelBinderProvider", "Microsoft.AspNetCore.Mvc.ModelBinding.Binders.CancellationTokenModelBinderProvider", "Microsoft.AspNetCore.Mvc.ModelBinding.Binders.ByteArrayModelBinderProvider", "Microsoft.AspNetCore.Mvc.ModelBinding.Binders.FormFileModelBinderProvider", "Microsoft.AspNetCore.Mvc.ModelBinding.Binders.FormCollectionModelBinderProvider", "Microsoft.AspNetCore.Mvc.ModelBinding.Binders.KeyValuePairModelBinderProvider", "Microsoft.AspNetCore.Mvc.ModelBinding.Binders.DictionaryModelBinderProvider", "Microsoft.AspNetCore.Mvc.ModelBinding.Binders.ArrayModelBinderProvider", "Microsoft.AspNetCore.Mvc.ModelBinding.Binders.CollectionModelBinderProvider", "Microsoft.AspNetCore.Mvc.ModelBinding.Binders.ComplexObjectModelBinderProvider"]
2024-03-08T10:25:20.1245325-03:00 [DBG] Hosting starting
2024-03-08T10:25:20.4520818-03:00 [INF] User profile is available. Using '"C:\Users\fadami.FDM-058\AppData\Local\ASP.NET\DataProtection-Keys"' as key repository and Windows DPAPI to encrypt keys at rest.
2024-03-08T10:25:20.4809564-03:00 [DBG] Reading data from file '"C:\Users\fadami.FDM-058\AppData\Local\ASP.NET\DataProtection-Keys\key-ae5c53c0-d26a-4a4a-a697-3522b7f9cd35.xml"'.
2024-03-08T10:25:20.5511329-03:00 [DBG] Found key {ae5c53c0-d26a-4a4a-a697-3522b7f9cd35}.
2024-03-08T10:25:20.5855129-03:00 [DBG] Considering key {ae5c53c0-d26a-4a4a-a697-3522b7f9cd35} with expiration date 2024-03-19 16:36:08Z as default key.
2024-03-08T10:25:20.5948248-03:00 [DBG] Forwarded activator type request from "Microsoft.AspNetCore.DataProtection.XmlEncryption.DpapiXmlDecryptor, Microsoft.AspNetCore.DataProtection, Version=6.0.0.0, Culture=neutral, PublicKeyToken=adb9793829ddae60" to "Microsoft.AspNetCore.DataProtection.XmlEncryption.DpapiXmlDecryptor, Microsoft.AspNetCore.DataProtection, Culture=neutral, PublicKeyToken=adb9793829ddae60"
2024-03-08T10:25:20.6069134-03:00 [DBG] Decrypting secret element using Windows DPAPI.
2024-03-08T10:25:20.6161038-03:00 [DBG] Forwarded activator type request from "Microsoft.AspNetCore.DataProtection.AuthenticatedEncryption.ConfigurationModel.AuthenticatedEncryptorDescriptorDeserializer, Microsoft.AspNetCore.DataProtection, Version=6.0.0.0, Culture=neutral, PublicKeyToken=adb9793829ddae60" to "Microsoft.AspNetCore.DataProtection.AuthenticatedEncryption.ConfigurationModel.AuthenticatedEncryptorDescriptorDeserializer, Microsoft.AspNetCore.DataProtection, Culture=neutral, PublicKeyToken=adb9793829ddae60"
2024-03-08T10:25:20.6431879-03:00 [DBG] Opening CNG algorithm '"AES"' from provider 'null' with chaining mode CBC.
2024-03-08T10:25:20.8029264-03:00 [DBG] Opening CNG algorithm '"SHA256"' from provider 'null' with HMAC.
2024-03-08T10:25:20.8407216-03:00 [DBG] Using key {ae5c53c0-d26a-4a4a-a697-3522b7f9cd35} as the default key.
2024-03-08T10:25:20.8612521-03:00 [DBG] Key ring with default key {ae5c53c0-d26a-4a4a-a697-3522b7f9cd35} was loaded during application startup.
2024-03-08T10:25:21.4728419-03:00 [INF] Now listening on: "http://localhost:3001"
2024-03-08T10:25:21.4755752-03:00 [DBG] Loaded hosting startup assembly "PedagioPayPortalUsuario"
2024-03-08T10:25:21.4790383-03:00 [DBG] Loaded hosting startup assembly "Microsoft.AspNetCore.Watch.BrowserRefresh"
2024-03-08T10:25:21.4833102-03:00 [DBG] Loaded hosting startup assembly "Microsoft.WebTools.BrowserLink.Net"
2024-03-08T10:25:21.4875701-03:00 [INF] Application started. Press Ctrl+C to shut down.
2024-03-08T10:25:21.4904679-03:00 [INF] Hosting environment: "Development"
2024-03-08T10:25:21.4941146-03:00 [INF] Content root path: "C:\Users\fadami.FDM-058\Desktop\PedagioPayPortalUsuarioBack\PedagioPayPortalUsuario\"
2024-03-08T10:25:21.4973475-03:00 [DBG] Hosting started
2024-03-08T10:25:21.7439061-03:00 [DBG] Connection id ""0HN1VECQAS3LJ"" accepted.
2024-03-08T10:25:21.7458089-03:00 [DBG] Connection id ""0HN1VECQAS3LJ"" received FIN.
2024-03-08T10:25:21.7535738-03:00 [DBG] Connection id ""0HN1VECQAS3LJ"" started.
2024-03-08T10:25:21.7833437-03:00 [DBG] Connection id ""0HN1VECQAS3LJ"" sending FIN because: ""The Socket transport's send loop completed gracefully.""
2024-03-08T10:25:21.7919444-03:00 [DBG] Connection id ""0HN1VECQAS3LJ"" disconnecting.
2024-03-08T10:25:21.8040909-03:00 [DBG] Connection id ""0HN1VECQAS3LJ"" stopped.
2024-03-08T10:25:21.9479435-03:00 [DBG] Connection id ""0HN1VECQAS3LK"" accepted.
2024-03-08T10:25:22.0325709-03:00 [DBG] Connection id ""0HN1VECQAS3LL"" accepted.
2024-03-08T10:25:21.9726737-03:00 [DBG] Connection id ""0HN1VECQAS3LK"" started.
2024-03-08T10:25:22.2494707-03:00 [DBG] Connection id ""0HN1VECQAS3LL"" started.
2024-03-08T10:25:22.3229647-03:00 [INF] Request starting HTTP/1.1 GET http://localhost:3001/swagger/index.html - -
2024-03-08T10:25:22.6986133-03:00 [DBG] Wildcard detected, all requests with hosts will be allowed.
2024-03-08T10:25:23.1438262-03:00 [DBG] Response markup is scheduled to include browser refresh script injection.
2024-03-08T10:25:23.2093599-03:00 [DBG] Response markup was updated to include browser refresh script injection.
2024-03-08T10:25:23.2327604-03:00 [DBG] Connection id ""0HN1VECQAS3LM"" accepted.
2024-03-08T10:25:23.2447578-03:00 [DBG] Connection id ""0HN1VECQAS3LM"" started.
2024-03-08T10:25:23.2549470-03:00 [INF] Request starting HTTP/1.1 GET http://localhost:3001/_framework/aspnetcore-browser-refresh.js - -
2024-03-08T10:25:23.2825534-03:00 [INF] Request starting HTTP/1.1 GET http://localhost:3001/_vs/browserLink - -
2024-03-08T10:25:23.2550069-03:00 [DBG] Connection id ""0HN1VECQAS3LK"" completed keep alive response.
2024-03-08T10:25:23.3043274-03:00 [DBG] Connection id ""0HN1VECQAS3LL"" completed keep alive response.
2024-03-08T10:25:23.3105747-03:00 [INF] Request finished HTTP/1.1 GET http://localhost:3001/_framework/aspnetcore-browser-refresh.js - - - 200 13782 application/javascript;+charset=utf-8 55.5821ms
2024-03-08T10:25:23.3102569-03:00 [INF] Request finished HTTP/1.1 GET http://localhost:3001/swagger/index.html - - - 200 - text/html;charset=utf-8 993.7568ms
2024-03-08T10:25:23.5163281-03:00 [DBG] Connection id ""0HN1VECQAS3LM"" completed keep alive response.
2024-03-08T10:25:23.5708887-03:00 [INF] Request finished HTTP/1.1 GET http://localhost:3001/_vs/browserLink - - - 200 - text/javascript;+charset=UTF-8 288.3276ms
2024-03-08T10:25:23.6096124-03:00 [INF] Request starting HTTP/1.1 GET http://localhost:3001/swagger/v1/swagger.json - -
2024-03-08T10:25:23.8543028-03:00 [DBG] Connection id ""0HN1VECQAS3LM"" completed keep alive response.
2024-03-08T10:25:23.9136187-03:00 [INF] Request finished HTTP/1.1 GET http://localhost:3001/swagger/v1/swagger.json - - - 200 - application/json;charset=utf-8 303.8113ms
2024-03-08T10:28:53.9737464-03:00 [INF] Request starting HTTP/1.1 GET http://localhost:3001/Debitos/Historico - -
2024-03-08T10:28:53.9865451-03:00 [DBG] The request path "" does not match the path filter
2024-03-08T10:28:53.9942639-03:00 [WRN] Failed to determine the https port for redirect.
2024-03-08T10:28:54.0405094-03:00 [DBG] 1 candidate(s) found for the request path '"/Debitos/Historico"'
2024-03-08T10:28:54.0518471-03:00 [DBG] Endpoint '"PedagioPayPortalUsuario.Controllers.DebitosController.HistoricoDebitos (PedagioPayPortalUsuario)"' with route pattern '"Debitos/Historico"' is valid for the request path '"/Debitos/Historico"'
2024-03-08T10:28:54.0579919-03:00 [DBG] Request matched endpoint '"PedagioPayPortalUsuario.Controllers.DebitosController.HistoricoDebitos (PedagioPayPortalUsuario)"'
2024-03-08T10:28:54.0650519-03:00 [INF] Executing endpoint '"PedagioPayPortalUsuario.Controllers.DebitosController.HistoricoDebitos (PedagioPayPortalUsuario)"'
2024-03-08T10:28:54.1095385-03:00 [INF] Route matched with "{action = \"HistoricoDebitos\", controller = \"Debitos\"}". Executing controller action with signature "Microsoft.AspNetCore.Mvc.ActionResult HistoricoDebitos(System.String)" on controller "PedagioPayPortalUsuario.Controllers.DebitosController" ("PedagioPayPortalUsuario").
2024-03-08T10:28:54.1193321-03:00 [DBG] Execution plan of "authorization" filters (in the following order): ["None"]
2024-03-08T10:28:54.1255713-03:00 [DBG] Execution plan of "resource" filters (in the following order): ["None"]
2024-03-08T10:28:54.1321881-03:00 [DBG] Execution plan of "action" filters (in the following order): ["Microsoft.AspNetCore.Mvc.ModelBinding.UnsupportedContentTypeFilter (Order: -3000)", "Microsoft.AspNetCore.Mvc.Infrastructure.ModelStateInvalidFilter (Order: -2000)"]
2024-03-08T10:28:54.1388065-03:00 [DBG] Execution plan of "exception" filters (in the following order): ["None"]
2024-03-08T10:28:54.1450367-03:00 [DBG] Execution plan of "result" filters (in the following order): ["Microsoft.AspNetCore.Mvc.Infrastructure.ClientErrorResultFilter (Order: -2000)"]
2024-03-08T10:28:54.1521113-03:00 [DBG] Executing controller factory for controller "PedagioPayPortalUsuario.Controllers.DebitosController" ("PedagioPayPortalUsuario")
2024-03-08T10:28:54.5430647-03:00 [DBG] An 'IServiceProvider' was created for internal use by Entity Framework.
2024-03-08T10:28:54.7945258-03:00 [DBG] Executed controller factory for controller "PedagioPayPortalUsuario.Controllers.DebitosController" ("PedagioPayPortalUsuario")
2024-03-08T10:28:54.8084448-03:00 [DBG] Attempting to bind parameter '"token"' of type '"System.String"' ...
2024-03-08T10:28:54.8167297-03:00 [DBG] Attempting to bind parameter '"token"' of type '"System.String"' using the name '""' in request data ...
2024-03-08T10:28:54.8245381-03:00 [DBG] Attempting to bind parameter '"token"' of type '"System.String"' using the name '""' in request data ...
2024-03-08T10:28:54.8302898-03:00 [DBG] Done attempting to bind parameter '"token"' of type '"System.String"'.
2024-03-08T10:28:54.8348438-03:00 [DBG] Done attempting to bind parameter '"token"' of type '"System.String"'.
2024-03-08T10:28:54.8400400-03:00 [DBG] Done attempting to bind parameter '"token"' of type '"System.String"'.
2024-03-08T10:28:54.8437455-03:00 [DBG] Attempting to validate the bound parameter '"token"' of type '"System.String"' ...
2024-03-08T10:28:54.8575581-03:00 [DBG] Done attempting to validate the bound parameter '"token"' of type '"System.String"'.
2024-03-08T17:15:20.0700481-03:00 [DBG] Registered model binder providers, in the following order: ["Microsoft.AspNetCore.Mvc.ModelBinding.Binders.BinderTypeModelBinderProvider", "Microsoft.AspNetCore.Mvc.ModelBinding.Binders.ServicesModelBinderProvider", "Microsoft.AspNetCore.Mvc.ModelBinding.Binders.BodyModelBinderProvider", "Microsoft.AspNetCore.Mvc.ModelBinding.Binders.HeaderModelBinderProvider", "Microsoft.AspNetCore.Mvc.ModelBinding.Binders.FloatingPointTypeModelBinderProvider", "Microsoft.AspNetCore.Mvc.ModelBinding.Binders.EnumTypeModelBinderProvider", "Microsoft.AspNetCore.Mvc.ModelBinding.Binders.DateTimeModelBinderProvider", "Microsoft.AspNetCore.Mvc.ModelBinding.Binders.SimpleTypeModelBinderProvider", "Microsoft.AspNetCore.Mvc.ModelBinding.Binders.CancellationTokenModelBinderProvider", "Microsoft.AspNetCore.Mvc.ModelBinding.Binders.ByteArrayModelBinderProvider", "Microsoft.AspNetCore.Mvc.ModelBinding.Binders.FormFileModelBinderProvider", "Microsoft.AspNetCore.Mvc.ModelBinding.Binders.FormCollectionModelBinderProvider", "Microsoft.AspNetCore.Mvc.ModelBinding.Binders.KeyValuePairModelBinderProvider", "Microsoft.AspNetCore.Mvc.ModelBinding.Binders.DictionaryModelBinderProvider", "Microsoft.AspNetCore.Mvc.ModelBinding.Binders.ArrayModelBinderProvider", "Microsoft.AspNetCore.Mvc.ModelBinding.Binders.CollectionModelBinderProvider", "Microsoft.AspNetCore.Mvc.ModelBinding.Binders.ComplexObjectModelBinderProvider"]
2024-03-08T17:15:20.2031340-03:00 [DBG] Hosting starting
2024-03-08T17:15:20.6245236-03:00 [INF] User profile is available. Using '"C:\Users\fadami.FDM-058\AppData\Local\ASP.NET\DataProtection-Keys"' as key repository and Windows DPAPI to encrypt keys at rest.
2024-03-08T17:15:20.6370446-03:00 [DBG] Reading data from file '"C:\Users\fadami.FDM-058\AppData\Local\ASP.NET\DataProtection-Keys\key-ae5c53c0-d26a-4a4a-a697-3522b7f9cd35.xml"'.
2024-03-08T17:15:20.6832552-03:00 [DBG] Found key {ae5c53c0-d26a-4a4a-a697-3522b7f9cd35}.
2024-03-08T17:15:20.7166618-03:00 [DBG] Considering key {ae5c53c0-d26a-4a4a-a697-3522b7f9cd35} with expiration date 2024-03-19 16:36:08Z as default key.
2024-03-08T17:15:20.7304738-03:00 [DBG] Forwarded activator type request from "Microsoft.AspNetCore.DataProtection.XmlEncryption.DpapiXmlDecryptor, Microsoft.AspNetCore.DataProtection, Version=6.0.0.0, Culture=neutral, PublicKeyToken=adb9793829ddae60" to "Microsoft.AspNetCore.DataProtection.XmlEncryption.DpapiXmlDecryptor, Microsoft.AspNetCore.DataProtection, Culture=neutral, PublicKeyToken=adb9793829ddae60"
2024-03-08T17:15:20.7447167-03:00 [DBG] Decrypting secret element using Windows DPAPI.
2024-03-08T17:15:20.7513985-03:00 [DBG] Forwarded activator type request from "Microsoft.AspNetCore.DataProtection.AuthenticatedEncryption.ConfigurationModel.AuthenticatedEncryptorDescriptorDeserializer, Microsoft.AspNetCore.DataProtection, Version=6.0.0.0, Culture=neutral, PublicKeyToken=adb9793829ddae60" to "Microsoft.AspNetCore.DataProtection.AuthenticatedEncryption.ConfigurationModel.AuthenticatedEncryptorDescriptorDeserializer, Microsoft.AspNetCore.DataProtection, Culture=neutral, PublicKeyToken=adb9793829ddae60"
2024-03-08T17:15:20.7651746-03:00 [DBG] Opening CNG algorithm '"AES"' from provider 'null' with chaining mode CBC.
2024-03-08T17:15:20.7732020-03:00 [DBG] Opening CNG algorithm '"SHA256"' from provider 'null' with HMAC.
2024-03-08T17:15:20.7822124-03:00 [DBG] Using key {ae5c53c0-d26a-4a4a-a697-3522b7f9cd35} as the default key.
2024-03-08T17:15:20.7871576-03:00 [DBG] Key ring with default key {ae5c53c0-d26a-4a4a-a697-3522b7f9cd35} was loaded during application startup.
2024-03-08T17:15:21.2465749-03:00 [INF] Now listening on: "http://localhost:3001"
2024-03-08T17:15:21.2495953-03:00 [DBG] Loaded hosting startup assembly "PedagioPayPortalUsuario"
2024-03-08T17:15:21.2521712-03:00 [DBG] Loaded hosting startup assembly "Microsoft.AspNetCore.Watch.BrowserRefresh"
2024-03-08T17:15:21.2552176-03:00 [DBG] Loaded hosting startup assembly "Microsoft.WebTools.BrowserLink.Net"
2024-03-08T17:15:21.2584482-03:00 [INF] Application started. Press Ctrl+C to shut down.
2024-03-08T17:15:21.2608090-03:00 [INF] Hosting environment: "Development"
2024-03-08T17:15:21.2640481-03:00 [INF] Content root path: "C:\Users\fadami.FDM-058\Desktop\PedagioPayPortalUsuarioBack\PedagioPayPortalUsuario\"
2024-03-08T17:15:21.2670598-03:00 [DBG] Hosting started
2024-03-08T17:15:21.4439372-03:00 [DBG] Connection id ""0HN1VLHTJSQ8H"" accepted.
2024-03-08T17:15:21.4486479-03:00 [DBG] Connection id ""0HN1VLHTJSQ8H"" started.
2024-03-08T17:15:21.6850154-03:00 [DBG] Connection id ""0HN1VLHTJSQ8I"" accepted.
2024-03-08T17:15:21.6886443-03:00 [DBG] Connection id ""0HN1VLHTJSQ8I"" started.
2024-03-08T17:15:22.4736080-03:00 [DBG] Connection id ""0HN1VLHTJSQ8J"" accepted.
2024-03-08T17:15:22.4833698-03:00 [DBG] Connection id ""0HN1VLHTJSQ8J"" started.
2024-03-08T17:15:22.5967140-03:00 [DBG] Connection id ""0HN1VLHTJSQ8K"" accepted.
2024-03-08T17:15:22.7426992-03:00 [DBG] Connection id ""0HN1VLHTJSQ8K"" started.
2024-03-08T17:15:22.8086990-03:00 [INF] Request starting HTTP/1.1 GET http://localhost:3001/swagger - -
2024-03-08T17:15:23.1611217-03:00 [DBG] Wildcard detected, all requests with hosts will be allowed.
2024-03-08T17:15:23.2190767-03:00 [DBG] Connection id ""0HN1VLHTJSQ8J"" completed keep alive response.
2024-03-08T17:15:23.2275587-03:00 [INF] Request finished HTTP/1.1 GET http://localhost:3001/swagger - - - 301 0 - 429.1097ms
2024-03-08T17:15:23.2391556-03:00 [INF] Request starting HTTP/1.1 GET http://localhost:3001/swagger/index.html - -
2024-03-08T17:15:23.6191225-03:00 [DBG] Response markup is scheduled to include browser refresh script injection.
2024-03-08T17:15:23.6502572-03:00 [DBG] Response markup was updated to include browser refresh script injection.
2024-03-08T17:15:23.6581281-03:00 [DBG] Connection id ""0HN1VLHTJSQ8L"" accepted.
2024-03-08T17:15:23.6603732-03:00 [DBG] Connection id ""0HN1VLHTJSQ8J"" completed keep alive response.
2024-03-08T17:15:23.6583931-03:00 [INF] Request starting HTTP/1.1 GET http://localhost:3001/swagger/swagger-ui.css - -
2024-03-08T17:15:23.6701994-03:00 [DBG] Connection id ""0HN1VLHTJSQ8L"" started.
2024-03-08T17:15:23.6705099-03:00 [DBG] Connection id ""0HN1VLHTJSQ8M"" accepted.
2024-03-08T17:15:23.6885034-03:00 [DBG] Connection id ""0HN1VLHTJSQ8M"" started.
2024-03-08T17:15:23.6821016-03:00 [INF] Request starting HTTP/1.1 GET http://localhost:3001/swagger/swagger-ui-bundle.js - -
2024-03-08T17:15:23.6873963-03:00 [DBG] Connection id ""0HN1VLHTJSQ8N"" accepted.
2024-03-08T17:15:23.6759904-03:00 [INF] Request finished HTTP/1.1 GET http://localhost:3001/swagger/index.html - - - 200 - text/html;charset=utf-8 436.8114ms
2024-03-08T17:15:23.7058645-03:00 [INF] Request starting HTTP/1.1 GET http://localhost:3001/swagger/swagger-ui-standalone-preset.js - -
2024-03-08T17:15:23.7262783-03:00 [DBG] Connection id ""0HN1VLHTJSQ8O"" accepted.
2024-03-08T17:15:23.7149958-03:00 [DBG] Connection id ""0HN1VLHTJSQ8N"" started.
2024-03-08T17:15:23.7412229-03:00 [DBG] Connection id ""0HN1VLHTJSQ8O"" started.
2024-03-08T17:15:23.7562600-03:00 [INF] Request starting HTTP/1.1 GET http://localhost:3001/_vs/browserLink - -
2024-03-08T17:15:23.7422875-03:00 [INF] Request starting HTTP/1.1 GET http://localhost:3001/_framework/aspnetcore-browser-refresh.js - -
2024-03-08T17:15:23.8093351-03:00 [INF] Sending file. Request path: '"/swagger-ui.css"'. Physical path: '"N/A"'
2024-03-08T17:15:23.8090828-03:00 [INF] Sending file. Request path: '"/swagger-ui-standalone-preset.js"'. Physical path: '"N/A"'
2024-03-08T17:15:23.9030571-03:00 [DBG] Connection id ""0HN1VLHTJSQ8K"" completed keep alive response.
2024-03-08T17:15:23.9083169-03:00 [DBG] Connection id ""0HN1VLHTJSQ8M"" completed keep alive response.
2024-03-08T17:15:23.8972641-03:00 [INF] Sending file. Request path: '"/swagger-ui-bundle.js"'. Physical path: '"N/A"'
2024-03-08T17:15:23.9368387-03:00 [DBG] Connection id ""0HN1VLHTJSQ8L"" completed keep alive response.
2024-03-08T17:15:23.9188661-03:00 [INF] Request finished HTTP/1.1 GET http://localhost:3001/swagger/swagger-ui.css - - - 200 144929 text/css 260.1136ms
2024-03-08T17:15:23.9234704-03:00 [INF] Request finished HTTP/1.1 GET http://localhost:3001/swagger/swagger-ui-standalone-preset.js - - - 200 312163 application/javascript 217.5611ms
2024-03-08T17:15:23.8296853-03:00 [DBG] Connection id ""0HN1VLHTJSQ8N"" completed keep alive response.
2024-03-08T17:15:23.9441455-03:00 [INF] Request finished HTTP/1.1 GET http://localhost:3001/swagger/swagger-ui-bundle.js - - - 200 1061536 application/javascript 261.9835ms
2024-03-08T17:15:23.9552905-03:00 [INF] Request finished HTTP/1.1 GET http://localhost:3001/_framework/aspnetcore-browser-refresh.js - - - 200 13782 application/javascript;+charset=utf-8 212.9394ms
2024-03-08T17:15:24.1297594-03:00 [DBG] Connection id ""0HN1VLHTJSQ8O"" completed keep alive response.
2024-03-08T17:15:24.1601805-03:00 [INF] Request finished HTTP/1.1 GET http://localhost:3001/_vs/browserLink - - - 200 - text/javascript;+charset=UTF-8 403.9008ms
2024-03-08T17:15:25.7427830-03:00 [INF] Request starting HTTP/1.1 GET http://localhost:3001/swagger/v1/swagger.json - -
2024-03-08T17:15:26.0479738-03:00 [INF] Request starting HTTP/1.1 GET http://localhost:3001/swagger/favicon-32x32.png - -
2024-03-08T17:15:26.0581614-03:00 [INF] Sending file. Request path: '"/favicon-32x32.png"'. Physical path: '"N/A"'
2024-03-08T17:15:26.0713048-03:00 [DBG] Connection id ""0HN1VLHTJSQ8L"" completed keep alive response.
2024-03-08T17:15:26.0768073-03:00 [INF] Request finished HTTP/1.1 GET http://localhost:3001/swagger/favicon-32x32.png - - - 200 628 image/png 28.8035ms
2024-03-08T17:15:26.1262012-03:00 [DBG] Connection id ""0HN1VLHTJSQ8O"" completed keep alive response.
2024-03-08T17:15:26.2295538-03:00 [INF] Request finished HTTP/1.1 GET http://localhost:3001/swagger/v1/swagger.json - - - 200 - application/json;charset=utf-8 486.7607ms
2024-03-08T17:15:28.6890211-03:00 [DBG] Connection id ""0HN1VLHTJSQ8K"" received FIN.
2024-03-08T17:15:28.6922293-03:00 [DBG] Connection id ""0HN1VLHTJSQ8L"" received FIN.
2024-03-08T17:15:28.6890769-03:00 [DBG] Connection id ""0HN1VLHTJSQ8M"" received FIN.
2024-03-08T17:15:28.6889309-03:00 [DBG] Connection id ""0HN1VLHTJSQ8J"" received FIN.
2024-03-08T17:15:28.7186513-03:00 [DBG] Connection id ""0HN1VLHTJSQ8O"" received FIN.
2024-03-08T17:15:28.7265807-03:00 [DBG] Connection id ""0HN1VLHTJSQ8N"" received FIN.
2024-03-08T17:15:28.7296314-03:00 [DBG] Connection id ""0HN1VLHTJSQ8L"" disconnecting.
2024-03-08T17:15:28.7231034-03:00 [DBG] Connection id ""0HN1VLHTJSQ8K"" disconnecting.
2024-03-08T17:15:28.7369064-03:00 [DBG] Connection id ""0HN1VLHTJSQ8L"" sending FIN because: ""The Socket transport's send loop completed gracefully.""
2024-03-08T17:15:28.7390447-03:00 [DBG] Connection id ""0HN1VLHTJSQ8K"" sending FIN because: ""The Socket transport's send loop completed gracefully.""
2024-03-08T17:15:28.7453090-03:00 [DBG] Connection id ""0HN1VLHTJSQ8M"" disconnecting.
2024-03-08T17:15:28.7508084-03:00 [DBG] Connection id ""0HN1VLHTJSQ8M"" sending FIN because: ""The Socket transport's send loop completed gracefully.""
2024-03-08T17:15:28.7549307-03:00 [DBG] Connection id ""0HN1VLHTJSQ8J"" disconnecting.
2024-03-08T17:15:28.7608968-03:00 [DBG] Connection id ""0HN1VLHTJSQ8M"" stopped.
2024-03-08T17:15:28.7608992-03:00 [DBG] Connection id ""0HN1VLHTJSQ8L"" stopped.
2024-03-08T17:15:28.7608968-03:00 [DBG] Connection id ""0HN1VLHTJSQ8K"" stopped.
2024-03-08T17:15:28.7676929-03:00 [DBG] Connection id ""0HN1VLHTJSQ8O"" sending FIN because: ""The Socket transport's send loop completed gracefully.""
2024-03-08T17:15:28.7702873-03:00 [DBG] Connection id ""0HN1VLHTJSQ8N"" disconnecting.
2024-03-08T17:15:28.7746262-03:00 [DBG] Connection id ""0HN1VLHTJSQ8O"" disconnecting.
2024-03-08T17:15:28.7775682-03:00 [DBG] Connection id ""0HN1VLHTJSQ8N"" stopped.
2024-03-08T17:15:28.7805282-03:00 [DBG] Connection id ""0HN1VLHTJSQ8O"" stopped.
2024-03-08T17:15:28.7843310-03:00 [DBG] Connection id ""0HN1VLHTJSQ8N"" sending FIN because: ""The Socket transport's send loop completed gracefully.""
2024-03-08T17:15:28.7609335-03:00 [DBG] Connection id ""0HN1VLHTJSQ8J"" stopped.
2024-03-08T17:15:28.7943968-03:00 [DBG] Connection id ""0HN1VLHTJSQ8J"" sending FIN because: ""The Socket transport's send loop completed gracefully.""
2024-03-08T17:16:15.8852333-03:00 [DBG] Connection id ""0HN1VLHTJSQ8P"" accepted.
2024-03-08T17:16:15.8888055-03:00 [DBG] Connection id ""0HN1VLHTJSQ8P"" started.
2024-03-08T17:16:15.8926216-03:00 [INF] Request starting HTTP/1.1 GET http://localhost:3001/Placa/BuscarPlacas - -
2024-03-08T17:16:15.8976918-03:00 [DBG] The request path "" does not match the path filter
2024-03-08T17:16:15.9049257-03:00 [WRN] Failed to determine the https port for redirect.
2024-03-08T17:16:15.9601535-03:00 [DBG] 1 candidate(s) found for the request path '"/Placa/BuscarPlacas"'
2024-03-08T17:16:15.9729857-03:00 [DBG] Endpoint '"PedagioPayPortalUsuario.Controllers.PlacaController.BuscarPlacas (PedagioPayPortalUsuario)"' with route pattern '"Placa/BuscarPlacas"' is valid for the request path '"/Placa/BuscarPlacas"'
2024-03-08T17:16:15.9793778-03:00 [DBG] Request matched endpoint '"PedagioPayPortalUsuario.Controllers.PlacaController.BuscarPlacas (PedagioPayPortalUsuario)"'
2024-03-08T17:16:15.9855282-03:00 [INF] Executing endpoint '"PedagioPayPortalUsuario.Controllers.PlacaController.BuscarPlacas (PedagioPayPortalUsuario)"'
2024-03-08T17:16:16.0336438-03:00 [INF] Route matched with "{action = \"BuscarPlacas\", controller = \"Placa\"}". Executing controller action with signature "Microsoft.AspNetCore.Mvc.ActionResult BuscarPlacas(System.String)" on controller "PedagioPayPortalUsuario.Controllers.PlacaController" ("PedagioPayPortalUsuario").
2024-03-08T17:16:16.0399201-03:00 [DBG] Execution plan of "authorization" filters (in the following order): ["None"]
2024-03-08T17:16:16.0445795-03:00 [DBG] Execution plan of "resource" filters (in the following order): ["None"]
2024-03-08T17:16:16.0496029-03:00 [DBG] Execution plan of "action" filters (in the following order): ["Microsoft.AspNetCore.Mvc.ModelBinding.UnsupportedContentTypeFilter (Order: -3000)", "Microsoft.AspNetCore.Mvc.Infrastructure.ModelStateInvalidFilter (Order: -2000)"]
2024-03-08T17:16:16.0551473-03:00 [DBG] Execution plan of "exception" filters (in the following order): ["None"]
2024-03-08T17:16:16.0589660-03:00 [DBG] Execution plan of "result" filters (in the following order): ["Microsoft.AspNetCore.Mvc.Infrastructure.ClientErrorResultFilter (Order: -2000)"]
2024-03-08T17:16:16.0686289-03:00 [DBG] Executing controller factory for controller "PedagioPayPortalUsuario.Controllers.PlacaController" ("PedagioPayPortalUsuario")
2024-03-08T17:16:23.3378668-03:00 [DBG] An 'IServiceProvider' was created for internal use by Entity Framework.
2024-03-08T17:16:23.5728399-03:00 [DBG] Executed controller factory for controller "PedagioPayPortalUsuario.Controllers.PlacaController" ("PedagioPayPortalUsuario")
2024-03-08T17:16:23.5876754-03:00 [DBG] Attempting to bind parameter '"token"' of type '"System.String"' ...
2024-03-08T17:16:23.5953369-03:00 [DBG] Attempting to bind parameter '"token"' of type '"System.String"' using the name '""' in request data ...
2024-03-08T17:16:23.6022021-03:00 [DBG] Attempting to bind parameter '"token"' of type '"System.String"' using the name '""' in request data ...
2024-03-08T17:16:23.6074190-03:00 [DBG] Done attempting to bind parameter '"token"' of type '"System.String"'.
2024-03-08T17:16:23.6134405-03:00 [DBG] Done attempting to bind parameter '"token"' of type '"System.String"'.
2024-03-08T17:16:23.6170137-03:00 [DBG] Done attempting to bind parameter '"token"' of type '"System.String"'.
2024-03-08T17:16:23.6212381-03:00 [DBG] Attempting to validate the bound parameter '"token"' of type '"System.String"' ...
2024-03-08T17:16:23.6398176-03:00 [DBG] Done attempting to validate the bound parameter '"token"' of type '"System.String"'.
2024-03-08T17:16:30.1399521-03:00 [WRN] The property '"ID_CONCESSAO"' on entity type '"CONCESSAO"' is of type 'byte', but is set up to use a SQL Server identity column; this requires that values starting at 255 and counting down will be used for temporary key values. A temporary key value is needed for every entity inserted in a single call to 'SaveChanges'. Care must be taken that these values do not collide with real key values.
2024-03-08T17:16:30.5555163-03:00 [DBG] Entity Framework Core "7.0.0" initialized '"PEDAGIOPAYContext"' using provider '"Microsoft.EntityFrameworkCore.SqlServer":"7.0.0"' with options: "None"
2024-03-08T17:16:30.8374584-03:00 [DBG] Compiling query expression: "
"'"DbSet<USUARIO>()
    .Where(x => x.TOKEN == __usuarioPlaca_0)
    .Select(e => e.EMAIL)
    .FirstOrDefault()"'
2024-03-08T17:16:31.5573182-03:00 [DBG] Generated query execution expression: "
"'"queryContext => new SingleQueryingEnumerable<string>(
    (RelationalQueryContext)queryContext, 
    RelationalCommandCache.QueryExpression(
        Projection Mapping:
            EmptyProjectionMember -> 0
        SELECT TOP(1) u.EMAIL
        FROM USUARIO AS u
        WHERE u.TOKEN == @__usuarioPlaca_0), 
    null, 
    Func<QueryContext, DbDataReader, ResultContext, SingleQueryResultCoordinator, string>, 
    PedagioPayPortalUsuario.Models.PEDAGIOPAYContext, 
    False, 
    False, 
    True
)
    .SingleOrDefault()"'
2024-03-08T17:16:31.6502966-03:00 [DBG] Creating DbCommand for '"ExecuteReader"'.
2024-03-08T17:16:31.6627040-03:00 [DBG] Creating DbConnection.
2024-03-08T17:16:31.8038117-03:00 [DBG] Created DbConnection. (138ms).
2024-03-08T17:16:31.8165389-03:00 [DBG] Created DbCommand for '"ExecuteReader"' (166ms).
2024-03-08T17:16:31.8601444-03:00 [DBG] Initialized DbCommand for '"ExecuteReader"' (214ms).
2024-03-08T17:16:31.9121901-03:00 [DBG] Opening connection to database '"PEDAGIOPAY"' on server '"192.168.140.157"'.
2024-03-08T17:16:34.4044499-03:00 [DBG] Opened connection to database '"PEDAGIOPAY"' on server '"192.168.140.157"'.
2024-03-08T17:16:34.4284040-03:00 [DBG] Executing DbCommand [Parameters=["@__usuarioPlaca_0='?' (Size = 500) (DbType = AnsiString)"], CommandType='Text', CommandTimeout='30']"
""SELECT TOP(1) [u].[EMAIL]
FROM [USUARIO] AS [u]
WHERE [u].[TOKEN] = @__usuarioPlaca_0"
2024-03-08T17:16:34.7979806-03:00 [INF] Executed DbCommand ("376"ms) [Parameters=["@__usuarioPlaca_0='?' (Size = 500) (DbType = AnsiString)"], CommandType='Text', CommandTimeout='30']"
""SELECT TOP(1) [u].[EMAIL]
FROM [USUARIO] AS [u]
WHERE [u].[TOKEN] = @__usuarioPlaca_0"
2024-03-08T17:16:34.8234476-03:00 [DBG] Closing data reader to '"PEDAGIOPAY"' on server '"192.168.140.157"'.
2024-03-08T17:16:34.8430558-03:00 [DBG] A data reader for '"PEDAGIOPAY"' on server '"192.168.140.157"' is being disposed after spending 29ms reading results.
2024-03-08T17:16:34.8550710-03:00 [DBG] Closing connection to database '"PEDAGIOPAY"' on server '"192.168.140.157"'.
2024-03-08T17:16:34.8752281-03:00 [DBG] Closed connection to database '"PEDAGIOPAY"' on server '"192.168.140.157"' (20ms).
2024-03-08T17:19:17.1547849-03:00 [DBG] Compiling query expression: "
"'"DbSet<PLACAS>()
    .Where(x => x.USUARIO_EMAIL == __consultaUsuario_0)
    .Select(p => new PlacaDto{ 
        Id = (int?)p.ID_USUARIO_PLACA, 
        Placa = p.PLACA, 
        Ano = p.ANO, 
        Cor = p.COR, 
        Marca = p.MARCA, 
        Modelo = p.MODELO 
    }
    )"'
2024-03-08T17:19:17.1796265-03:00 [DBG] Generated query execution expression: "
"'"queryContext => new SingleQueryingEnumerable<PlacaDto>(
    (RelationalQueryContext)queryContext, 
    RelationalCommandCache.QueryExpression(
        Projection Mapping:
            Id -> 0
            Placa -> 1
            Ano -> 2
            Cor -> 3
            Marca -> 4
            Modelo -> 5
        SELECT u.ID_USUARIO_PLACA AS Id, u.PLACA AS Placa, u.ANO AS Ano, u.COR AS Cor, u.MARCA AS Marca, u.MODELO AS Modelo
        FROM USUARIO_PLACA AS u
        WHERE u.USUARIO_EMAIL == @__consultaUsuario_0), 
    null, 
    Func<QueryContext, DbDataReader, ResultContext, SingleQueryResultCoordinator, PlacaDto>, 
    PedagioPayPortalUsuario.Models.PEDAGIOPAYContext, 
    False, 
    False, 
    True
)"'
2024-03-08T17:19:17.1887342-03:00 [DBG] Creating DbCommand for '"ExecuteReader"'.
2024-03-08T17:19:17.1921317-03:00 [DBG] Created DbCommand for '"ExecuteReader"' (3ms).
2024-03-08T17:19:17.1955806-03:00 [DBG] Initialized DbCommand for '"ExecuteReader"' (6ms).
2024-03-08T17:19:17.1990356-03:00 [DBG] Opening connection to database '"PEDAGIOPAY"' on server '"192.168.140.157"'.
2024-03-08T17:19:17.2051502-03:00 [DBG] Opened connection to database '"PEDAGIOPAY"' on server '"192.168.140.157"'.
2024-03-08T17:19:17.2088070-03:00 [DBG] Executing DbCommand [Parameters=[""], CommandType='Text', CommandTimeout='30']"
""SELECT [u].[ID_USUARIO_PLACA] AS [Id], [u].[PLACA] AS [Placa], [u].[ANO] AS [Ano], [u].[COR] AS [Cor], [u].[MARCA] AS [Marca], [u].[MODELO] AS [Modelo]
FROM [USUARIO_PLACA] AS [u]
WHERE 0 = 1"
2024-03-08T17:19:17.5378437-03:00 [INF] Executed DbCommand ("329"ms) [Parameters=[""], CommandType='Text', CommandTimeout='30']"
""SELECT [u].[ID_USUARIO_PLACA] AS [Id], [u].[PLACA] AS [Placa], [u].[ANO] AS [Ano], [u].[COR] AS [Cor], [u].[MARCA] AS [Marca], [u].[MODELO] AS [Modelo]
FROM [USUARIO_PLACA] AS [u]
WHERE 0 = 1"
2024-03-08T17:19:17.5564994-03:00 [DBG] Closing data reader to '"PEDAGIOPAY"' on server '"192.168.140.157"'.
2024-03-08T17:19:17.5674740-03:00 [DBG] A data reader for '"PEDAGIOPAY"' on server '"192.168.140.157"' is being disposed after spending 11ms reading results.
2024-03-08T17:19:17.5759065-03:00 [DBG] Closing connection to database '"PEDAGIOPAY"' on server '"192.168.140.157"'.
2024-03-08T17:19:17.5804571-03:00 [DBG] Closed connection to database '"PEDAGIOPAY"' on server '"192.168.140.157"' (4ms).
2024-03-08T21:51:46.4370138-03:00 [DBG] Registered model binder providers, in the following order: ["Microsoft.AspNetCore.Mvc.ModelBinding.Binders.BinderTypeModelBinderProvider", "Microsoft.AspNetCore.Mvc.ModelBinding.Binders.ServicesModelBinderProvider", "Microsoft.AspNetCore.Mvc.ModelBinding.Binders.BodyModelBinderProvider", "Microsoft.AspNetCore.Mvc.ModelBinding.Binders.HeaderModelBinderProvider", "Microsoft.AspNetCore.Mvc.ModelBinding.Binders.FloatingPointTypeModelBinderProvider", "Microsoft.AspNetCore.Mvc.ModelBinding.Binders.EnumTypeModelBinderProvider", "Microsoft.AspNetCore.Mvc.ModelBinding.Binders.DateTimeModelBinderProvider", "Microsoft.AspNetCore.Mvc.ModelBinding.Binders.SimpleTypeModelBinderProvider", "Microsoft.AspNetCore.Mvc.ModelBinding.Binders.CancellationTokenModelBinderProvider", "Microsoft.AspNetCore.Mvc.ModelBinding.Binders.ByteArrayModelBinderProvider", "Microsoft.AspNetCore.Mvc.ModelBinding.Binders.FormFileModelBinderProvider", "Microsoft.AspNetCore.Mvc.ModelBinding.Binders.FormCollectionModelBinderProvider", "Microsoft.AspNetCore.Mvc.ModelBinding.Binders.KeyValuePairModelBinderProvider", "Microsoft.AspNetCore.Mvc.ModelBinding.Binders.DictionaryModelBinderProvider", "Microsoft.AspNetCore.Mvc.ModelBinding.Binders.ArrayModelBinderProvider", "Microsoft.AspNetCore.Mvc.ModelBinding.Binders.CollectionModelBinderProvider", "Microsoft.AspNetCore.Mvc.ModelBinding.Binders.ComplexObjectModelBinderProvider"]
2024-03-08T21:51:46.5768613-03:00 [DBG] Hosting starting
2024-03-08T21:51:46.9974408-03:00 [INF] User profile is available. Using '"C:\Users\fadami.FDM-058\AppData\Local\ASP.NET\DataProtection-Keys"' as key repository and Windows DPAPI to encrypt keys at rest.
2024-03-08T21:51:47.0135933-03:00 [DBG] Reading data from file '"C:\Users\fadami.FDM-058\AppData\Local\ASP.NET\DataProtection-Keys\key-ae5c53c0-d26a-4a4a-a697-3522b7f9cd35.xml"'.
2024-03-08T21:51:47.0613719-03:00 [DBG] Found key {ae5c53c0-d26a-4a4a-a697-3522b7f9cd35}.
2024-03-08T21:51:47.0865871-03:00 [DBG] Considering key {ae5c53c0-d26a-4a4a-a697-3522b7f9cd35} with expiration date 2024-03-19 16:36:08Z as default key.
2024-03-08T21:51:47.0949444-03:00 [DBG] Forwarded activator type request from "Microsoft.AspNetCore.DataProtection.XmlEncryption.DpapiXmlDecryptor, Microsoft.AspNetCore.DataProtection, Version=6.0.0.0, Culture=neutral, PublicKeyToken=adb9793829ddae60" to "Microsoft.AspNetCore.DataProtection.XmlEncryption.DpapiXmlDecryptor, Microsoft.AspNetCore.DataProtection, Culture=neutral, PublicKeyToken=adb9793829ddae60"
2024-03-08T21:51:47.1043330-03:00 [DBG] Decrypting secret element using Windows DPAPI.
2024-03-08T21:51:47.1089133-03:00 [DBG] Forwarded activator type request from "Microsoft.AspNetCore.DataProtection.AuthenticatedEncryption.ConfigurationModel.AuthenticatedEncryptorDescriptorDeserializer, Microsoft.AspNetCore.DataProtection, Version=6.0.0.0, Culture=neutral, PublicKeyToken=adb9793829ddae60" to "Microsoft.AspNetCore.DataProtection.AuthenticatedEncryption.ConfigurationModel.AuthenticatedEncryptorDescriptorDeserializer, Microsoft.AspNetCore.DataProtection, Culture=neutral, PublicKeyToken=adb9793829ddae60"
2024-03-08T21:51:47.1201886-03:00 [DBG] Opening CNG algorithm '"AES"' from provider 'null' with chaining mode CBC.
2024-03-08T21:51:47.1274651-03:00 [DBG] Opening CNG algorithm '"SHA256"' from provider 'null' with HMAC.
2024-03-08T21:51:47.1376069-03:00 [DBG] Using key {ae5c53c0-d26a-4a4a-a697-3522b7f9cd35} as the default key.
2024-03-08T21:51:47.1429537-03:00 [DBG] Key ring with default key {ae5c53c0-d26a-4a4a-a697-3522b7f9cd35} was loaded during application startup.
2024-03-08T21:51:47.6206738-03:00 [INF] Now listening on: "http://localhost:3001"
2024-03-08T21:51:47.6232888-03:00 [DBG] Loaded hosting startup assembly "PedagioPayPortalUsuario"
2024-03-08T21:51:47.6261798-03:00 [DBG] Loaded hosting startup assembly "Microsoft.AspNetCore.Watch.BrowserRefresh"
2024-03-08T21:51:47.6292465-03:00 [DBG] Loaded hosting startup assembly "Microsoft.WebTools.BrowserLink.Net"
2024-03-08T21:51:47.6323120-03:00 [INF] Application started. Press Ctrl+C to shut down.
2024-03-08T21:51:47.6343235-03:00 [INF] Hosting environment: "Development"
2024-03-08T21:51:47.6365205-03:00 [INF] Content root path: "C:\Users\fadami.FDM-058\Desktop\PedagioPayPortalUsuarioBack\PedagioPayPortalUsuario\"
2024-03-08T21:51:47.6390451-03:00 [DBG] Hosting started
2024-03-08T21:51:47.7658159-03:00 [DBG] Connection id ""0HN1VQCCNCVKO"" accepted.
2024-03-08T21:51:47.7708971-03:00 [DBG] Connection id ""0HN1VQCCNCVKO"" started.
2024-03-08T21:51:48.0610825-03:00 [DBG] Connection id ""0HN1VQCCNCVKP"" accepted.
2024-03-08T21:51:48.0660304-03:00 [DBG] Connection id ""0HN1VQCCNCVKP"" started.
2024-03-08T21:51:48.9056713-03:00 [DBG] Connection id ""0HN1VQCCNCVKQ"" accepted.
2024-03-08T21:51:48.9090701-03:00 [DBG] Connection id ""0HN1VQCCNCVKQ"" started.
2024-03-08T21:51:49.0024909-03:00 [DBG] Connection id ""0HN1VQCCNCVKR"" accepted.
2024-03-08T21:51:49.2313512-03:00 [INF] Request starting HTTP/1.1 GET http://localhost:3001/swagger/index.html - -
2024-03-08T21:51:49.0751931-03:00 [DBG] Connection id ""0HN1VQCCNCVKR"" started.
2024-03-08T21:51:49.6245658-03:00 [DBG] Wildcard detected, all requests with hosts will be allowed.
2024-03-08T21:51:50.1060659-03:00 [DBG] Response markup is scheduled to include browser refresh script injection.
2024-03-08T21:51:50.1554480-03:00 [DBG] Response markup was updated to include browser refresh script injection.
2024-03-08T21:51:50.1863575-03:00 [DBG] Connection id ""0HN1VQCCNCVKQ"" completed keep alive response.
2024-03-08T21:51:50.2024882-03:00 [INF] Request finished HTTP/1.1 GET http://localhost:3001/swagger/index.html - - - 200 - text/html;charset=utf-8 977.9442ms
2024-03-08T21:51:50.3001607-03:00 [DBG] Connection id ""0HN1VQCCNCVKS"" accepted.
2024-03-08T21:51:50.3047834-03:00 [INF] Request starting HTTP/1.1 GET http://localhost:3001/_framework/aspnetcore-browser-refresh.js - -
2024-03-08T21:51:50.3209641-03:00 [DBG] Connection id ""0HN1VQCCNCVKS"" started.
2024-03-08T21:51:50.3283182-03:00 [DBG] Connection id ""0HN1VQCCNCVKR"" completed keep alive response.
2024-03-08T21:51:50.3493025-03:00 [INF] Request starting HTTP/1.1 GET http://localhost:3001/_vs/browserLink - -
2024-03-08T21:51:50.3523209-03:00 [INF] Request finished HTTP/1.1 GET http://localhost:3001/_framework/aspnetcore-browser-refresh.js - - - 200 13782 application/javascript;+charset=utf-8 47.4312ms
2024-03-08T21:51:51.2395640-03:00 [DBG] Connection id ""0HN1VQCCNCVKS"" completed keep alive response.
2024-03-08T21:51:51.2507322-03:00 [INF] Request finished HTTP/1.1 GET http://localhost:3001/_vs/browserLink - - - 200 - text/javascript;+charset=UTF-8 901.4170ms
2024-03-08T21:51:51.3195537-03:00 [INF] Request starting HTTP/1.1 GET http://localhost:3001/swagger/v1/swagger.json - -
2024-03-08T21:51:51.7349223-03:00 [DBG] Connection id ""0HN1VQCCNCVKS"" completed keep alive response.
2024-03-08T21:51:51.7502547-03:00 [INF] Request finished HTTP/1.1 GET http://localhost:3001/swagger/v1/swagger.json - - - 200 - application/json;charset=utf-8 430.6908ms
2024-03-08T22:42:21.1481292-03:00 [DBG] Registered model binder providers, in the following order: ["Microsoft.AspNetCore.Mvc.ModelBinding.Binders.BinderTypeModelBinderProvider", "Microsoft.AspNetCore.Mvc.ModelBinding.Binders.ServicesModelBinderProvider", "Microsoft.AspNetCore.Mvc.ModelBinding.Binders.BodyModelBinderProvider", "Microsoft.AspNetCore.Mvc.ModelBinding.Binders.HeaderModelBinderProvider", "Microsoft.AspNetCore.Mvc.ModelBinding.Binders.FloatingPointTypeModelBinderProvider", "Microsoft.AspNetCore.Mvc.ModelBinding.Binders.EnumTypeModelBinderProvider", "Microsoft.AspNetCore.Mvc.ModelBinding.Binders.DateTimeModelBinderProvider", "Microsoft.AspNetCore.Mvc.ModelBinding.Binders.SimpleTypeModelBinderProvider", "Microsoft.AspNetCore.Mvc.ModelBinding.Binders.CancellationTokenModelBinderProvider", "Microsoft.AspNetCore.Mvc.ModelBinding.Binders.ByteArrayModelBinderProvider", "Microsoft.AspNetCore.Mvc.ModelBinding.Binders.FormFileModelBinderProvider", "Microsoft.AspNetCore.Mvc.ModelBinding.Binders.FormCollectionModelBinderProvider", "Microsoft.AspNetCore.Mvc.ModelBinding.Binders.KeyValuePairModelBinderProvider", "Microsoft.AspNetCore.Mvc.ModelBinding.Binders.DictionaryModelBinderProvider", "Microsoft.AspNetCore.Mvc.ModelBinding.Binders.ArrayModelBinderProvider", "Microsoft.AspNetCore.Mvc.ModelBinding.Binders.CollectionModelBinderProvider", "Microsoft.AspNetCore.Mvc.ModelBinding.Binders.ComplexObjectModelBinderProvider"]
2024-03-08T22:42:21.2492689-03:00 [DBG] Hosting starting
2024-03-08T22:42:21.5299994-03:00 [INF] User profile is available. Using '"C:\Users\fadami.FDM-058\AppData\Local\ASP.NET\DataProtection-Keys"' as key repository and Windows DPAPI to encrypt keys at rest.
2024-03-08T22:42:21.5421274-03:00 [DBG] Reading data from file '"C:\Users\fadami.FDM-058\AppData\Local\ASP.NET\DataProtection-Keys\key-ae5c53c0-d26a-4a4a-a697-3522b7f9cd35.xml"'.
2024-03-08T22:42:21.5920697-03:00 [DBG] Found key {ae5c53c0-d26a-4a4a-a697-3522b7f9cd35}.
2024-03-08T22:42:21.6157660-03:00 [DBG] Considering key {ae5c53c0-d26a-4a4a-a697-3522b7f9cd35} with expiration date 2024-03-19 16:36:08Z as default key.
2024-03-08T22:42:21.6227329-03:00 [DBG] Forwarded activator type request from "Microsoft.AspNetCore.DataProtection.XmlEncryption.DpapiXmlDecryptor, Microsoft.AspNetCore.DataProtection, Version=6.0.0.0, Culture=neutral, PublicKeyToken=adb9793829ddae60" to "Microsoft.AspNetCore.DataProtection.XmlEncryption.DpapiXmlDecryptor, Microsoft.AspNetCore.DataProtection, Culture=neutral, PublicKeyToken=adb9793829ddae60"
2024-03-08T22:42:21.6313842-03:00 [DBG] Decrypting secret element using Windows DPAPI.
2024-03-08T22:42:21.6370697-03:00 [DBG] Forwarded activator type request from "Microsoft.AspNetCore.DataProtection.AuthenticatedEncryption.ConfigurationModel.AuthenticatedEncryptorDescriptorDeserializer, Microsoft.AspNetCore.DataProtection, Version=6.0.0.0, Culture=neutral, PublicKeyToken=adb9793829ddae60" to "Microsoft.AspNetCore.DataProtection.AuthenticatedEncryption.ConfigurationModel.AuthenticatedEncryptorDescriptorDeserializer, Microsoft.AspNetCore.DataProtection, Culture=neutral, PublicKeyToken=adb9793829ddae60"
2024-03-08T22:42:21.6486116-03:00 [DBG] Opening CNG algorithm '"AES"' from provider 'null' with chaining mode CBC.
2024-03-08T22:42:21.6570020-03:00 [DBG] Opening CNG algorithm '"SHA256"' from provider 'null' with HMAC.
2024-03-08T22:42:21.6652522-03:00 [DBG] Using key {ae5c53c0-d26a-4a4a-a697-3522b7f9cd35} as the default key.
2024-03-08T22:42:21.6698240-03:00 [DBG] Key ring with default key {ae5c53c0-d26a-4a4a-a697-3522b7f9cd35} was loaded during application startup.
2024-03-08T22:42:22.0842213-03:00 [INF] Now listening on: "http://localhost:3001"
2024-03-08T22:42:22.0875905-03:00 [DBG] Loaded hosting startup assembly "PedagioPayPortalUsuario"
2024-03-08T22:42:22.0897135-03:00 [DBG] Loaded hosting startup assembly "Microsoft.AspNetCore.Watch.BrowserRefresh"
2024-03-08T22:42:22.0918205-03:00 [DBG] Loaded hosting startup assembly "Microsoft.WebTools.BrowserLink.Net"
2024-03-08T22:42:22.0946217-03:00 [INF] Application started. Press Ctrl+C to shut down.
2024-03-08T22:42:22.0966188-03:00 [INF] Hosting environment: "Development"
2024-03-08T22:42:22.0987709-03:00 [INF] Content root path: "C:\Users\fadami.FDM-058\Desktop\PedagioPayPortalUsuarioBack\PedagioPayPortalUsuario\"
2024-03-08T22:42:22.1011345-03:00 [DBG] Hosting started
2024-03-08T22:42:22.2159781-03:00 [DBG] Connection id ""0HN1VR8L25NSK"" accepted.
2024-03-08T22:42:22.2219837-03:00 [DBG] Connection id ""0HN1VR8L25NSK"" started.
2024-03-08T22:42:22.2316691-03:00 [DBG] Connection id ""0HN1VR8L25NSK"" received FIN.
2024-03-08T22:42:22.2450510-03:00 [DBG] Connection id ""0HN1VR8L25NSK"" sending FIN because: ""The Socket transport's send loop completed gracefully.""
2024-03-08T22:42:22.2563432-03:00 [DBG] Connection id ""0HN1VR8L25NSK"" disconnecting.
2024-03-08T22:42:22.2641522-03:00 [DBG] Connection id ""0HN1VR8L25NSK"" stopped.
2024-03-08T22:42:22.3782047-03:00 [DBG] Connection id ""0HN1VR8L25NSL"" accepted.
2024-03-08T22:42:22.4891537-03:00 [DBG] Connection id ""0HN1VR8L25NSM"" accepted.
2024-03-08T22:42:22.3822986-03:00 [DBG] Connection id ""0HN1VR8L25NSL"" started.
2024-03-08T22:42:22.5559352-03:00 [DBG] Connection id ""0HN1VR8L25NSM"" started.
2024-03-08T22:42:22.6109062-03:00 [INF] Request starting HTTP/1.1 GET http://localhost:3001/swagger/index.html - -
2024-03-08T22:42:22.8676395-03:00 [DBG] Wildcard detected, all requests with hosts will be allowed.
2024-03-08T22:42:23.1419359-03:00 [DBG] Response markup is scheduled to include browser refresh script injection.
2024-03-08T22:42:23.1877843-03:00 [INF] Request starting HTTP/1.1 GET http://localhost:3001/_framework/aspnetcore-browser-refresh.js - -
2024-03-08T22:42:23.1907811-03:00 [DBG] Connection id ""0HN1VR8L25NSN"" accepted.
2024-03-08T22:42:23.1765829-03:00 [DBG] Response markup was updated to include browser refresh script injection.
2024-03-08T22:42:23.2235921-03:00 [DBG] Connection id ""0HN1VR8L25NSM"" completed keep alive response.
2024-03-08T22:42:23.2236397-03:00 [DBG] Connection id ""0HN1VR8L25NSL"" completed keep alive response.
2024-03-08T22:42:23.2225978-03:00 [DBG] Connection id ""0HN1VR8L25NSN"" started.
2024-03-08T22:42:23.2276464-03:00 [INF] Request finished HTTP/1.1 GET http://localhost:3001/_framework/aspnetcore-browser-refresh.js - - - 200 13782 application/javascript;+charset=utf-8 39.3181ms
2024-03-08T22:42:23.2372386-03:00 [INF] Request finished HTTP/1.1 GET http://localhost:3001/swagger/index.html - - - 200 - text/html;charset=utf-8 632.3069ms
2024-03-08T22:42:23.2358767-03:00 [INF] Request starting HTTP/1.1 GET http://localhost:3001/_vs/browserLink - -
2024-03-08T22:42:23.4088826-03:00 [DBG] Connection id ""0HN1VR8L25NSN"" completed keep alive response.
2024-03-08T22:42:23.4256803-03:00 [INF] Request finished HTTP/1.1 GET http://localhost:3001/_vs/browserLink - - - 200 - text/javascript;+charset=UTF-8 189.7458ms
2024-03-08T22:42:23.4956292-03:00 [INF] Request starting HTTP/1.1 GET http://localhost:3001/swagger/v1/swagger.json - -
2024-03-08T22:42:23.7076473-03:00 [DBG] Connection id ""0HN1VR8L25NSN"" completed keep alive response.
2024-03-08T22:42:23.7129994-03:00 [INF] Request finished HTTP/1.1 GET http://localhost:3001/swagger/v1/swagger.json - - - 200 - application/json;charset=utf-8 217.3329ms
2024-03-08T22:56:15.6845836-03:00 [DBG] Registered model binder providers, in the following order: ["Microsoft.AspNetCore.Mvc.ModelBinding.Binders.BinderTypeModelBinderProvider", "Microsoft.AspNetCore.Mvc.ModelBinding.Binders.ServicesModelBinderProvider", "Microsoft.AspNetCore.Mvc.ModelBinding.Binders.BodyModelBinderProvider", "Microsoft.AspNetCore.Mvc.ModelBinding.Binders.HeaderModelBinderProvider", "Microsoft.AspNetCore.Mvc.ModelBinding.Binders.FloatingPointTypeModelBinderProvider", "Microsoft.AspNetCore.Mvc.ModelBinding.Binders.EnumTypeModelBinderProvider", "Microsoft.AspNetCore.Mvc.ModelBinding.Binders.DateTimeModelBinderProvider", "Microsoft.AspNetCore.Mvc.ModelBinding.Binders.SimpleTypeModelBinderProvider", "Microsoft.AspNetCore.Mvc.ModelBinding.Binders.CancellationTokenModelBinderProvider", "Microsoft.AspNetCore.Mvc.ModelBinding.Binders.ByteArrayModelBinderProvider", "Microsoft.AspNetCore.Mvc.ModelBinding.Binders.FormFileModelBinderProvider", "Microsoft.AspNetCore.Mvc.ModelBinding.Binders.FormCollectionModelBinderProvider", "Microsoft.AspNetCore.Mvc.ModelBinding.Binders.KeyValuePairModelBinderProvider", "Microsoft.AspNetCore.Mvc.ModelBinding.Binders.DictionaryModelBinderProvider", "Microsoft.AspNetCore.Mvc.ModelBinding.Binders.ArrayModelBinderProvider", "Microsoft.AspNetCore.Mvc.ModelBinding.Binders.CollectionModelBinderProvider", "Microsoft.AspNetCore.Mvc.ModelBinding.Binders.ComplexObjectModelBinderProvider"]
2024-03-08T22:56:15.7714890-03:00 [DBG] Hosting starting
2024-03-08T22:56:15.8285456-03:00 [INF] User profile is available. Using '"C:\Users\fadami.FDM-058\AppData\Local\ASP.NET\DataProtection-Keys"' as key repository and Windows DPAPI to encrypt keys at rest.
2024-03-08T22:56:15.8374144-03:00 [DBG] Reading data from file '"C:\Users\fadami.FDM-058\AppData\Local\ASP.NET\DataProtection-Keys\key-ae5c53c0-d26a-4a4a-a697-3522b7f9cd35.xml"'.
2024-03-08T22:56:15.8567836-03:00 [DBG] Found key {ae5c53c0-d26a-4a4a-a697-3522b7f9cd35}.
2024-03-08T22:56:15.8717892-03:00 [DBG] Considering key {ae5c53c0-d26a-4a4a-a697-3522b7f9cd35} with expiration date 2024-03-19 16:36:08Z as default key.
2024-03-08T22:56:15.8805056-03:00 [DBG] Forwarded activator type request from "Microsoft.AspNetCore.DataProtection.XmlEncryption.DpapiXmlDecryptor, Microsoft.AspNetCore.DataProtection, Version=6.0.0.0, Culture=neutral, PublicKeyToken=adb9793829ddae60" to "Microsoft.AspNetCore.DataProtection.XmlEncryption.DpapiXmlDecryptor, Microsoft.AspNetCore.DataProtection, Culture=neutral, PublicKeyToken=adb9793829ddae60"
2024-03-08T22:56:15.8906808-03:00 [DBG] Decrypting secret element using Windows DPAPI.
2024-03-08T22:56:15.8953650-03:00 [DBG] Forwarded activator type request from "Microsoft.AspNetCore.DataProtection.AuthenticatedEncryption.ConfigurationModel.AuthenticatedEncryptorDescriptorDeserializer, Microsoft.AspNetCore.DataProtection, Version=6.0.0.0, Culture=neutral, PublicKeyToken=adb9793829ddae60" to "Microsoft.AspNetCore.DataProtection.AuthenticatedEncryption.ConfigurationModel.AuthenticatedEncryptorDescriptorDeserializer, Microsoft.AspNetCore.DataProtection, Culture=neutral, PublicKeyToken=adb9793829ddae60"
2024-03-08T22:56:15.9062483-03:00 [DBG] Opening CNG algorithm '"AES"' from provider 'null' with chaining mode CBC.
2024-03-08T22:56:15.9145653-03:00 [DBG] Opening CNG algorithm '"SHA256"' from provider 'null' with HMAC.
2024-03-08T22:56:15.9211196-03:00 [DBG] Using key {ae5c53c0-d26a-4a4a-a697-3522b7f9cd35} as the default key.
2024-03-08T22:56:15.9252244-03:00 [DBG] Key ring with default key {ae5c53c0-d26a-4a4a-a697-3522b7f9cd35} was loaded during application startup.
2024-03-08T22:56:16.2338002-03:00 [INF] Now listening on: "http://localhost:3001"
2024-03-08T22:56:16.2385848-03:00 [DBG] Loaded hosting startup assembly "PedagioPayPortalUsuario"
2024-03-08T22:56:16.2424310-03:00 [DBG] Loaded hosting startup assembly "Microsoft.AspNetCore.Watch.BrowserRefresh"
2024-03-08T22:56:16.2448761-03:00 [DBG] Loaded hosting startup assembly "Microsoft.WebTools.BrowserLink.Net"
2024-03-08T22:56:16.2475047-03:00 [INF] Application started. Press Ctrl+C to shut down.
2024-03-08T22:56:16.2493625-03:00 [INF] Hosting environment: "Development"
2024-03-08T22:56:16.2516660-03:00 [INF] Content root path: "C:\Users\fadami.FDM-058\Desktop\PedagioPayPortalUsuarioBack\PedagioPayPortalUsuario\"
2024-03-08T22:56:16.2655299-03:00 [DBG] Hosting started
2024-03-08T22:56:16.2890301-03:00 [DBG] Connection id ""0HN1VRGDKGC1K"" accepted.
2024-03-08T22:56:16.2958644-03:00 [DBG] Connection id ""0HN1VRGDKGC1K"" started.
2024-03-08T22:56:16.3175750-03:00 [DBG] Connection id ""0HN1VRGDKGC1K"" received FIN.
2024-03-08T22:56:16.3248966-03:00 [DBG] Connection id ""0HN1VRGDKGC1K"" sending FIN because: ""The Socket transport's send loop completed gracefully.""
2024-03-08T22:56:16.3309620-03:00 [DBG] Connection id ""0HN1VRGDKGC1K"" disconnecting.
2024-03-08T22:56:16.3374436-03:00 [DBG] Connection id ""0HN1VRGDKGC1K"" stopped.
2024-03-08T22:56:16.7567047-03:00 [DBG] Connection id ""0HN1VRGDKGC1L"" accepted.
2024-03-08T22:56:16.7725687-03:00 [DBG] Connection id ""0HN1VRGDKGC1L"" started.
2024-03-08T22:56:17.0133071-03:00 [DBG] Connection id ""0HN1VRGDKGC1M"" accepted.
2024-03-08T22:56:17.0660858-03:00 [DBG] Connection id ""0HN1VRGDKGC1M"" started.
2024-03-08T22:56:17.1279152-03:00 [INF] Request starting HTTP/1.1 GET http://localhost:3001/swagger/index.html - -
2024-03-08T22:56:17.5581835-03:00 [DBG] Wildcard detected, all requests with hosts will be allowed.
2024-03-08T22:56:17.8802372-03:00 [DBG] Response markup is scheduled to include browser refresh script injection.
2024-03-08T22:56:17.9277692-03:00 [DBG] Response markup was updated to include browser refresh script injection.
2024-03-08T22:56:17.9323966-03:00 [DBG] Connection id ""0HN1VRGDKGC1L"" completed keep alive response.
2024-03-08T22:56:17.9496310-03:00 [INF] Request starting HTTP/1.1 GET http://localhost:3001/_vs/browserLink - -
2024-03-08T22:56:17.9833234-03:00 [INF] Request finished HTTP/1.1 GET http://localhost:3001/swagger/index.html - - - 200 - text/html;charset=utf-8 864.8116ms
2024-03-08T22:56:17.9934987-03:00 [INF] Request starting HTTP/1.1 GET http://localhost:3001/_framework/aspnetcore-browser-refresh.js - -
2024-03-08T22:56:18.0630818-03:00 [DBG] Connection id ""0HN1VRGDKGC1L"" completed keep alive response.
2024-03-08T22:56:18.1320898-03:00 [INF] Request finished HTTP/1.1 GET http://localhost:3001/_framework/aspnetcore-browser-refresh.js - - - 200 13782 application/javascript;+charset=utf-8 138.4847ms
2024-03-08T22:56:18.1699363-03:00 [DBG] Connection id ""0HN1VRGDKGC1M"" completed keep alive response.
2024-03-08T22:56:18.1795981-03:00 [INF] Request finished HTTP/1.1 GET http://localhost:3001/_vs/browserLink - - - 200 - text/javascript;+charset=UTF-8 230.1409ms
2024-03-08T22:56:18.2554847-03:00 [INF] Request starting HTTP/1.1 GET http://localhost:3001/swagger/v1/swagger.json - -
2024-03-08T22:56:18.5719759-03:00 [DBG] Connection id ""0HN1VRGDKGC1M"" completed keep alive response.
2024-03-08T22:56:18.5835730-03:00 [INF] Request finished HTTP/1.1 GET http://localhost:3001/swagger/v1/swagger.json - - - 200 - application/json;charset=utf-8 328.0662ms
2024-03-08T22:56:26.4156783-03:00 [INF] Request starting HTTP/1.1 GET http://localhost:3001/User/health - -
2024-03-08T22:56:26.4288197-03:00 [DBG] The request path "" does not match the path filter
2024-03-08T22:56:26.4359353-03:00 [WRN] Failed to determine the https port for redirect.
2024-03-08T22:56:26.4712240-03:00 [DBG] 1 candidate(s) found for the request path '"/User/health"'
2024-03-08T22:56:26.4843488-03:00 [DBG] Endpoint '"PedagioPayFadamiBack.Controllers.UserController.Health (PedagioPayPortalUsuario)"' with route pattern '"User/health"' is valid for the request path '"/User/health"'
2024-03-08T22:56:26.4898412-03:00 [DBG] Request matched endpoint '"PedagioPayFadamiBack.Controllers.UserController.Health (PedagioPayPortalUsuario)"'
2024-03-08T22:56:26.4980614-03:00 [INF] Executing endpoint '"PedagioPayFadamiBack.Controllers.UserController.Health (PedagioPayPortalUsuario)"'
2024-03-08T22:56:26.5245789-03:00 [INF] Route matched with "{action = \"Health\", controller = \"User\"}". Executing controller action with signature "System.Threading.Tasks.Task`1[Microsoft.AspNetCore.Mvc.IActionResult] Health()" on controller "PedagioPayFadamiBack.Controllers.UserController" ("PedagioPayPortalUsuario").
2024-03-08T22:56:26.5306928-03:00 [DBG] Execution plan of "authorization" filters (in the following order): ["None"]
2024-03-08T22:56:26.5348900-03:00 [DBG] Execution plan of "resource" filters (in the following order): ["None"]
2024-03-08T22:56:26.5405272-03:00 [DBG] Execution plan of "action" filters (in the following order): ["Microsoft.AspNetCore.Mvc.ModelBinding.UnsupportedContentTypeFilter (Order: -3000)", "Microsoft.AspNetCore.Mvc.Infrastructure.ModelStateInvalidFilter (Order: -2000)"]
2024-03-08T22:56:26.5467574-03:00 [DBG] Execution plan of "exception" filters (in the following order): ["None"]
2024-03-08T22:56:26.5678928-03:00 [DBG] Execution plan of "result" filters (in the following order): ["Microsoft.AspNetCore.Mvc.Infrastructure.ClientErrorResultFilter (Order: -2000)"]
2024-03-08T22:56:26.5756362-03:00 [DBG] Executing controller factory for controller "PedagioPayFadamiBack.Controllers.UserController" ("PedagioPayPortalUsuario")
2024-03-08T22:56:26.9967432-03:00 [DBG] An 'IServiceProvider' was created for internal use by Entity Framework.
2024-03-08T22:56:27.1980351-03:00 [DBG] Executed controller factory for controller "PedagioPayFadamiBack.Controllers.UserController" ("PedagioPayPortalUsuario")
2024-03-08T22:56:27.2279649-03:00 [DBG] List of registered output formatters, in the following order: ["Microsoft.AspNetCore.Mvc.Formatters.HttpNoContentOutputFormatter", "Microsoft.AspNetCore.Mvc.Formatters.StringOutputFormatter", "Microsoft.AspNetCore.Mvc.Formatters.StreamOutputFormatter", "Microsoft.AspNetCore.Mvc.Formatters.NewtonsoftJsonOutputFormatter"]
2024-03-08T22:56:27.2367687-03:00 [DBG] No information found on request to perform content negotiation.
2024-03-08T22:56:27.2436138-03:00 [DBG] Attempting to select an output formatter without using a content type as no explicit content types were specified for the response.
2024-03-08T22:56:27.2478508-03:00 [DBG] Attempting to select the first formatter in the output formatters list which can write the result.
2024-03-08T22:56:27.2533911-03:00 [DBG] Selected output formatter '"Microsoft.AspNetCore.Mvc.Formatters.NewtonsoftJsonOutputFormatter"' and content type '"application/json"' to write the response.
2024-03-08T22:56:27.2643385-03:00 [INF] Executing "OkObjectResult", writing value of type '"<>f__AnonymousType5`2[[System.String, System.Private.CoreLib, Version=6.0.0.0, Culture=neutral, PublicKeyToken=7cec85d7bea7798e],[System.DateTime, System.Private.CoreLib, Version=6.0.0.0, Culture=neutral, PublicKeyToken=7cec85d7bea7798e]]"'.
2024-03-08T22:56:27.5533085-03:00 [INF] Executed action "PedagioPayFadamiBack.Controllers.UserController.Health (PedagioPayPortalUsuario)" in 971.1798ms
2024-03-08T22:56:27.5676543-03:00 [INF] Executed endpoint '"PedagioPayFadamiBack.Controllers.UserController.Health (PedagioPayPortalUsuario)"'
2024-03-08T22:56:27.5763092-03:00 [DBG] Connection id ""0HN1VRGDKGC1M"" completed keep alive response.
2024-03-08T22:56:27.5855946-03:00 [INF] Request finished HTTP/1.1 GET http://localhost:3001/User/health - - - 200 58 application/json;+charset=utf-8 1169.8908ms
2024-03-08T22:59:45.0959381-03:00 [INF] Request starting HTTP/1.1 GET http://localhost:3001/User/health - -
2024-03-08T22:59:45.1065436-03:00 [DBG] The request path "" does not match the path filter
2024-03-08T22:59:45.1107291-03:00 [DBG] 1 candidate(s) found for the request path '"/User/health"'
2024-03-08T22:59:45.1146552-03:00 [DBG] Endpoint '"PedagioPayFadamiBack.Controllers.UserController.Health (PedagioPayPortalUsuario)"' with route pattern '"User/health"' is valid for the request path '"/User/health"'
2024-03-08T22:59:45.1237893-03:00 [DBG] Request matched endpoint '"PedagioPayFadamiBack.Controllers.UserController.Health (PedagioPayPortalUsuario)"'
2024-03-08T22:59:45.1283698-03:00 [INF] Executing endpoint '"PedagioPayFadamiBack.Controllers.UserController.Health (PedagioPayPortalUsuario)"'
2024-03-08T22:59:45.1307897-03:00 [INF] Route matched with "{action = \"Health\", controller = \"User\"}". Executing controller action with signature "System.Threading.Tasks.Task`1[Microsoft.AspNetCore.Mvc.IActionResult] Health()" on controller "PedagioPayFadamiBack.Controllers.UserController" ("PedagioPayPortalUsuario").
2024-03-08T22:59:45.1377378-03:00 [DBG] Execution plan of "authorization" filters (in the following order): ["None"]
2024-03-08T22:59:45.1431607-03:00 [DBG] Execution plan of "resource" filters (in the following order): ["None"]
2024-03-08T22:59:45.1464635-03:00 [DBG] Execution plan of "action" filters (in the following order): ["Microsoft.AspNetCore.Mvc.ModelBinding.UnsupportedContentTypeFilter (Order: -3000)", "Microsoft.AspNetCore.Mvc.Infrastructure.ModelStateInvalidFilter (Order: -2000)"]
2024-03-08T22:59:45.1511869-03:00 [DBG] Execution plan of "exception" filters (in the following order): ["None"]
2024-03-08T22:59:45.1553244-03:00 [DBG] Execution plan of "result" filters (in the following order): ["Microsoft.AspNetCore.Mvc.Infrastructure.ClientErrorResultFilter (Order: -2000)"]
2024-03-08T22:59:45.1595159-03:00 [DBG] Executing controller factory for controller "PedagioPayFadamiBack.Controllers.UserController" ("PedagioPayPortalUsuario")
2024-03-08T22:59:45.1771343-03:00 [DBG] Executed controller factory for controller "PedagioPayFadamiBack.Controllers.UserController" ("PedagioPayPortalUsuario")
2024-03-08T22:59:45.1820782-03:00 [DBG] List of registered output formatters, in the following order: ["Microsoft.AspNetCore.Mvc.Formatters.HttpNoContentOutputFormatter", "Microsoft.AspNetCore.Mvc.Formatters.StringOutputFormatter", "Microsoft.AspNetCore.Mvc.Formatters.StreamOutputFormatter", "Microsoft.AspNetCore.Mvc.Formatters.NewtonsoftJsonOutputFormatter"]
2024-03-08T22:59:45.1910073-03:00 [DBG] No information found on request to perform content negotiation.
2024-03-08T22:59:45.1929360-03:00 [DBG] Attempting to select an output formatter without using a content type as no explicit content types were specified for the response.
2024-03-08T22:59:45.1952569-03:00 [DBG] Attempting to select the first formatter in the output formatters list which can write the result.
2024-03-08T22:59:45.1975162-03:00 [DBG] Selected output formatter '"Microsoft.AspNetCore.Mvc.Formatters.NewtonsoftJsonOutputFormatter"' and content type '"application/json"' to write the response.
2024-03-08T22:59:45.2014629-03:00 [INF] Executing "OkObjectResult", writing value of type '"<>f__AnonymousType5`2[[System.String, System.Private.CoreLib, Version=6.0.0.0, Culture=neutral, PublicKeyToken=7cec85d7bea7798e],[System.DateTime, System.Private.CoreLib, Version=6.0.0.0, Culture=neutral, PublicKeyToken=7cec85d7bea7798e]]"'.
2024-03-08T22:59:45.2081080-03:00 [INF] Executed action "PedagioPayFadamiBack.Controllers.UserController.Health (PedagioPayPortalUsuario)" in 48.6217ms
2024-03-08T22:59:45.2202478-03:00 [INF] Executed endpoint '"PedagioPayFadamiBack.Controllers.UserController.Health (PedagioPayPortalUsuario)"'
2024-03-08T22:59:45.2236433-03:00 [DBG] Connection id ""0HN1VRGDKGC1M"" completed keep alive response.
2024-03-08T22:59:45.2268160-03:00 [INF] Request finished HTTP/1.1 GET http://localhost:3001/User/health - - - 200 58 application/json;+charset=utf-8 131.9398ms
2024-03-08T23:03:44.2059023-03:00 [DBG] Connection id ""0HN1VRGDKGC1L"" received FIN.
2024-03-08T23:03:44.2161591-03:00 [DBG] Connection id ""0HN1VRGDKGC1L"" disconnecting.
2024-03-08T23:03:44.2625871-03:00 [DBG] Connection id ""0HN1VRGDKGC1L"" sending FIN because: ""The Socket transport's send loop completed gracefully.""
2024-03-08T23:03:44.2788657-03:00 [DBG] Connection id ""0HN1VRGDKGC1L"" stopped.
2024-03-08T23:05:19.3508131-03:00 [DBG] Connection id ""0HN1VRGDKGC1M"" received FIN.
2024-03-08T23:05:19.3783198-03:00 [DBG] Connection id ""0HN1VRGDKGC1M"" disconnecting.
2024-03-08T23:05:19.4395049-03:00 [DBG] Connection id ""0HN1VRGDKGC1M"" sending FIN because: ""The Socket transport's send loop completed gracefully.""
2024-03-08T23:05:19.4495074-03:00 [DBG] Connection id ""0HN1VRGDKGC1M"" stopped.
