2024-02-26T12:37:59.9245770-03:00 [DBG] Registered model binder providers, in the following order: ["Microsoft.AspNetCore.Mvc.ModelBinding.Binders.BinderTypeModelBinderProvider", "Microsoft.AspNetCore.Mvc.ModelBinding.Binders.ServicesModelBinderProvider", "Microsoft.AspNetCore.Mvc.ModelBinding.Binders.BodyModelBinderProvider", "Microsoft.AspNetCore.Mvc.ModelBinding.Binders.HeaderModelBinderProvider", "Microsoft.AspNetCore.Mvc.ModelBinding.Binders.FloatingPointTypeModelBinderProvider", "Microsoft.AspNetCore.Mvc.ModelBinding.Binders.EnumTypeModelBinderProvider", "Microsoft.AspNetCore.Mvc.ModelBinding.Binders.DateTimeModelBinderProvider", "Microsoft.AspNetCore.Mvc.ModelBinding.Binders.SimpleTypeModelBinderProvider", "Microsoft.AspNetCore.Mvc.ModelBinding.Binders.CancellationTokenModelBinderProvider", "Microsoft.AspNetCore.Mvc.ModelBinding.Binders.ByteArrayModelBinderProvider", "Microsoft.AspNetCore.Mvc.ModelBinding.Binders.FormFileModelBinderProvider", "Microsoft.AspNetCore.Mvc.ModelBinding.Binders.FormCollectionModelBinderProvider", "Microsoft.AspNetCore.Mvc.ModelBinding.Binders.KeyValuePairModelBinderProvider", "Microsoft.AspNetCore.Mvc.ModelBinding.Binders.DictionaryModelBinderProvider", "Microsoft.AspNetCore.Mvc.ModelBinding.Binders.ArrayModelBinderProvider", "Microsoft.AspNetCore.Mvc.ModelBinding.Binders.CollectionModelBinderProvider", "Microsoft.AspNetCore.Mvc.ModelBinding.Binders.ComplexObjectModelBinderProvider"]
2024-02-26T12:38:00.0325431-03:00 [DBG] Hosting starting
2024-02-26T12:38:00.0993769-03:00 [INF] User profile is available. Using '"C:\Users\fadami.FDM-058\AppData\Local\ASP.NET\DataProtection-Keys"' as key repository and Windows DPAPI to encrypt keys at rest.
2024-02-26T12:38:00.1074526-03:00 [DBG] Reading data from file '"C:\Users\fadami.FDM-058\AppData\Local\ASP.NET\DataProtection-Keys\key-ae5c53c0-d26a-4a4a-a697-3522b7f9cd35.xml"'.
2024-02-26T12:38:00.1668744-03:00 [DBG] Found key {ae5c53c0-d26a-4a4a-a697-3522b7f9cd35}.
2024-02-26T12:38:00.2027003-03:00 [DBG] Considering key {ae5c53c0-d26a-4a4a-a697-3522b7f9cd35} with expiration date 2024-03-19 16:36:08Z as default key.
2024-02-26T12:38:00.2098413-03:00 [DBG] Forwarded activator type request from "Microsoft.AspNetCore.DataProtection.XmlEncryption.DpapiXmlDecryptor, Microsoft.AspNetCore.DataProtection, Version=6.0.0.0, Culture=neutral, PublicKeyToken=adb9793829ddae60" to "Microsoft.AspNetCore.DataProtection.XmlEncryption.DpapiXmlDecryptor, Microsoft.AspNetCore.DataProtection, Culture=neutral, PublicKeyToken=adb9793829ddae60"
2024-02-26T12:38:00.2228884-03:00 [DBG] Decrypting secret element using Windows DPAPI.
2024-02-26T12:38:00.2285685-03:00 [DBG] Forwarded activator type request from "Microsoft.AspNetCore.DataProtection.AuthenticatedEncryption.ConfigurationModel.AuthenticatedEncryptorDescriptorDeserializer, Microsoft.AspNetCore.DataProtection, Version=6.0.0.0, Culture=neutral, PublicKeyToken=adb9793829ddae60" to "Microsoft.AspNetCore.DataProtection.AuthenticatedEncryption.ConfigurationModel.AuthenticatedEncryptorDescriptorDeserializer, Microsoft.AspNetCore.DataProtection, Culture=neutral, PublicKeyToken=adb9793829ddae60"
2024-02-26T12:38:00.2407157-03:00 [DBG] Opening CNG algorithm '"AES"' from provider 'null' with chaining mode CBC.
2024-02-26T12:38:00.2479055-03:00 [DBG] Opening CNG algorithm '"SHA256"' from provider 'null' with HMAC.
2024-02-26T12:38:00.2565272-03:00 [DBG] Using key {ae5c53c0-d26a-4a4a-a697-3522b7f9cd35} as the default key.
2024-02-26T12:38:00.2622019-03:00 [DBG] Key ring with default key {ae5c53c0-d26a-4a4a-a697-3522b7f9cd35} was loaded during application startup.
2024-02-26T12:38:00.6847418-03:00 [INF] Now listening on: "http://localhost:3001"
2024-02-26T12:38:00.6879899-03:00 [DBG] Loaded hosting startup assembly "PedagioPayPortalUsuario"
2024-02-26T12:38:00.6903617-03:00 [DBG] Loaded hosting startup assembly "Microsoft.AspNetCore.Watch.BrowserRefresh"
2024-02-26T12:38:00.6932485-03:00 [DBG] Loaded hosting startup assembly "Microsoft.WebTools.BrowserLink.Net"
2024-02-26T12:38:00.6979576-03:00 [INF] Application started. Press Ctrl+C to shut down.
2024-02-26T12:38:00.7007959-03:00 [INF] Hosting environment: "Development"
2024-02-26T12:38:00.7032146-03:00 [INF] Content root path: "C:\Users\fadami.FDM-058\Desktop\PedagioPayPortalUsuarioBack\PedagioPayPortalUsuario\"
2024-02-26T12:38:00.7060865-03:00 [DBG] Hosting started
2024-02-26T12:38:00.9019179-03:00 [DBG] Connection id ""0HN1MS3L2JRFL"" accepted.
2024-02-26T12:38:00.9065805-03:00 [DBG] Connection id ""0HN1MS3L2JRFL"" started.
2024-02-26T12:38:00.9751111-03:00 [DBG] Connection id ""0HN1MS3L2JRFM"" accepted.
2024-02-26T12:38:00.9781135-03:00 [DBG] Connection id ""0HN1MS3L2JRFM"" started.
2024-02-26T12:38:01.3138949-03:00 [DBG] Connection id ""0HN1MS3L2JRFN"" accepted.
2024-02-26T12:38:01.3577013-03:00 [DBG] Connection id ""0HN1MS3L2JRFN"" started.
2024-02-26T12:38:01.3863825-03:00 [DBG] Connection id ""0HN1MS3L2JRFO"" accepted.
2024-02-26T12:38:01.4118051-03:00 [DBG] Connection id ""0HN1MS3L2JRFO"" started.
2024-02-26T12:38:01.4771734-03:00 [INF] Request starting HTTP/1.1 GET http://localhost:3001/swagger - -
2024-02-26T12:38:01.8001126-03:00 [DBG] Wildcard detected, all requests with hosts will be allowed.
2024-02-26T12:38:01.8627724-03:00 [DBG] Connection id ""0HN1MS3L2JRFN"" completed keep alive response.
2024-02-26T12:38:01.9280953-03:00 [INF] Request finished HTTP/1.1 GET http://localhost:3001/swagger - - - 301 0 - 457.6376ms
2024-02-26T12:38:01.9358660-03:00 [INF] Request starting HTTP/1.1 GET http://localhost:3001/swagger/index.html - -
2024-02-26T12:38:02.3101923-03:00 [DBG] Response markup is scheduled to include browser refresh script injection.
2024-02-26T12:38:02.3443823-03:00 [DBG] Response markup was updated to include browser refresh script injection.
2024-02-26T12:38:02.3542465-03:00 [DBG] Connection id ""0HN1MS3L2JRFP"" accepted.
2024-02-26T12:38:02.3602893-03:00 [DBG] Connection id ""0HN1MS3L2JRFN"" completed keep alive response.
2024-02-26T12:38:02.3700412-03:00 [DBG] Connection id ""0HN1MS3L2JRFP"" started.
2024-02-26T12:38:02.3603129-03:00 [INF] Request starting HTTP/1.1 GET http://localhost:3001/swagger/swagger-ui.css - -
2024-02-26T12:38:02.3700914-03:00 [DBG] Connection id ""0HN1MS3L2JRFQ"" accepted.
2024-02-26T12:38:02.3730675-03:00 [INF] Request finished HTTP/1.1 GET http://localhost:3001/swagger/index.html - - - 200 - text/html;charset=utf-8 437.0986ms
2024-02-26T12:38:02.3814688-03:00 [DBG] Connection id ""0HN1MS3L2JRFR"" accepted.
2024-02-26T12:38:02.3757574-03:00 [INF] Request starting HTTP/1.1 GET http://localhost:3001/swagger/swagger-ui-standalone-preset.js - -
2024-02-26T12:38:02.3886922-03:00 [DBG] Connection id ""0HN1MS3L2JRFR"" started.
2024-02-26T12:38:02.3815678-03:00 [DBG] Connection id ""0HN1MS3L2JRFQ"" started.
2024-02-26T12:38:02.3994888-03:00 [INF] Request starting HTTP/1.1 GET http://localhost:3001/swagger/swagger-ui-bundle.js - -
2024-02-26T12:38:02.3941845-03:00 [INF] Request starting HTTP/1.1 GET http://localhost:3001/_framework/aspnetcore-browser-refresh.js - -
2024-02-26T12:38:02.4102659-03:00 [DBG] Connection id ""0HN1MS3L2JRFR"" completed keep alive response.
2024-02-26T12:38:02.4377735-03:00 [INF] Request finished HTTP/1.1 GET http://localhost:3001/_framework/aspnetcore-browser-refresh.js - - - 200 13782 application/javascript;+charset=utf-8 43.5078ms
2024-02-26T12:38:02.4430918-03:00 [INF] Sending file. Request path: '"/swagger-ui.css"'. Physical path: '"N/A"'
2024-02-26T12:38:02.4468225-03:00 [INF] Sending file. Request path: '"/swagger-ui-standalone-preset.js"'. Physical path: '"N/A"'
2024-02-26T12:38:02.4719965-03:00 [DBG] Connection id ""0HN1MS3L2JRFO"" completed keep alive response.
2024-02-26T12:38:02.4686047-03:00 [INF] Sending file. Request path: '"/swagger-ui-bundle.js"'. Physical path: '"N/A"'
2024-02-26T12:38:02.4749024-03:00 [INF] Request finished HTTP/1.1 GET http://localhost:3001/swagger/swagger-ui.css - - - 200 144929 text/css 119.3869ms
2024-02-26T12:38:02.4781946-03:00 [DBG] Connection id ""0HN1MS3L2JRFQ"" completed keep alive response.
2024-02-26T12:38:02.4811103-03:00 [INF] Request starting HTTP/1.1 GET http://localhost:3001/_vs/browserLink - -
2024-02-26T12:38:02.4848019-03:00 [INF] Request finished HTTP/1.1 GET http://localhost:3001/swagger/swagger-ui-bundle.js - - - 200 1061536 application/javascript 85.2769ms
2024-02-26T12:38:02.4719965-03:00 [DBG] Connection id ""0HN1MS3L2JRFP"" completed keep alive response.
2024-02-26T12:38:02.4940070-03:00 [INF] Request finished HTTP/1.1 GET http://localhost:3001/swagger/swagger-ui-standalone-preset.js - - - 200 312163 application/javascript 118.1940ms
2024-02-26T12:38:02.6037275-03:00 [DBG] Connection id ""0HN1MS3L2JRFO"" completed keep alive response.
2024-02-26T12:38:02.6083055-03:00 [INF] Request finished HTTP/1.1 GET http://localhost:3001/_vs/browserLink - - - 200 - text/javascript;+charset=UTF-8 127.1784ms
2024-02-26T12:38:02.7461938-03:00 [INF] Request starting HTTP/1.1 GET http://localhost:3001/swagger/v1/swagger.json - -
2024-02-26T12:38:02.9938030-03:00 [DBG] Connection id ""0HN1MS3L2JRFO"" completed keep alive response.
2024-02-26T12:38:03.0128311-03:00 [INF] Request finished HTTP/1.1 GET http://localhost:3001/swagger/v1/swagger.json - - - 200 - application/json;charset=utf-8 266.6088ms
