2024-03-14T15:45:19.2429205-03:00 [DBG] Registered model binder providers, in the following order: ["Microsoft.AspNetCore.Mvc.ModelBinding.Binders.BinderTypeModelBinderProvider", "Microsoft.AspNetCore.Mvc.ModelBinding.Binders.ServicesModelBinderProvider", "Microsoft.AspNetCore.Mvc.ModelBinding.Binders.BodyModelBinderProvider", "Microsoft.AspNetCore.Mvc.ModelBinding.Binders.HeaderModelBinderProvider", "Microsoft.AspNetCore.Mvc.ModelBinding.Binders.FloatingPointTypeModelBinderProvider", "Microsoft.AspNetCore.Mvc.ModelBinding.Binders.EnumTypeModelBinderProvider", "Microsoft.AspNetCore.Mvc.ModelBinding.Binders.DateTimeModelBinderProvider", "Microsoft.AspNetCore.Mvc.ModelBinding.Binders.SimpleTypeModelBinderProvider", "Microsoft.AspNetCore.Mvc.ModelBinding.Binders.CancellationTokenModelBinderProvider", "Microsoft.AspNetCore.Mvc.ModelBinding.Binders.ByteArrayModelBinderProvider", "Microsoft.AspNetCore.Mvc.ModelBinding.Binders.FormFileModelBinderProvider", "Microsoft.AspNetCore.Mvc.ModelBinding.Binders.FormCollectionModelBinderProvider", "Microsoft.AspNetCore.Mvc.ModelBinding.Binders.KeyValuePairModelBinderProvider", "Microsoft.AspNetCore.Mvc.ModelBinding.Binders.DictionaryModelBinderProvider", "Microsoft.AspNetCore.Mvc.ModelBinding.Binders.ArrayModelBinderProvider", "Microsoft.AspNetCore.Mvc.ModelBinding.Binders.CollectionModelBinderProvider", "Microsoft.AspNetCore.Mvc.ModelBinding.Binders.ComplexObjectModelBinderProvider"]
2024-03-14T15:45:19.3593610-03:00 [DBG] Hosting starting
2024-03-14T15:45:19.4329277-03:00 [INF] User profile is available. Using '"C:\Users\fadami.FDM-058\AppData\Local\ASP.NET\DataProtection-Keys"' as key repository and Windows DPAPI to encrypt keys at rest.
2024-03-14T15:45:19.4484506-03:00 [DBG] Reading data from file '"C:\Users\fadami.FDM-058\AppData\Local\ASP.NET\DataProtection-Keys\key-ae5c53c0-d26a-4a4a-a697-3522b7f9cd35.xml"'.
2024-03-14T15:45:19.4889742-03:00 [DBG] Found key {ae5c53c0-d26a-4a4a-a697-3522b7f9cd35}.
2024-03-14T15:45:19.5223009-03:00 [DBG] Considering key {ae5c53c0-d26a-4a4a-a697-3522b7f9cd35} with expiration date 2024-03-19 16:36:08Z as default key.
2024-03-14T15:45:19.5540684-03:00 [DBG] Forwarded activator type request from "Microsoft.AspNetCore.DataProtection.XmlEncryption.DpapiXmlDecryptor, Microsoft.AspNetCore.DataProtection, Version=6.0.0.0, Culture=neutral, PublicKeyToken=adb9793829ddae60" to "Microsoft.AspNetCore.DataProtection.XmlEncryption.DpapiXmlDecryptor, Microsoft.AspNetCore.DataProtection, Culture=neutral, PublicKeyToken=adb9793829ddae60"
2024-03-14T15:45:19.5912126-03:00 [DBG] Decrypting secret element using Windows DPAPI.
2024-03-14T15:45:19.6021302-03:00 [DBG] Forwarded activator type request from "Microsoft.AspNetCore.DataProtection.AuthenticatedEncryption.ConfigurationModel.AuthenticatedEncryptorDescriptorDeserializer, Microsoft.AspNetCore.DataProtection, Version=6.0.0.0, Culture=neutral, PublicKeyToken=adb9793829ddae60" to "Microsoft.AspNetCore.DataProtection.AuthenticatedEncryption.ConfigurationModel.AuthenticatedEncryptorDescriptorDeserializer, Microsoft.AspNetCore.DataProtection, Culture=neutral, PublicKeyToken=adb9793829ddae60"
2024-03-14T15:45:19.6199413-03:00 [DBG] Opening CNG algorithm '"AES"' from provider 'null' with chaining mode CBC.
2024-03-14T15:45:19.6315007-03:00 [DBG] Opening CNG algorithm '"SHA256"' from provider 'null' with HMAC.
2024-03-14T15:45:19.6426354-03:00 [DBG] Using key {ae5c53c0-d26a-4a4a-a697-3522b7f9cd35} as the default key.
2024-03-14T15:45:19.6491198-03:00 [DBG] Key ring with default key {ae5c53c0-d26a-4a4a-a697-3522b7f9cd35} was loaded during application startup.
2024-03-14T15:45:20.0334814-03:00 [INF] Now listening on: "http://localhost:3001"
2024-03-14T15:45:20.0368984-03:00 [DBG] Loaded hosting startup assembly "PedagioPayPortalUsuario"
2024-03-14T15:45:20.0392539-03:00 [DBG] Loaded hosting startup assembly "Microsoft.AspNetCore.Watch.BrowserRefresh"
2024-03-14T15:45:20.0415758-03:00 [DBG] Loaded hosting startup assembly "Microsoft.WebTools.BrowserLink.Net"
2024-03-14T15:45:20.0446708-03:00 [INF] Application started. Press Ctrl+C to shut down.
2024-03-14T15:45:20.0466033-03:00 [INF] Hosting environment: "Development"
2024-03-14T15:45:20.0487885-03:00 [INF] Content root path: "C:\Users\fadami.FDM-058\Desktop\PedagioPayPortalUsuarioBack\PedagioPayPortalUsuario\"
2024-03-14T15:45:20.0584813-03:00 [DBG] Hosting started
2024-03-14T15:45:20.2319399-03:00 [DBG] Connection id ""0HN24ARJ5IPQM"" accepted.
2024-03-14T15:45:20.2380312-03:00 [DBG] Connection id ""0HN24ARJ5IPQM"" started.
2024-03-14T15:45:20.4477445-03:00 [DBG] Connection id ""0HN24ARJ5IPQN"" accepted.
2024-03-14T15:45:20.4517592-03:00 [DBG] Connection id ""0HN24ARJ5IPQN"" started.
2024-03-14T15:45:20.9022961-03:00 [DBG] Connection id ""0HN24ARJ5IPQN"" received FIN.
2024-03-14T15:45:20.9020432-03:00 [DBG] Connection id ""0HN24ARJ5IPQM"" received FIN.
2024-03-14T15:45:20.9983682-03:00 [DBG] Connection id ""0HN24ARJ5IPQN"" sending FIN because: ""The Socket transport's send loop completed gracefully.""
2024-03-14T15:45:21.0001782-03:00 [DBG] Connection id ""0HN24ARJ5IPQM"" sending FIN because: ""The Socket transport's send loop completed gracefully.""
2024-03-14T15:45:21.0113151-03:00 [DBG] Connection id ""0HN24ARJ5IPQN"" disconnecting.
2024-03-14T15:45:21.0125500-03:00 [DBG] Connection id ""0HN24ARJ5IPQM"" disconnecting.
2024-03-14T15:45:21.0201264-03:00 [DBG] Connection id ""0HN24ARJ5IPQN"" stopped.
2024-03-14T15:45:21.0201261-03:00 [DBG] Connection id ""0HN24ARJ5IPQM"" stopped.
2024-03-14T15:45:21.6843292-03:00 [DBG] Connection id ""0HN24ARJ5IPQO"" accepted.
2024-03-14T15:45:21.7038725-03:00 [DBG] Connection id ""0HN24ARJ5IPQO"" started.
2024-03-14T15:45:21.8477852-03:00 [DBG] Connection id ""0HN24ARJ5IPQP"" accepted.
2024-03-14T15:45:21.9865811-03:00 [INF] Request starting HTTP/1.1 GET http://localhost:3001/swagger - -
2024-03-14T15:45:21.8940401-03:00 [DBG] Connection id ""0HN24ARJ5IPQP"" started.
2024-03-14T15:45:22.8859245-03:00 [DBG] Wildcard detected, all requests with hosts will be allowed.
2024-03-14T15:45:22.9487245-03:00 [DBG] Connection id ""0HN24ARJ5IPQO"" completed keep alive response.
2024-03-14T15:45:22.9683520-03:00 [INF] Request finished HTTP/1.1 GET http://localhost:3001/swagger - - - 301 0 - 993.7973ms
2024-03-14T15:45:22.9811967-03:00 [INF] Request starting HTTP/1.1 GET http://localhost:3001/swagger/index.html - -
2024-03-14T15:45:23.4295015-03:00 [DBG] Response markup is scheduled to include browser refresh script injection.
2024-03-14T15:45:23.4902697-03:00 [DBG] Response markup was updated to include browser refresh script injection.
2024-03-14T15:45:23.5153410-03:00 [DBG] Connection id ""0HN24ARJ5IPQQ"" accepted.
2024-03-14T15:45:23.5212626-03:00 [INF] Request starting HTTP/1.1 GET http://localhost:3001/swagger/swagger-ui.css - -
2024-03-14T15:45:23.5165059-03:00 [DBG] Connection id ""0HN24ARJ5IPQO"" completed keep alive response.
2024-03-14T15:45:23.5343701-03:00 [DBG] Connection id ""0HN24ARJ5IPQQ"" started.
2024-03-14T15:45:23.5436044-03:00 [INF] Request finished HTTP/1.1 GET http://localhost:3001/swagger/index.html - - - 200 - text/html;charset=utf-8 562.3947ms
2024-03-14T15:45:23.5464046-03:00 [INF] Request starting HTTP/1.1 GET http://localhost:3001/swagger/swagger-ui-bundle.js - -
2024-03-14T15:45:23.5460897-03:00 [DBG] Connection id ""0HN24ARJ5IPQR"" accepted.
2024-03-14T15:45:23.5569018-03:00 [DBG] Connection id ""0HN24ARJ5IPQS"" accepted.
2024-03-14T15:45:23.5606020-03:00 [DBG] Connection id ""0HN24ARJ5IPQT"" accepted.
2024-03-14T15:45:23.5637923-03:00 [DBG] Connection id ""0HN24ARJ5IPQR"" started.
2024-03-14T15:45:23.5678937-03:00 [INF] Request starting HTTP/1.1 GET http://localhost:3001/swagger/swagger-ui-standalone-preset.js - -
2024-03-14T15:45:23.6057678-03:00 [DBG] Connection id ""0HN24ARJ5IPQS"" started.
2024-03-14T15:45:23.6397865-03:00 [INF] Sending file. Request path: '"/swagger-ui-standalone-preset.js"'. Physical path: '"N/A"'
2024-03-14T15:45:23.6364246-03:00 [INF] Sending file. Request path: '"/swagger-ui.css"'. Physical path: '"N/A"'
2024-03-14T15:45:23.6713126-03:00 [INF] Request starting HTTP/1.1 GET http://localhost:3001/_framework/aspnetcore-browser-refresh.js - -
2024-03-14T15:45:23.6063161-03:00 [DBG] Connection id ""0HN24ARJ5IPQT"" started.
2024-03-14T15:45:23.6803824-03:00 [DBG] Connection id ""0HN24ARJ5IPQR"" completed keep alive response.
2024-03-14T15:45:23.6678531-03:00 [INF] Sending file. Request path: '"/swagger-ui-bundle.js"'. Physical path: '"N/A"'
2024-03-14T15:45:23.6803990-03:00 [DBG] Connection id ""0HN24ARJ5IPQP"" completed keep alive response.
2024-03-14T15:45:23.6900426-03:00 [INF] Request finished HTTP/1.1 GET http://localhost:3001/swagger/swagger-ui-standalone-preset.js - - - 200 312163 application/javascript 121.9423ms
2024-03-14T15:45:23.6943233-03:00 [DBG] Connection id ""0HN24ARJ5IPQQ"" completed keep alive response.
2024-03-14T15:45:23.6978180-03:00 [INF] Request finished HTTP/1.1 GET http://localhost:3001/swagger/swagger-ui.css - - - 200 144929 text/css 176.4438ms
2024-03-14T15:45:23.6889308-03:00 [DBG] Connection id ""0HN24ARJ5IPQS"" completed keep alive response.
2024-03-14T15:45:23.6861576-03:00 [INF] Request starting HTTP/1.1 GET http://localhost:3001/_vs/browserLink - -
2024-03-14T15:45:23.7127641-03:00 [INF] Request finished HTTP/1.1 GET http://localhost:3001/_framework/aspnetcore-browser-refresh.js - - - 200 13782 application/javascript;+charset=utf-8 41.4388ms
2024-03-14T15:45:23.7065591-03:00 [INF] Request finished HTTP/1.1 GET http://localhost:3001/swagger/swagger-ui-bundle.js - - - 200 1061536 application/javascript 160.0695ms
2024-03-14T15:45:23.8658367-03:00 [DBG] Connection id ""0HN24ARJ5IPQT"" completed keep alive response.
2024-03-14T15:45:23.8753817-03:00 [INF] Request finished HTTP/1.1 GET http://localhost:3001/_vs/browserLink - - - 200 - text/javascript;+charset=UTF-8 189.1263ms
2024-03-14T15:45:24.0109368-03:00 [INF] Request starting HTTP/1.1 GET http://localhost:3001/swagger/v1/swagger.json - -
2024-03-14T15:45:24.4649382-03:00 [DBG] Connection id ""0HN24ARJ5IPQT"" completed keep alive response.
2024-03-14T15:45:24.8715835-03:00 [INF] Request finished HTTP/1.1 GET http://localhost:3001/swagger/v1/swagger.json - - - 200 - application/json;charset=utf-8 860.4288ms
2024-03-14T15:46:34.2686890-03:00 [INF] Request starting HTTP/1.1 POST http://localhost:3001/User/register application/json-patch+json 181
2024-03-14T15:46:34.2726559-03:00 [DBG] "POST" requests are not supported
2024-03-14T15:46:34.2784169-03:00 [DBG] The request has an origin header: '"http://localhost:3001"'.
2024-03-14T15:46:34.2814293-03:00 [INF] CORS policy execution successful.
2024-03-14T15:46:34.2861158-03:00 [WRN] Failed to determine the https port for redirect.
2024-03-14T15:46:34.3206494-03:00 [DBG] 1 candidate(s) found for the request path '"/User/register"'
2024-03-14T15:46:34.3301237-03:00 [DBG] Endpoint '"PedagioPayPortalUsuario.Controllers.UserController.CadastroInicial (PedagioPayPortalUsuario)"' with route pattern '"User/register"' is valid for the request path '"/User/register"'
2024-03-14T15:46:34.3339511-03:00 [DBG] Request matched endpoint '"PedagioPayPortalUsuario.Controllers.UserController.CadastroInicial (PedagioPayPortalUsuario)"'
2024-03-14T15:46:34.3388505-03:00 [INF] Executing endpoint '"PedagioPayPortalUsuario.Controllers.UserController.CadastroInicial (PedagioPayPortalUsuario)"'
2024-03-14T15:46:34.3758464-03:00 [INF] Route matched with "{action = \"CadastroInicial\", controller = \"User\"}". Executing controller action with signature "System.Threading.Tasks.Task`1[Microsoft.AspNetCore.Mvc.ActionResult] CadastroInicial(PedagioPayFadamiBack.Data.Dto.CadastroDto)" on controller "PedagioPayPortalUsuario.Controllers.UserController" ("PedagioPayPortalUsuario").
2024-03-14T15:46:34.3801533-03:00 [DBG] Execution plan of "authorization" filters (in the following order): ["None"]
2024-03-14T15:46:34.3827819-03:00 [DBG] Execution plan of "resource" filters (in the following order): ["None"]
2024-03-14T15:46:34.3857723-03:00 [DBG] Execution plan of "action" filters (in the following order): ["Microsoft.AspNetCore.Mvc.ModelBinding.UnsupportedContentTypeFilter (Order: -3000)", "Microsoft.AspNetCore.Mvc.Infrastructure.ModelStateInvalidFilter (Order: -2000)"]
2024-03-14T15:46:34.3899083-03:00 [DBG] Execution plan of "exception" filters (in the following order): ["None"]
2024-03-14T15:46:34.3935679-03:00 [DBG] Execution plan of "result" filters (in the following order): ["Microsoft.AspNetCore.Mvc.Infrastructure.ClientErrorResultFilter (Order: -2000)"]
2024-03-14T15:46:34.3967667-03:00 [DBG] Executing controller factory for controller "PedagioPayPortalUsuario.Controllers.UserController" ("PedagioPayPortalUsuario")
2024-03-14T15:46:34.5915914-03:00 [DBG] An 'IServiceProvider' was created for internal use by Entity Framework.
2024-03-14T15:46:34.6526385-03:00 [DBG] Executed controller factory for controller "PedagioPayPortalUsuario.Controllers.UserController" ("PedagioPayPortalUsuario")
2024-03-14T15:46:34.6627320-03:00 [DBG] Attempting to bind parameter '"request"' of type '"PedagioPayFadamiBack.Data.Dto.CadastroDto"' ...
2024-03-14T15:46:34.6686502-03:00 [DBG] Attempting to bind parameter '"request"' of type '"PedagioPayFadamiBack.Data.Dto.CadastroDto"' using the name '""' in request data ...
2024-03-14T15:46:34.6809523-03:00 [DBG] Rejected input formatter '"Microsoft.AspNetCore.Mvc.Formatters.NewtonsoftJsonPatchInputFormatter"' for content type '"application/json-patch+json"'.
2024-03-14T15:46:34.6854617-03:00 [DBG] Selected input formatter '"Microsoft.AspNetCore.Mvc.Formatters.NewtonsoftJsonInputFormatter"' for content type '"application/json-patch+json"'.
2024-03-14T15:46:34.7171939-03:00 [DBG] Connection id ""0HN24ARJ5IPQT"", Request id ""0HN24ARJ5IPQT:00000004"": started reading request body.
2024-03-14T15:46:34.7210296-03:00 [DBG] Connection id ""0HN24ARJ5IPQT"", Request id ""0HN24ARJ5IPQT:00000004"": done reading request body.
2024-03-14T15:46:34.9496785-03:00 [DBG] Done attempting to bind parameter '"request"' of type '"PedagioPayFadamiBack.Data.Dto.CadastroDto"'.
2024-03-14T15:46:34.9530264-03:00 [DBG] Done attempting to bind parameter '"request"' of type '"PedagioPayFadamiBack.Data.Dto.CadastroDto"'.
2024-03-14T15:46:34.9661698-03:00 [DBG] Attempting to validate the bound parameter '"request"' of type '"PedagioPayFadamiBack.Data.Dto.CadastroDto"' ...
2024-03-14T15:46:34.9836533-03:00 [DBG] Done attempting to validate the bound parameter '"request"' of type '"PedagioPayFadamiBack.Data.Dto.CadastroDto"'.
2024-03-14T15:46:55.7721909-03:00 [DBG] Registered model binder providers, in the following order: ["Microsoft.AspNetCore.Mvc.ModelBinding.Binders.BinderTypeModelBinderProvider", "Microsoft.AspNetCore.Mvc.ModelBinding.Binders.ServicesModelBinderProvider", "Microsoft.AspNetCore.Mvc.ModelBinding.Binders.BodyModelBinderProvider", "Microsoft.AspNetCore.Mvc.ModelBinding.Binders.HeaderModelBinderProvider", "Microsoft.AspNetCore.Mvc.ModelBinding.Binders.FloatingPointTypeModelBinderProvider", "Microsoft.AspNetCore.Mvc.ModelBinding.Binders.EnumTypeModelBinderProvider", "Microsoft.AspNetCore.Mvc.ModelBinding.Binders.DateTimeModelBinderProvider", "Microsoft.AspNetCore.Mvc.ModelBinding.Binders.SimpleTypeModelBinderProvider", "Microsoft.AspNetCore.Mvc.ModelBinding.Binders.CancellationTokenModelBinderProvider", "Microsoft.AspNetCore.Mvc.ModelBinding.Binders.ByteArrayModelBinderProvider", "Microsoft.AspNetCore.Mvc.ModelBinding.Binders.FormFileModelBinderProvider", "Microsoft.AspNetCore.Mvc.ModelBinding.Binders.FormCollectionModelBinderProvider", "Microsoft.AspNetCore.Mvc.ModelBinding.Binders.KeyValuePairModelBinderProvider", "Microsoft.AspNetCore.Mvc.ModelBinding.Binders.DictionaryModelBinderProvider", "Microsoft.AspNetCore.Mvc.ModelBinding.Binders.ArrayModelBinderProvider", "Microsoft.AspNetCore.Mvc.ModelBinding.Binders.CollectionModelBinderProvider", "Microsoft.AspNetCore.Mvc.ModelBinding.Binders.ComplexObjectModelBinderProvider"]
2024-03-14T15:46:55.8938640-03:00 [DBG] Hosting starting
2024-03-14T15:46:55.9671746-03:00 [INF] User profile is available. Using '"C:\Users\fadami.FDM-058\AppData\Local\ASP.NET\DataProtection-Keys"' as key repository and Windows DPAPI to encrypt keys at rest.
2024-03-14T15:46:55.9789304-03:00 [DBG] Reading data from file '"C:\Users\fadami.FDM-058\AppData\Local\ASP.NET\DataProtection-Keys\key-ae5c53c0-d26a-4a4a-a697-3522b7f9cd35.xml"'.
2024-03-14T15:46:56.0048695-03:00 [DBG] Found key {ae5c53c0-d26a-4a4a-a697-3522b7f9cd35}.
2024-03-14T15:46:56.0481857-03:00 [DBG] Considering key {ae5c53c0-d26a-4a4a-a697-3522b7f9cd35} with expiration date 2024-03-19 16:36:08Z as default key.
2024-03-14T15:46:56.0858858-03:00 [DBG] Forwarded activator type request from "Microsoft.AspNetCore.DataProtection.XmlEncryption.DpapiXmlDecryptor, Microsoft.AspNetCore.DataProtection, Version=6.0.0.0, Culture=neutral, PublicKeyToken=adb9793829ddae60" to "Microsoft.AspNetCore.DataProtection.XmlEncryption.DpapiXmlDecryptor, Microsoft.AspNetCore.DataProtection, Culture=neutral, PublicKeyToken=adb9793829ddae60"
2024-03-14T15:46:56.1749221-03:00 [DBG] Decrypting secret element using Windows DPAPI.
2024-03-14T15:46:56.1845793-03:00 [DBG] Forwarded activator type request from "Microsoft.AspNetCore.DataProtection.AuthenticatedEncryption.ConfigurationModel.AuthenticatedEncryptorDescriptorDeserializer, Microsoft.AspNetCore.DataProtection, Version=6.0.0.0, Culture=neutral, PublicKeyToken=adb9793829ddae60" to "Microsoft.AspNetCore.DataProtection.AuthenticatedEncryption.ConfigurationModel.AuthenticatedEncryptorDescriptorDeserializer, Microsoft.AspNetCore.DataProtection, Culture=neutral, PublicKeyToken=adb9793829ddae60"
2024-03-14T15:46:56.1979020-03:00 [DBG] Opening CNG algorithm '"AES"' from provider 'null' with chaining mode CBC.
2024-03-14T15:46:56.2048409-03:00 [DBG] Opening CNG algorithm '"SHA256"' from provider 'null' with HMAC.
2024-03-14T15:46:56.2149222-03:00 [DBG] Using key {ae5c53c0-d26a-4a4a-a697-3522b7f9cd35} as the default key.
2024-03-14T15:46:56.2203986-03:00 [DBG] Key ring with default key {ae5c53c0-d26a-4a4a-a697-3522b7f9cd35} was loaded during application startup.
2024-03-14T15:46:56.5413086-03:00 [INF] Now listening on: "http://localhost:3001"
2024-03-14T15:46:56.5537966-03:00 [DBG] Loaded hosting startup assembly "PedagioPayPortalUsuario"
2024-03-14T15:46:56.5566862-03:00 [DBG] Loaded hosting startup assembly "Microsoft.AspNetCore.Watch.BrowserRefresh"
2024-03-14T15:46:56.5609386-03:00 [DBG] Loaded hosting startup assembly "Microsoft.WebTools.BrowserLink.Net"
2024-03-14T15:46:56.5643810-03:00 [INF] Application started. Press Ctrl+C to shut down.
2024-03-14T15:46:56.5670132-03:00 [INF] Hosting environment: "Development"
2024-03-14T15:46:56.5698534-03:00 [INF] Content root path: "C:\Users\fadami.FDM-058\Desktop\PedagioPayPortalUsuarioBack\PedagioPayPortalUsuario\"
2024-03-14T15:46:56.5729771-03:00 [DBG] Hosting started
2024-03-14T15:46:56.7828989-03:00 [DBG] Connection id ""0HN24ASFTLCSI"" received FIN.
2024-03-14T15:46:56.7466698-03:00 [DBG] Connection id ""0HN24ASFTLCSI"" accepted.
2024-03-14T15:46:56.8178171-03:00 [DBG] Connection id ""0HN24ASFTLCSI"" started.
2024-03-14T15:46:56.8268632-03:00 [DBG] Connection id ""0HN24ASFTLCSI"" sending FIN because: ""The Socket transport's send loop completed gracefully.""
2024-03-14T15:46:56.8330896-03:00 [DBG] Connection id ""0HN24ASFTLCSI"" disconnecting.
2024-03-14T15:46:56.8448499-03:00 [DBG] Connection id ""0HN24ASFTLCSI"" stopped.
2024-03-14T15:46:57.4294527-03:00 [DBG] Connection id ""0HN24ASFTLCSJ"" accepted.
2024-03-14T15:46:57.8441188-03:00 [DBG] Connection id ""0HN24ASFTLCSK"" accepted.
2024-03-14T15:46:57.8543235-03:00 [DBG] Connection id ""0HN24ASFTLCSJ"" started.
2024-03-14T15:46:57.8546743-03:00 [DBG] Connection id ""0HN24ASFTLCSK"" started.
2024-03-14T15:46:57.9396794-03:00 [INF] Request starting HTTP/1.1 GET http://localhost:3001/swagger/index.html - -
2024-03-14T15:46:58.3690763-03:00 [DBG] Wildcard detected, all requests with hosts will be allowed.
2024-03-14T15:46:58.9315356-03:00 [DBG] Response markup is scheduled to include browser refresh script injection.
2024-03-14T15:46:58.9783401-03:00 [DBG] Response markup was updated to include browser refresh script injection.
2024-03-14T15:46:59.0136818-03:00 [DBG] Connection id ""0HN24ASFTLCSL"" accepted.
2024-03-14T15:46:59.0621986-03:00 [INF] Request starting HTTP/1.1 GET http://localhost:3001/_framework/aspnetcore-browser-refresh.js - -
2024-03-14T15:46:59.0617939-03:00 [DBG] Connection id ""0HN24ASFTLCSJ"" completed keep alive response.
2024-03-14T15:46:59.0671704-03:00 [DBG] Connection id ""0HN24ASFTLCSL"" started.
2024-03-14T15:46:59.0746030-03:00 [DBG] Connection id ""0HN24ASFTLCSK"" completed keep alive response.
2024-03-14T15:46:59.0770284-03:00 [INF] Request starting HTTP/1.1 GET http://localhost:3001/_vs/browserLink - -
2024-03-14T15:46:59.0803789-03:00 [INF] Request finished HTTP/1.1 GET http://localhost:3001/_framework/aspnetcore-browser-refresh.js - - - 200 13782 application/javascript;+charset=utf-8 18.0746ms
2024-03-14T15:46:59.0781646-03:00 [INF] Request finished HTTP/1.1 GET http://localhost:3001/swagger/index.html - - - 200 - text/html;charset=utf-8 1146.1944ms
2024-03-14T15:46:59.3001742-03:00 [DBG] Connection id ""0HN24ASFTLCSL"" completed keep alive response.
2024-03-14T15:46:59.3085207-03:00 [INF] Request finished HTTP/1.1 GET http://localhost:3001/_vs/browserLink - - - 200 - text/javascript;+charset=UTF-8 231.5198ms
2024-03-14T15:46:59.4440737-03:00 [INF] Request starting HTTP/1.1 GET http://localhost:3001/swagger/v1/swagger.json - -
2024-03-14T15:46:59.8360003-03:00 [DBG] Connection id ""0HN24ASFTLCSL"" completed keep alive response.
2024-03-14T15:46:59.8408124-03:00 [INF] Request finished HTTP/1.1 GET http://localhost:3001/swagger/v1/swagger.json - - - 200 - application/json;charset=utf-8 396.9417ms
2024-03-14T15:48:33.6486365-03:00 [INF] Request starting HTTP/1.1 POST http://localhost:3001/User/register application/json-patch+json 191
2024-03-14T15:48:33.6544140-03:00 [DBG] "POST" requests are not supported
2024-03-14T15:48:33.6576755-03:00 [DBG] The request has an origin header: '"http://localhost:3001"'.
2024-03-14T15:48:33.6610568-03:00 [INF] CORS policy execution successful.
2024-03-14T15:48:33.6652348-03:00 [WRN] Failed to determine the https port for redirect.
2024-03-14T15:48:33.6990758-03:00 [DBG] 1 candidate(s) found for the request path '"/User/register"'
2024-03-14T15:48:33.7085406-03:00 [DBG] Endpoint '"PedagioPayPortalUsuario.Controllers.UserController.CadastroInicial (PedagioPayPortalUsuario)"' with route pattern '"User/register"' is valid for the request path '"/User/register"'
2024-03-14T15:48:33.7133552-03:00 [DBG] Request matched endpoint '"PedagioPayPortalUsuario.Controllers.UserController.CadastroInicial (PedagioPayPortalUsuario)"'
2024-03-14T15:48:33.7192589-03:00 [INF] Executing endpoint '"PedagioPayPortalUsuario.Controllers.UserController.CadastroInicial (PedagioPayPortalUsuario)"'
2024-03-14T15:48:33.7525533-03:00 [INF] Route matched with "{action = \"CadastroInicial\", controller = \"User\"}". Executing controller action with signature "System.Threading.Tasks.Task`1[Microsoft.AspNetCore.Mvc.ActionResult] CadastroInicial(PedagioPayFadamiBack.Data.Dto.CadastroDto)" on controller "PedagioPayPortalUsuario.Controllers.UserController" ("PedagioPayPortalUsuario").
2024-03-14T15:48:33.7571190-03:00 [DBG] Execution plan of "authorization" filters (in the following order): ["None"]
2024-03-14T15:48:33.7598727-03:00 [DBG] Execution plan of "resource" filters (in the following order): ["None"]
2024-03-14T15:48:33.7628033-03:00 [DBG] Execution plan of "action" filters (in the following order): ["Microsoft.AspNetCore.Mvc.ModelBinding.UnsupportedContentTypeFilter (Order: -3000)", "Microsoft.AspNetCore.Mvc.Infrastructure.ModelStateInvalidFilter (Order: -2000)"]
2024-03-14T15:48:33.7668929-03:00 [DBG] Execution plan of "exception" filters (in the following order): ["None"]
2024-03-14T15:48:33.7708406-03:00 [DBG] Execution plan of "result" filters (in the following order): ["Microsoft.AspNetCore.Mvc.Infrastructure.ClientErrorResultFilter (Order: -2000)"]
2024-03-14T15:48:33.7740644-03:00 [DBG] Executing controller factory for controller "PedagioPayPortalUsuario.Controllers.UserController" ("PedagioPayPortalUsuario")
2024-03-14T15:48:33.9272597-03:00 [DBG] An 'IServiceProvider' was created for internal use by Entity Framework.
2024-03-14T15:48:33.9638028-03:00 [DBG] Executed controller factory for controller "PedagioPayPortalUsuario.Controllers.UserController" ("PedagioPayPortalUsuario")
2024-03-14T15:48:33.9713732-03:00 [DBG] Attempting to bind parameter '"request"' of type '"PedagioPayFadamiBack.Data.Dto.CadastroDto"' ...
2024-03-14T15:48:33.9781842-03:00 [DBG] Attempting to bind parameter '"request"' of type '"PedagioPayFadamiBack.Data.Dto.CadastroDto"' using the name '""' in request data ...
2024-03-14T15:48:33.9840857-03:00 [DBG] Rejected input formatter '"Microsoft.AspNetCore.Mvc.Formatters.NewtonsoftJsonPatchInputFormatter"' for content type '"application/json-patch+json"'.
2024-03-14T15:48:33.9878796-03:00 [DBG] Selected input formatter '"Microsoft.AspNetCore.Mvc.Formatters.NewtonsoftJsonInputFormatter"' for content type '"application/json-patch+json"'.
2024-03-14T15:48:33.9980825-03:00 [DBG] Connection id ""0HN24ASFTLCSL"", Request id ""0HN24ASFTLCSL:00000004"": started reading request body.
2024-03-14T15:48:34.0032353-03:00 [DBG] Connection id ""0HN24ASFTLCSL"", Request id ""0HN24ASFTLCSL:00000004"": done reading request body.
2024-03-14T15:48:34.1771375-03:00 [DBG] Done attempting to bind parameter '"request"' of type '"PedagioPayFadamiBack.Data.Dto.CadastroDto"'.
2024-03-14T15:48:34.1822564-03:00 [DBG] Done attempting to bind parameter '"request"' of type '"PedagioPayFadamiBack.Data.Dto.CadastroDto"'.
2024-03-14T15:48:34.1867433-03:00 [DBG] Attempting to validate the bound parameter '"request"' of type '"PedagioPayFadamiBack.Data.Dto.CadastroDto"' ...
2024-03-14T15:48:34.2008555-03:00 [DBG] Done attempting to validate the bound parameter '"request"' of type '"PedagioPayFadamiBack.Data.Dto.CadastroDto"'.
2024-03-14T15:48:35.9545678-03:00 [WRN] The property '"ID_CONCESSAO"' on entity type '"CONCESSAO"' is of type 'byte', but is set up to use a SQL Server identity column; this requires that values starting at 255 and counting down will be used for temporary key values. A temporary key value is needed for every entity inserted in a single call to 'SaveChanges'. Care must be taken that these values do not collide with real key values.
2024-03-14T15:48:36.2078780-03:00 [DBG] Entity Framework Core "7.0.0" initialized '"PEDAGIOPAYContext"' using provider '"Microsoft.EntityFrameworkCore.SqlServer":"7.0.0"' with options: "None"
2024-03-14T15:48:36.3220083-03:00 [DBG] Compiling query expression: "
"'"DbSet<USUARIO>()
    .FirstOrDefault(x => x.EMAIL == __novoUsuario_EMAIL_0)"'
2024-03-14T15:48:36.8215849-03:00 [DBG] Generated query execution expression: "
"'"queryContext => new SingleQueryingEnumerable<USUARIO>(
    (RelationalQueryContext)queryContext, 
    RelationalCommandCache.QueryExpression(
        Projection Mapping:
            EmptyProjectionMember -> Dictionary<IProperty, int> { [Property: USUARIO.EMAIL (string) Required PK AfterSave:Throw MaxLength(100) Ansi, 0], [Property: USUARIO.BL_VALIDADO (bool?) ValueGenerated.OnAdd, 1], [Property: USUARIO.CD_STATUS (bool?) ValueGenerated.OnAdd, 2], [Property: USUARIO.CELULAR (string) MaxLength(12) Ansi, 3], [Property: USUARIO.CODIGO_VALIDACAO (string) MaxLength(4) Ansi, 4], [Property: USUARIO.CPF_CNPJ (string) MaxLength(20) Ansi, 5], [Property: USUARIO.DH_TIMESTAMP (DateTime?) ValueGenerated.OnAdd, 6], [Property: USUARIO.ID_APPLE (string) MaxLength(50) Ansi, 7], [Property: USUARIO.ID_FACEBOOK (string) MaxLength(50) Ansi, 8], [Property: USUARIO.ID_GOOGLE (string) MaxLength(50) Ansi, 9], [Property: USUARIO.ID_USUARIO (int) Required ValueGenerated.OnAdd, 10], [Property: USUARIO.NOME (string) MaxLength(50) Ansi, 11], [Property: USUARIO.SENHA (string) MaxLength(100) Ansi, 12], [Property: USUARIO.TOKEN (string) MaxLength(500) Ansi, 13] }
        SELECT TOP(1) u.EMAIL, u.BL_VALIDADO, u.CD_STATUS, u.CELULAR, u.CODIGO_VALIDACAO, u.CPF_CNPJ, u.DH_TIMESTAMP, u.ID_APPLE, u.ID_FACEBOOK, u.ID_GOOGLE, u.ID_USUARIO, u.NOME, u.SENHA, u.TOKEN
        FROM USUARIO AS u
        WHERE u.EMAIL == @__novoUsuario_EMAIL_0), 
    null, 
    Func<QueryContext, DbDataReader, ResultContext, SingleQueryResultCoordinator, USUARIO>, 
    PedagioPayPortalUsuario.Models.PEDAGIOPAYContext, 
    False, 
    False, 
    True
)
    .SingleOrDefault()"'
2024-03-14T15:48:36.9195469-03:00 [DBG] Creating DbCommand for '"ExecuteReader"'.
2024-03-14T15:48:36.9308065-03:00 [DBG] Creating DbConnection.
2024-03-14T15:48:36.9899053-03:00 [DBG] Created DbConnection. (55ms).
2024-03-14T15:48:37.0053544-03:00 [DBG] Created DbCommand for '"ExecuteReader"' (85ms).
2024-03-14T15:48:37.0212687-03:00 [DBG] Initialized DbCommand for '"ExecuteReader"' (106ms).
2024-03-14T15:48:37.0286974-03:00 [DBG] Opening connection to database '"PEDAGIO_PAY"' on server '"172.28.140.102"'.
2024-03-14T15:48:38.6116522-03:00 [DBG] Opened connection to database '"PEDAGIO_PAY"' on server '"172.28.140.102"'.
2024-03-14T15:48:38.6451976-03:00 [DBG] Executing DbCommand [Parameters=["@__novoUsuario_EMAIL_0='?' (Size = 100) (DbType = AnsiString)"], CommandType='Text', CommandTimeout='30']"
""SELECT TOP(1) [u].[EMAIL], [u].[BL_VALIDADO], [u].[CD_STATUS], [u].[CELULAR], [u].[CODIGO_VALIDACAO], [u].[CPF_CNPJ], [u].[DH_TIMESTAMP], [u].[ID_APPLE], [u].[ID_FACEBOOK], [u].[ID_GOOGLE], [u].[ID_USUARIO], [u].[NOME], [u].[SENHA], [u].[TOKEN]
FROM [USUARIO] AS [u]
WHERE [u].[EMAIL] = @__novoUsuario_EMAIL_0"
2024-03-14T15:48:39.0024502-03:00 [INF] Executed DbCommand ("366"ms) [Parameters=["@__novoUsuario_EMAIL_0='?' (Size = 100) (DbType = AnsiString)"], CommandType='Text', CommandTimeout='30']"
""SELECT TOP(1) [u].[EMAIL], [u].[BL_VALIDADO], [u].[CD_STATUS], [u].[CELULAR], [u].[CODIGO_VALIDACAO], [u].[CPF_CNPJ], [u].[DH_TIMESTAMP], [u].[ID_APPLE], [u].[ID_FACEBOOK], [u].[ID_GOOGLE], [u].[ID_USUARIO], [u].[NOME], [u].[SENHA], [u].[TOKEN]
FROM [USUARIO] AS [u]
WHERE [u].[EMAIL] = @__novoUsuario_EMAIL_0"
2024-03-14T15:48:39.0195567-03:00 [DBG] Closing data reader to '"PEDAGIO_PAY"' on server '"172.28.140.102"'.
2024-03-14T15:48:39.0395719-03:00 [DBG] A data reader for '"PEDAGIO_PAY"' on server '"172.28.140.102"' is being disposed after spending 20ms reading results.
2024-03-14T15:48:39.0498948-03:00 [DBG] Closing connection to database '"PEDAGIO_PAY"' on server '"172.28.140.102"'.
2024-03-14T15:48:39.0674666-03:00 [DBG] Closed connection to database '"PEDAGIO_PAY"' on server '"172.28.140.102"' (18ms).
2024-03-14T15:48:39.1760308-03:00 [DBG] Context '"PEDAGIOPAYContext"' started tracking '"USUARIO"' entity. Consider using 'DbContextOptionsBuilder.EnableSensitiveDataLogging' to see key values.
2024-03-14T15:48:39.1835127-03:00 [DBG] SaveChanges starting for '"PEDAGIOPAYContext"'.
2024-03-14T15:48:39.1898677-03:00 [DBG] DetectChanges starting for '"PEDAGIOPAYContext"'.
2024-03-14T15:48:39.2126977-03:00 [DBG] DetectChanges completed for '"PEDAGIOPAYContext"'.
2024-03-14T15:48:39.3046699-03:00 [DBG] Opening connection to database '"PEDAGIO_PAY"' on server '"172.28.140.102"'.
2024-03-14T15:48:39.3095777-03:00 [DBG] Opened connection to database '"PEDAGIO_PAY"' on server '"172.28.140.102"'.
2024-03-14T15:48:39.3136291-03:00 [DBG] Creating DbCommand for '"ExecuteReader"'.
2024-03-14T15:48:39.3158049-03:00 [DBG] Created DbCommand for '"ExecuteReader"' (2ms).
2024-03-14T15:48:39.3198731-03:00 [DBG] Initialized DbCommand for '"ExecuteReader"' (6ms).
2024-03-14T15:48:39.3232655-03:00 [DBG] Executing DbCommand [Parameters=["@p0='?' (Size = 100) (DbType = AnsiString), @p1='?' (DbType = Boolean), @p2='?' (Size = 12) (DbType = AnsiString), @p3='?' (Size = 4) (DbType = AnsiStringFixedLength), @p4='?' (Size = 20) (DbType = AnsiString), @p5='?' (Size = 50) (DbType = AnsiString), @p6='?' (Size = 50) (DbType = AnsiString), @p7='?' (Size = 50) (DbType = AnsiString), @p8='?' (Size = 50) (DbType = AnsiString), @p9='?' (Size = 100) (DbType = AnsiString), @p10='?' (Size = 500) (DbType = AnsiString)"], CommandType='Text', CommandTimeout='30']"
""SET IMPLICIT_TRANSACTIONS OFF;
SET NOCOUNT ON;
INSERT INTO [USUARIO] ([EMAIL], [BL_VALIDADO], [CELULAR], [CODIGO_VALIDACAO], [CPF_CNPJ], [ID_APPLE], [ID_FACEBOOK], [ID_GOOGLE], [NOME], [SENHA], [TOKEN])
OUTPUT INSERTED.[CD_STATUS], INSERTED.[DH_TIMESTAMP], INSERTED.[ID_USUARIO]
VALUES (@p0, @p1, @p2, @p3, @p4, @p5, @p6, @p7, @p8, @p9, @p10);"
2024-03-14T15:48:39.6251276-03:00 [INF] Executed DbCommand ("303"ms) [Parameters=["@p0='?' (Size = 100) (DbType = AnsiString), @p1='?' (DbType = Boolean), @p2='?' (Size = 12) (DbType = AnsiString), @p3='?' (Size = 4) (DbType = AnsiStringFixedLength), @p4='?' (Size = 20) (DbType = AnsiString), @p5='?' (Size = 50) (DbType = AnsiString), @p6='?' (Size = 50) (DbType = AnsiString), @p7='?' (Size = 50) (DbType = AnsiString), @p8='?' (Size = 50) (DbType = AnsiString), @p9='?' (Size = 100) (DbType = AnsiString), @p10='?' (Size = 500) (DbType = AnsiString)"], CommandType='Text', CommandTimeout='30']"
""SET IMPLICIT_TRANSACTIONS OFF;
SET NOCOUNT ON;
INSERT INTO [USUARIO] ([EMAIL], [BL_VALIDADO], [CELULAR], [CODIGO_VALIDACAO], [CPF_CNPJ], [ID_APPLE], [ID_FACEBOOK], [ID_GOOGLE], [NOME], [SENHA], [TOKEN])
OUTPUT INSERTED.[CD_STATUS], INSERTED.[DH_TIMESTAMP], INSERTED.[ID_USUARIO]
VALUES (@p0, @p1, @p2, @p3, @p4, @p5, @p6, @p7, @p8, @p9, @p10);"
2024-03-14T15:48:39.6658229-03:00 [DBG] Closing data reader to '"PEDAGIO_PAY"' on server '"172.28.140.102"'.
2024-03-14T15:48:39.6710111-03:00 [DBG] A data reader for '"PEDAGIO_PAY"' on server '"172.28.140.102"' is being disposed after spending 38ms reading results.
2024-03-14T15:48:39.6744139-03:00 [DBG] Closing connection to database '"PEDAGIO_PAY"' on server '"172.28.140.102"'.
2024-03-14T15:48:39.6815071-03:00 [DBG] Closed connection to database '"PEDAGIO_PAY"' on server '"172.28.140.102"' (7ms).
2024-03-14T15:48:39.7158675-03:00 [DBG] An entity of type '"USUARIO"' tracked by '"PEDAGIOPAYContext"' changed state from 'Added' to 'Unchanged'. Consider using 'DbContextOptionsBuilder.EnableSensitiveDataLogging' to see key values.
2024-03-14T15:48:39.7256805-03:00 [DBG] SaveChanges completed for '"PEDAGIOPAYContext"' with 1 entities written to the database.
2024-03-14T15:48:39.7490378-03:00 [DBG] '"PEDAGIOPAYContext"' generated a temporary value for the property '"ID_USUARIO_PLACA"."PLACAS"'. Consider using 'DbContextOptionsBuilder.EnableSensitiveDataLogging' to see key values.
2024-03-14T15:48:39.7995692-03:00 [DBG] Context '"PEDAGIOPAYContext"' started tracking '"PLACAS"' entity. Consider using 'DbContextOptionsBuilder.EnableSensitiveDataLogging' to see key values.
2024-03-14T15:48:39.8038967-03:00 [DBG] SaveChanges starting for '"PEDAGIOPAYContext"'.
2024-03-14T15:48:39.8068901-03:00 [DBG] DetectChanges starting for '"PEDAGIOPAYContext"'.
2024-03-14T15:48:39.8206884-03:00 [DBG] DetectChanges completed for '"PEDAGIOPAYContext"'.
2024-03-14T15:48:39.8277575-03:00 [DBG] Opening connection to database '"PEDAGIO_PAY"' on server '"172.28.140.102"'.
2024-03-14T15:48:39.8314719-03:00 [DBG] Opened connection to database '"PEDAGIO_PAY"' on server '"172.28.140.102"'.
2024-03-14T15:48:39.8358420-03:00 [DBG] Creating DbCommand for '"ExecuteReader"'.
2024-03-14T15:48:39.8384005-03:00 [DBG] Created DbCommand for '"ExecuteReader"' (2ms).
2024-03-14T15:48:39.8415433-03:00 [DBG] Initialized DbCommand for '"ExecuteReader"' (5ms).
2024-03-14T15:48:39.8443585-03:00 [DBG] Executing DbCommand [Parameters=["@p0='?' (DbType = Int32), @p1='?' (Size = 30) (DbType = AnsiString), @p2='?' (Size = 30) (DbType = AnsiString), @p3='?' (Size = 40) (DbType = AnsiString), @p4='?' (Size = 7) (DbType = AnsiString), @p5='?' (Size = 500) (DbType = AnsiString), @p6='?' (Size = 100) (DbType = AnsiString)"], CommandType='Text', CommandTimeout='30']"
""SET IMPLICIT_TRANSACTIONS OFF;
SET NOCOUNT ON;
INSERT INTO [USUARIO_PLACA] ([ANO], [COR], [MARCA], [MODELO], [PLACA], [TOKEN_USUARIO], [USUARIO_EMAIL])
OUTPUT INSERTED.[ID_USUARIO_PLACA], INSERTED.[CD_STATUS], INSERTED.[DH_TIMESTAMP]
VALUES (@p0, @p1, @p2, @p3, @p4, @p5, @p6);"
2024-03-14T15:48:40.0819822-03:00 [INF] Executed DbCommand ("238"ms) [Parameters=["@p0='?' (DbType = Int32), @p1='?' (Size = 30) (DbType = AnsiString), @p2='?' (Size = 30) (DbType = AnsiString), @p3='?' (Size = 40) (DbType = AnsiString), @p4='?' (Size = 7) (DbType = AnsiString), @p5='?' (Size = 500) (DbType = AnsiString), @p6='?' (Size = 100) (DbType = AnsiString)"], CommandType='Text', CommandTimeout='30']"
""SET IMPLICIT_TRANSACTIONS OFF;
SET NOCOUNT ON;
INSERT INTO [USUARIO_PLACA] ([ANO], [COR], [MARCA], [MODELO], [PLACA], [TOKEN_USUARIO], [USUARIO_EMAIL])
OUTPUT INSERTED.[ID_USUARIO_PLACA], INSERTED.[CD_STATUS], INSERTED.[DH_TIMESTAMP]
VALUES (@p0, @p1, @p2, @p3, @p4, @p5, @p6);"
2024-03-14T15:48:40.0925050-03:00 [DBG] The foreign key property '"PLACAS"."ID_USUARIO_PLACA"' was detected as changed. Consider using 'DbContextOptionsBuilder.EnableSensitiveDataLogging' to see property values.
2024-03-14T15:48:40.1042058-03:00 [DBG] Closing data reader to '"PEDAGIO_PAY"' on server '"172.28.140.102"'.
2024-03-14T15:48:40.1080821-03:00 [DBG] A data reader for '"PEDAGIO_PAY"' on server '"172.28.140.102"' is being disposed after spending 18ms reading results.
2024-03-14T15:48:40.1111462-03:00 [DBG] Closing connection to database '"PEDAGIO_PAY"' on server '"172.28.140.102"'.
2024-03-14T15:48:40.1137320-03:00 [DBG] Closed connection to database '"PEDAGIO_PAY"' on server '"172.28.140.102"' (2ms).
2024-03-14T15:48:40.1191218-03:00 [DBG] An entity of type '"PLACAS"' tracked by '"PEDAGIOPAYContext"' changed state from 'Added' to 'Unchanged'. Consider using 'DbContextOptionsBuilder.EnableSensitiveDataLogging' to see key values.
2024-03-14T15:48:40.1244020-03:00 [DBG] SaveChanges completed for '"PEDAGIOPAYContext"' with 1 entities written to the database.
2024-03-14T15:48:42.7507729-03:00 [INF] Erro ao acessar serviço de email
2024-03-14T15:48:42.9542439-03:00 [DBG] List of registered output formatters, in the following order: ["Microsoft.AspNetCore.Mvc.Formatters.HttpNoContentOutputFormatter", "Microsoft.AspNetCore.Mvc.Formatters.StringOutputFormatter", "Microsoft.AspNetCore.Mvc.Formatters.StreamOutputFormatter", "Microsoft.AspNetCore.Mvc.Formatters.NewtonsoftJsonOutputFormatter"]
2024-03-14T15:48:42.9626955-03:00 [DBG] No information found on request to perform content negotiation.
2024-03-14T15:48:42.9648124-03:00 [DBG] Attempting to select an output formatter without using a content type as no explicit content types were specified for the response.
2024-03-14T15:48:42.9669138-03:00 [DBG] Attempting to select the first formatter in the output formatters list which can write the result.
2024-03-14T15:48:42.9705709-03:00 [DBG] Selected output formatter '"Microsoft.AspNetCore.Mvc.Formatters.NewtonsoftJsonOutputFormatter"' and content type '"application/json"' to write the response.
2024-03-14T15:48:42.9735815-03:00 [INF] Executing "BadRequestObjectResult", writing value of type '"<>f__AnonymousType2`2[[Microsoft.AspNetCore.Mvc.StatusCodeResult, Microsoft.AspNetCore.Mvc.Core, Version=6.0.0.0, Culture=neutral, PublicKeyToken=adb9793829ddae60],[System.String, System.Private.CoreLib, Version=6.0.0.0, Culture=neutral, PublicKeyToken=7cec85d7bea7798e]]"'.
2024-03-14T15:48:43.0385362-03:00 [INF] Executed action "PedagioPayPortalUsuario.Controllers.UserController.CadastroInicial (PedagioPayPortalUsuario)" in 9256.6126ms
2024-03-14T15:48:43.0424100-03:00 [INF] Executed endpoint '"PedagioPayPortalUsuario.Controllers.UserController.CadastroInicial (PedagioPayPortalUsuario)"'
2024-03-14T15:48:43.0454386-03:00 [DBG] Connection id ""0HN24ASFTLCSL"" completed keep alive response.
2024-03-14T15:48:43.0538480-03:00 [DBG] '"PEDAGIOPAYContext"' disposed.
2024-03-14T15:48:43.0697786-03:00 [DBG] Disposing connection to database '"PEDAGIO_PAY"' on server '"172.28.140.102"'.
2024-03-14T15:48:43.0773200-03:00 [DBG] Disposed connection to database '""' on server '""' (8ms).
2024-03-14T15:48:43.0814052-03:00 [INF] Request finished HTTP/1.1 POST http://localhost:3001/User/register application/json-patch+json 191 - 400 66 application/json;+charset=utf-8 9430.9091ms
2024-03-14T15:49:43.5526800-03:00 [INF] Request starting HTTP/1.1 POST http://localhost:3001/User/register application/json-patch+json 188
2024-03-14T15:49:43.5608370-03:00 [DBG] "POST" requests are not supported
2024-03-14T15:49:43.5633883-03:00 [DBG] The request has an origin header: '"http://localhost:3001"'.
2024-03-14T15:49:43.5655224-03:00 [INF] CORS policy execution successful.
2024-03-14T15:49:43.5689833-03:00 [DBG] 1 candidate(s) found for the request path '"/User/register"'
2024-03-14T15:49:43.5715421-03:00 [DBG] Endpoint '"PedagioPayPortalUsuario.Controllers.UserController.CadastroInicial (PedagioPayPortalUsuario)"' with route pattern '"User/register"' is valid for the request path '"/User/register"'
2024-03-14T15:49:43.5772216-03:00 [DBG] Request matched endpoint '"PedagioPayPortalUsuario.Controllers.UserController.CadastroInicial (PedagioPayPortalUsuario)"'
2024-03-14T15:49:43.5796756-03:00 [INF] Executing endpoint '"PedagioPayPortalUsuario.Controllers.UserController.CadastroInicial (PedagioPayPortalUsuario)"'
2024-03-14T15:49:43.5821159-03:00 [INF] Route matched with "{action = \"CadastroInicial\", controller = \"User\"}". Executing controller action with signature "System.Threading.Tasks.Task`1[Microsoft.AspNetCore.Mvc.ActionResult] CadastroInicial(PedagioPayFadamiBack.Data.Dto.CadastroDto)" on controller "PedagioPayPortalUsuario.Controllers.UserController" ("PedagioPayPortalUsuario").
2024-03-14T15:49:43.5858950-03:00 [DBG] Execution plan of "authorization" filters (in the following order): ["None"]
2024-03-14T15:49:43.5890192-03:00 [DBG] Execution plan of "resource" filters (in the following order): ["None"]
2024-03-14T15:49:43.5941776-03:00 [DBG] Execution plan of "action" filters (in the following order): ["Microsoft.AspNetCore.Mvc.ModelBinding.UnsupportedContentTypeFilter (Order: -3000)", "Microsoft.AspNetCore.Mvc.Infrastructure.ModelStateInvalidFilter (Order: -2000)"]
2024-03-14T15:49:43.5980064-03:00 [DBG] Execution plan of "exception" filters (in the following order): ["None"]
2024-03-14T15:49:43.6008745-03:00 [DBG] Execution plan of "result" filters (in the following order): ["Microsoft.AspNetCore.Mvc.Infrastructure.ClientErrorResultFilter (Order: -2000)"]
2024-03-14T15:49:43.6040182-03:00 [DBG] Executing controller factory for controller "PedagioPayPortalUsuario.Controllers.UserController" ("PedagioPayPortalUsuario")
2024-03-14T15:49:43.6086759-03:00 [DBG] Executed controller factory for controller "PedagioPayPortalUsuario.Controllers.UserController" ("PedagioPayPortalUsuario")
2024-03-14T15:49:43.6123722-03:00 [DBG] Attempting to bind parameter '"request"' of type '"PedagioPayFadamiBack.Data.Dto.CadastroDto"' ...
2024-03-14T15:49:43.6149523-03:00 [DBG] Attempting to bind parameter '"request"' of type '"PedagioPayFadamiBack.Data.Dto.CadastroDto"' using the name '""' in request data ...
2024-03-14T15:49:43.6177943-03:00 [DBG] Rejected input formatter '"Microsoft.AspNetCore.Mvc.Formatters.NewtonsoftJsonPatchInputFormatter"' for content type '"application/json-patch+json"'.
2024-03-14T15:49:43.6206027-03:00 [DBG] Selected input formatter '"Microsoft.AspNetCore.Mvc.Formatters.NewtonsoftJsonInputFormatter"' for content type '"application/json-patch+json"'.
2024-03-14T15:49:43.6242456-03:00 [DBG] Connection id ""0HN24ASFTLCSL"", Request id ""0HN24ASFTLCSL:00000005"": started reading request body.
2024-03-14T15:49:43.6273091-03:00 [DBG] Connection id ""0HN24ASFTLCSL"", Request id ""0HN24ASFTLCSL:00000005"": done reading request body.
2024-03-14T15:49:43.6301003-03:00 [DBG] Done attempting to bind parameter '"request"' of type '"PedagioPayFadamiBack.Data.Dto.CadastroDto"'.
2024-03-14T15:49:43.6331411-03:00 [DBG] Done attempting to bind parameter '"request"' of type '"PedagioPayFadamiBack.Data.Dto.CadastroDto"'.
2024-03-14T15:49:43.6356570-03:00 [DBG] Attempting to validate the bound parameter '"request"' of type '"PedagioPayFadamiBack.Data.Dto.CadastroDto"' ...
2024-03-14T15:49:43.6385979-03:00 [DBG] Done attempting to validate the bound parameter '"request"' of type '"PedagioPayFadamiBack.Data.Dto.CadastroDto"'.
2024-03-14T15:49:49.8025468-03:00 [DBG] Entity Framework Core "7.0.0" initialized '"PEDAGIOPAYContext"' using provider '"Microsoft.EntityFrameworkCore.SqlServer":"7.0.0"' with options: "None"
2024-03-14T15:49:49.8118296-03:00 [DBG] Creating DbCommand for '"ExecuteReader"'.
2024-03-14T15:49:49.8140760-03:00 [DBG] Creating DbConnection.
2024-03-14T15:49:49.8163099-03:00 [DBG] Created DbConnection. (2ms).
2024-03-14T15:49:49.8183602-03:00 [DBG] Created DbCommand for '"ExecuteReader"' (6ms).
2024-03-14T15:49:49.8214215-03:00 [DBG] Initialized DbCommand for '"ExecuteReader"' (9ms).
2024-03-14T15:49:49.8241496-03:00 [DBG] Opening connection to database '"PEDAGIO_PAY"' on server '"172.28.140.102"'.
2024-03-14T15:49:49.8269387-03:00 [DBG] Opened connection to database '"PEDAGIO_PAY"' on server '"172.28.140.102"'.
2024-03-14T15:49:49.8296780-03:00 [DBG] Executing DbCommand [Parameters=["@__novoUsuario_EMAIL_0='?' (Size = 100) (DbType = AnsiString)"], CommandType='Text', CommandTimeout='30']"
""SELECT TOP(1) [u].[EMAIL], [u].[BL_VALIDADO], [u].[CD_STATUS], [u].[CELULAR], [u].[CODIGO_VALIDACAO], [u].[CPF_CNPJ], [u].[DH_TIMESTAMP], [u].[ID_APPLE], [u].[ID_FACEBOOK], [u].[ID_GOOGLE], [u].[ID_USUARIO], [u].[NOME], [u].[SENHA], [u].[TOKEN]
FROM [USUARIO] AS [u]
WHERE [u].[EMAIL] = @__novoUsuario_EMAIL_0"
2024-03-14T15:49:50.0605309-03:00 [INF] Executed DbCommand ("231"ms) [Parameters=["@__novoUsuario_EMAIL_0='?' (Size = 100) (DbType = AnsiString)"], CommandType='Text', CommandTimeout='30']"
""SELECT TOP(1) [u].[EMAIL], [u].[BL_VALIDADO], [u].[CD_STATUS], [u].[CELULAR], [u].[CODIGO_VALIDACAO], [u].[CPF_CNPJ], [u].[DH_TIMESTAMP], [u].[ID_APPLE], [u].[ID_FACEBOOK], [u].[ID_GOOGLE], [u].[ID_USUARIO], [u].[NOME], [u].[SENHA], [u].[TOKEN]
FROM [USUARIO] AS [u]
WHERE [u].[EMAIL] = @__novoUsuario_EMAIL_0"
2024-03-14T15:49:50.0660623-03:00 [DBG] Closing data reader to '"PEDAGIO_PAY"' on server '"172.28.140.102"'.
2024-03-14T15:49:50.0687604-03:00 [DBG] A data reader for '"PEDAGIO_PAY"' on server '"172.28.140.102"' is being disposed after spending 2ms reading results.
2024-03-14T15:49:50.0725919-03:00 [DBG] Closing connection to database '"PEDAGIO_PAY"' on server '"172.28.140.102"'.
2024-03-14T15:49:50.0753299-03:00 [DBG] Closed connection to database '"PEDAGIO_PAY"' on server '"172.28.140.102"' (2ms).
2024-03-14T15:50:01.4568606-03:00 [DBG] Context '"PEDAGIOPAYContext"' started tracking '"USUARIO"' entity. Consider using 'DbContextOptionsBuilder.EnableSensitiveDataLogging' to see key values.
2024-03-14T15:50:02.5680134-03:00 [DBG] SaveChanges starting for '"PEDAGIOPAYContext"'.
2024-03-14T15:50:02.5753424-03:00 [DBG] DetectChanges starting for '"PEDAGIOPAYContext"'.
2024-03-14T15:50:02.5808962-03:00 [DBG] DetectChanges completed for '"PEDAGIOPAYContext"'.
2024-03-14T15:50:02.5859826-03:00 [DBG] Opening connection to database '"PEDAGIO_PAY"' on server '"172.28.140.102"'.
2024-03-14T15:50:02.5916656-03:00 [DBG] Opened connection to database '"PEDAGIO_PAY"' on server '"172.28.140.102"'.
2024-03-14T15:50:02.5957264-03:00 [DBG] Creating DbCommand for '"ExecuteReader"'.
2024-03-14T15:50:02.5992566-03:00 [DBG] Created DbCommand for '"ExecuteReader"' (3ms).
2024-03-14T15:50:02.6026953-03:00 [DBG] Initialized DbCommand for '"ExecuteReader"' (6ms).
2024-03-14T15:50:02.6061607-03:00 [DBG] Executing DbCommand [Parameters=["@p0='?' (Size = 100) (DbType = AnsiString), @p1='?' (DbType = Boolean), @p2='?' (Size = 12) (DbType = AnsiString), @p3='?' (Size = 4) (DbType = AnsiStringFixedLength), @p4='?' (Size = 20) (DbType = AnsiString), @p5='?' (Size = 50) (DbType = AnsiString), @p6='?' (Size = 50) (DbType = AnsiString), @p7='?' (Size = 50) (DbType = AnsiString), @p8='?' (Size = 50) (DbType = AnsiString), @p9='?' (Size = 100) (DbType = AnsiString), @p10='?' (Size = 500) (DbType = AnsiString)"], CommandType='Text', CommandTimeout='30']"
""SET IMPLICIT_TRANSACTIONS OFF;
SET NOCOUNT ON;
INSERT INTO [USUARIO] ([EMAIL], [BL_VALIDADO], [CELULAR], [CODIGO_VALIDACAO], [CPF_CNPJ], [ID_APPLE], [ID_FACEBOOK], [ID_GOOGLE], [NOME], [SENHA], [TOKEN])
OUTPUT INSERTED.[CD_STATUS], INSERTED.[DH_TIMESTAMP], INSERTED.[ID_USUARIO]
VALUES (@p0, @p1, @p2, @p3, @p4, @p5, @p6, @p7, @p8, @p9, @p10);"
2024-03-14T15:50:02.8470127-03:00 [INF] Executed DbCommand ("241"ms) [Parameters=["@p0='?' (Size = 100) (DbType = AnsiString), @p1='?' (DbType = Boolean), @p2='?' (Size = 12) (DbType = AnsiString), @p3='?' (Size = 4) (DbType = AnsiStringFixedLength), @p4='?' (Size = 20) (DbType = AnsiString), @p5='?' (Size = 50) (DbType = AnsiString), @p6='?' (Size = 50) (DbType = AnsiString), @p7='?' (Size = 50) (DbType = AnsiString), @p8='?' (Size = 50) (DbType = AnsiString), @p9='?' (Size = 100) (DbType = AnsiString), @p10='?' (Size = 500) (DbType = AnsiString)"], CommandType='Text', CommandTimeout='30']"
""SET IMPLICIT_TRANSACTIONS OFF;
SET NOCOUNT ON;
INSERT INTO [USUARIO] ([EMAIL], [BL_VALIDADO], [CELULAR], [CODIGO_VALIDACAO], [CPF_CNPJ], [ID_APPLE], [ID_FACEBOOK], [ID_GOOGLE], [NOME], [SENHA], [TOKEN])
OUTPUT INSERTED.[CD_STATUS], INSERTED.[DH_TIMESTAMP], INSERTED.[ID_USUARIO]
VALUES (@p0, @p1, @p2, @p3, @p4, @p5, @p6, @p7, @p8, @p9, @p10);"
2024-03-14T15:50:02.8543123-03:00 [DBG] Closing data reader to '"PEDAGIO_PAY"' on server '"172.28.140.102"'.
2024-03-14T15:50:02.8575009-03:00 [DBG] A data reader for '"PEDAGIO_PAY"' on server '"172.28.140.102"' is being disposed after spending 3ms reading results.
2024-03-14T15:50:02.8615877-03:00 [DBG] Closing connection to database '"PEDAGIO_PAY"' on server '"172.28.140.102"'.
2024-03-14T15:50:02.8648719-03:00 [DBG] Closed connection to database '"PEDAGIO_PAY"' on server '"172.28.140.102"' (3ms).
2024-03-14T15:50:02.8687641-03:00 [DBG] An entity of type '"USUARIO"' tracked by '"PEDAGIOPAYContext"' changed state from 'Added' to 'Unchanged'. Consider using 'DbContextOptionsBuilder.EnableSensitiveDataLogging' to see key values.
2024-03-14T15:50:02.8734582-03:00 [DBG] SaveChanges completed for '"PEDAGIOPAYContext"' with 1 entities written to the database.
2024-03-14T15:50:11.9869450-03:00 [DBG] '"PEDAGIOPAYContext"' generated a temporary value for the property '"ID_USUARIO_PLACA"."PLACAS"'. Consider using 'DbContextOptionsBuilder.EnableSensitiveDataLogging' to see key values.
2024-03-14T15:50:11.9928654-03:00 [DBG] Context '"PEDAGIOPAYContext"' started tracking '"PLACAS"' entity. Consider using 'DbContextOptionsBuilder.EnableSensitiveDataLogging' to see key values.
2024-03-14T15:50:11.9966428-03:00 [DBG] SaveChanges starting for '"PEDAGIOPAYContext"'.
2024-03-14T15:50:11.9985634-03:00 [DBG] DetectChanges starting for '"PEDAGIOPAYContext"'.
2024-03-14T15:50:12.0009143-03:00 [DBG] DetectChanges completed for '"PEDAGIOPAYContext"'.
2024-03-14T15:50:12.0029154-03:00 [DBG] Opening connection to database '"PEDAGIO_PAY"' on server '"172.28.140.102"'.
2024-03-14T15:50:12.0055594-03:00 [DBG] Opened connection to database '"PEDAGIO_PAY"' on server '"172.28.140.102"'.
2024-03-14T15:50:12.0080430-03:00 [DBG] Creating DbCommand for '"ExecuteReader"'.
2024-03-14T15:50:12.0108400-03:00 [DBG] Created DbCommand for '"ExecuteReader"' (2ms).
2024-03-14T15:50:12.0131408-03:00 [DBG] Initialized DbCommand for '"ExecuteReader"' (5ms).
2024-03-14T15:50:12.0159076-03:00 [DBG] Executing DbCommand [Parameters=["@p0='?' (DbType = Int32), @p1='?' (Size = 30) (DbType = AnsiString), @p2='?' (Size = 30) (DbType = AnsiString), @p3='?' (Size = 40) (DbType = AnsiString), @p4='?' (Size = 7) (DbType = AnsiString), @p5='?' (Size = 500) (DbType = AnsiString), @p6='?' (Size = 100) (DbType = AnsiString)"], CommandType='Text', CommandTimeout='30']"
""SET IMPLICIT_TRANSACTIONS OFF;
SET NOCOUNT ON;
INSERT INTO [USUARIO_PLACA] ([ANO], [COR], [MARCA], [MODELO], [PLACA], [TOKEN_USUARIO], [USUARIO_EMAIL])
OUTPUT INSERTED.[ID_USUARIO_PLACA], INSERTED.[CD_STATUS], INSERTED.[DH_TIMESTAMP]
VALUES (@p0, @p1, @p2, @p3, @p4, @p5, @p6);"
2024-03-14T15:50:12.2511788-03:00 [INF] Executed DbCommand ("235"ms) [Parameters=["@p0='?' (DbType = Int32), @p1='?' (Size = 30) (DbType = AnsiString), @p2='?' (Size = 30) (DbType = AnsiString), @p3='?' (Size = 40) (DbType = AnsiString), @p4='?' (Size = 7) (DbType = AnsiString), @p5='?' (Size = 500) (DbType = AnsiString), @p6='?' (Size = 100) (DbType = AnsiString)"], CommandType='Text', CommandTimeout='30']"
""SET IMPLICIT_TRANSACTIONS OFF;
SET NOCOUNT ON;
INSERT INTO [USUARIO_PLACA] ([ANO], [COR], [MARCA], [MODELO], [PLACA], [TOKEN_USUARIO], [USUARIO_EMAIL])
OUTPUT INSERTED.[ID_USUARIO_PLACA], INSERTED.[CD_STATUS], INSERTED.[DH_TIMESTAMP]
VALUES (@p0, @p1, @p2, @p3, @p4, @p5, @p6);"
2024-03-14T15:50:12.2607417-03:00 [DBG] The foreign key property '"PLACAS"."ID_USUARIO_PLACA"' was detected as changed. Consider using 'DbContextOptionsBuilder.EnableSensitiveDataLogging' to see property values.
2024-03-14T15:50:12.2670642-03:00 [DBG] Closing data reader to '"PEDAGIO_PAY"' on server '"172.28.140.102"'.
2024-03-14T15:50:12.2730681-03:00 [DBG] A data reader for '"PEDAGIO_PAY"' on server '"172.28.140.102"' is being disposed after spending 12ms reading results.
2024-03-14T15:50:12.2791771-03:00 [DBG] Closing connection to database '"PEDAGIO_PAY"' on server '"172.28.140.102"'.
2024-03-14T15:50:12.2849505-03:00 [DBG] Closed connection to database '"PEDAGIO_PAY"' on server '"172.28.140.102"' (5ms).
2024-03-14T15:50:12.2899331-03:00 [DBG] An entity of type '"PLACAS"' tracked by '"PEDAGIOPAYContext"' changed state from 'Added' to 'Unchanged'. Consider using 'DbContextOptionsBuilder.EnableSensitiveDataLogging' to see key values.
2024-03-14T15:50:12.2951214-03:00 [DBG] SaveChanges completed for '"PEDAGIOPAYContext"' with 1 entities written to the database.
2024-03-14T15:50:14.2441002-03:00 [INF] Erro ao acessar serviço de email
2024-03-14T15:50:14.4327792-03:00 [DBG] List of registered output formatters, in the following order: ["Microsoft.AspNetCore.Mvc.Formatters.HttpNoContentOutputFormatter", "Microsoft.AspNetCore.Mvc.Formatters.StringOutputFormatter", "Microsoft.AspNetCore.Mvc.Formatters.StreamOutputFormatter", "Microsoft.AspNetCore.Mvc.Formatters.NewtonsoftJsonOutputFormatter"]
2024-03-14T15:50:14.4378766-03:00 [DBG] No information found on request to perform content negotiation.
2024-03-14T15:50:14.4396499-03:00 [DBG] Attempting to select an output formatter without using a content type as no explicit content types were specified for the response.
2024-03-14T15:50:14.4417806-03:00 [DBG] Attempting to select the first formatter in the output formatters list which can write the result.
2024-03-14T15:50:14.4445380-03:00 [DBG] Selected output formatter '"Microsoft.AspNetCore.Mvc.Formatters.NewtonsoftJsonOutputFormatter"' and content type '"application/json"' to write the response.
2024-03-14T15:50:14.4474040-03:00 [INF] Executing "BadRequestObjectResult", writing value of type '"<>f__AnonymousType2`2[[Microsoft.AspNetCore.Mvc.StatusCodeResult, Microsoft.AspNetCore.Mvc.Core, Version=6.0.0.0, Culture=neutral, PublicKeyToken=adb9793829ddae60],[System.String, System.Private.CoreLib, Version=6.0.0.0, Culture=neutral, PublicKeyToken=7cec85d7bea7798e]]"'.
2024-03-14T15:50:14.4509265-03:00 [INF] Executed action "PedagioPayPortalUsuario.Controllers.UserController.CadastroInicial (PedagioPayPortalUsuario)" in 30840.8142ms
2024-03-14T15:50:14.4938595-03:00 [INF] Executed endpoint '"PedagioPayPortalUsuario.Controllers.UserController.CadastroInicial (PedagioPayPortalUsuario)"'
2024-03-14T15:50:14.4967094-03:00 [DBG] Connection id ""0HN24ASFTLCSL"" completed keep alive response.
2024-03-14T15:50:14.4992304-03:00 [DBG] '"PEDAGIOPAYContext"' disposed.
2024-03-14T15:50:14.5021429-03:00 [DBG] Disposing connection to database '"PEDAGIO_PAY"' on server '"172.28.140.102"'.
2024-03-14T15:50:14.5066356-03:00 [DBG] Disposed connection to database '""' on server '""' (4ms).
2024-03-14T15:50:14.5120992-03:00 [INF] Request finished HTTP/1.1 POST http://localhost:3001/User/register application/json-patch+json 188 - 400 66 application/json;+charset=utf-8 30955.1838ms
2024-03-14T15:51:08.9064944-03:00 [INF] Request starting HTTP/1.1 POST http://localhost:3001/User/register application/json-patch+json 188
2024-03-14T15:51:08.9144061-03:00 [DBG] "POST" requests are not supported
2024-03-14T15:51:08.9195857-03:00 [DBG] The request has an origin header: '"http://localhost:3001"'.
2024-03-14T15:51:08.9217762-03:00 [INF] CORS policy execution successful.
2024-03-14T15:51:08.9234659-03:00 [DBG] 1 candidate(s) found for the request path '"/User/register"'
2024-03-14T15:51:08.9257799-03:00 [DBG] Endpoint '"PedagioPayPortalUsuario.Controllers.UserController.CadastroInicial (PedagioPayPortalUsuario)"' with route pattern '"User/register"' is valid for the request path '"/User/register"'
2024-03-14T15:51:08.9295176-03:00 [DBG] Request matched endpoint '"PedagioPayPortalUsuario.Controllers.UserController.CadastroInicial (PedagioPayPortalUsuario)"'
2024-03-14T15:51:08.9326690-03:00 [INF] Executing endpoint '"PedagioPayPortalUsuario.Controllers.UserController.CadastroInicial (PedagioPayPortalUsuario)"'
2024-03-14T15:51:08.9352363-03:00 [INF] Route matched with "{action = \"CadastroInicial\", controller = \"User\"}". Executing controller action with signature "System.Threading.Tasks.Task`1[Microsoft.AspNetCore.Mvc.ActionResult] CadastroInicial(PedagioPayFadamiBack.Data.Dto.CadastroDto)" on controller "PedagioPayPortalUsuario.Controllers.UserController" ("PedagioPayPortalUsuario").
2024-03-14T15:51:08.9391811-03:00 [DBG] Execution plan of "authorization" filters (in the following order): ["None"]
2024-03-14T15:51:08.9429131-03:00 [DBG] Execution plan of "resource" filters (in the following order): ["None"]
2024-03-14T15:51:08.9481632-03:00 [DBG] Execution plan of "action" filters (in the following order): ["Microsoft.AspNetCore.Mvc.ModelBinding.UnsupportedContentTypeFilter (Order: -3000)", "Microsoft.AspNetCore.Mvc.Infrastructure.ModelStateInvalidFilter (Order: -2000)"]
2024-03-14T15:51:08.9532641-03:00 [DBG] Execution plan of "exception" filters (in the following order): ["None"]
2024-03-14T15:51:08.9560873-03:00 [DBG] Execution plan of "result" filters (in the following order): ["Microsoft.AspNetCore.Mvc.Infrastructure.ClientErrorResultFilter (Order: -2000)"]
2024-03-14T15:51:08.9593272-03:00 [DBG] Executing controller factory for controller "PedagioPayPortalUsuario.Controllers.UserController" ("PedagioPayPortalUsuario")
2024-03-14T15:51:08.9670685-03:00 [DBG] Executed controller factory for controller "PedagioPayPortalUsuario.Controllers.UserController" ("PedagioPayPortalUsuario")
2024-03-14T15:51:08.9707251-03:00 [DBG] Attempting to bind parameter '"request"' of type '"PedagioPayFadamiBack.Data.Dto.CadastroDto"' ...
2024-03-14T15:51:08.9732414-03:00 [DBG] Attempting to bind parameter '"request"' of type '"PedagioPayFadamiBack.Data.Dto.CadastroDto"' using the name '""' in request data ...
2024-03-14T15:51:08.9764935-03:00 [DBG] Rejected input formatter '"Microsoft.AspNetCore.Mvc.Formatters.NewtonsoftJsonPatchInputFormatter"' for content type '"application/json-patch+json"'.
2024-03-14T15:51:08.9792420-03:00 [DBG] Selected input formatter '"Microsoft.AspNetCore.Mvc.Formatters.NewtonsoftJsonInputFormatter"' for content type '"application/json-patch+json"'.
2024-03-14T15:51:08.9828596-03:00 [DBG] Connection id ""0HN24ASFTLCSL"", Request id ""0HN24ASFTLCSL:00000006"": started reading request body.
2024-03-14T15:51:08.9853310-03:00 [DBG] Connection id ""0HN24ASFTLCSL"", Request id ""0HN24ASFTLCSL:00000006"": done reading request body.
2024-03-14T15:51:08.9879949-03:00 [DBG] Done attempting to bind parameter '"request"' of type '"PedagioPayFadamiBack.Data.Dto.CadastroDto"'.
2024-03-14T15:51:08.9904216-03:00 [DBG] Done attempting to bind parameter '"request"' of type '"PedagioPayFadamiBack.Data.Dto.CadastroDto"'.
2024-03-14T15:51:08.9935255-03:00 [DBG] Attempting to validate the bound parameter '"request"' of type '"PedagioPayFadamiBack.Data.Dto.CadastroDto"' ...
2024-03-14T15:51:08.9964259-03:00 [DBG] Done attempting to validate the bound parameter '"request"' of type '"PedagioPayFadamiBack.Data.Dto.CadastroDto"'.
2024-03-14T15:51:20.0008021-03:00 [DBG] Entity Framework Core "7.0.0" initialized '"PEDAGIOPAYContext"' using provider '"Microsoft.EntityFrameworkCore.SqlServer":"7.0.0"' with options: "None"
2024-03-14T15:51:20.0054710-03:00 [DBG] Creating DbCommand for '"ExecuteReader"'.
2024-03-14T15:51:20.0074070-03:00 [DBG] Creating DbConnection.
2024-03-14T15:51:20.0090883-03:00 [DBG] Created DbConnection. (1ms).
2024-03-14T15:51:20.0110585-03:00 [DBG] Created DbCommand for '"ExecuteReader"' (5ms).
2024-03-14T15:51:20.0141103-03:00 [DBG] Initialized DbCommand for '"ExecuteReader"' (8ms).
2024-03-14T15:51:20.0166933-03:00 [DBG] Opening connection to database '"PEDAGIO_PAY"' on server '"172.28.140.102"'.
2024-03-14T15:51:20.0192255-03:00 [DBG] Opened connection to database '"PEDAGIO_PAY"' on server '"172.28.140.102"'.
2024-03-14T15:51:20.0216564-03:00 [DBG] Executing DbCommand [Parameters=["@__novoUsuario_EMAIL_0='?' (Size = 100) (DbType = AnsiString)"], CommandType='Text', CommandTimeout='30']"
""SELECT TOP(1) [u].[EMAIL], [u].[BL_VALIDADO], [u].[CD_STATUS], [u].[CELULAR], [u].[CODIGO_VALIDACAO], [u].[CPF_CNPJ], [u].[DH_TIMESTAMP], [u].[ID_APPLE], [u].[ID_FACEBOOK], [u].[ID_GOOGLE], [u].[ID_USUARIO], [u].[NOME], [u].[SENHA], [u].[TOKEN]
FROM [USUARIO] AS [u]
WHERE [u].[EMAIL] = @__novoUsuario_EMAIL_0"
2024-03-14T15:51:20.2513098-03:00 [INF] Executed DbCommand ("230"ms) [Parameters=["@__novoUsuario_EMAIL_0='?' (Size = 100) (DbType = AnsiString)"], CommandType='Text', CommandTimeout='30']"
""SELECT TOP(1) [u].[EMAIL], [u].[BL_VALIDADO], [u].[CD_STATUS], [u].[CELULAR], [u].[CODIGO_VALIDACAO], [u].[CPF_CNPJ], [u].[DH_TIMESTAMP], [u].[ID_APPLE], [u].[ID_FACEBOOK], [u].[ID_GOOGLE], [u].[ID_USUARIO], [u].[NOME], [u].[SENHA], [u].[TOKEN]
FROM [USUARIO] AS [u]
WHERE [u].[EMAIL] = @__novoUsuario_EMAIL_0"
2024-03-14T15:51:20.2710377-03:00 [DBG] Context '"PEDAGIOPAYContext"' started tracking '"USUARIO"' entity. Consider using 'DbContextOptionsBuilder.EnableSensitiveDataLogging' to see key values.
2024-03-14T15:51:20.2760550-03:00 [DBG] Closing data reader to '"PEDAGIO_PAY"' on server '"172.28.140.102"'.
2024-03-14T15:51:20.2795937-03:00 [DBG] A data reader for '"PEDAGIO_PAY"' on server '"172.28.140.102"' is being disposed after spending 20ms reading results.
2024-03-14T15:51:20.2838281-03:00 [DBG] Closing connection to database '"PEDAGIO_PAY"' on server '"172.28.140.102"'.
2024-03-14T15:51:20.2872936-03:00 [DBG] Closed connection to database '"PEDAGIO_PAY"' on server '"172.28.140.102"' (3ms).
2024-03-14T15:52:17.6091431-03:00 [DBG] Connection id ""0HN24ASFTLCSJ"" received FIN.
2024-03-14T15:52:17.6584635-03:00 [DBG] List of registered output formatters, in the following order: ["Microsoft.AspNetCore.Mvc.Formatters.HttpNoContentOutputFormatter", "Microsoft.AspNetCore.Mvc.Formatters.StringOutputFormatter", "Microsoft.AspNetCore.Mvc.Formatters.StreamOutputFormatter", "Microsoft.AspNetCore.Mvc.Formatters.NewtonsoftJsonOutputFormatter"]
2024-03-14T15:52:17.6608540-03:00 [DBG] Connection id ""0HN24ASFTLCSJ"" sending FIN because: ""The Socket transport's send loop completed gracefully.""
2024-03-14T15:52:17.6646828-03:00 [DBG] No information found on request to perform content negotiation.
2024-03-14T15:52:17.6676372-03:00 [DBG] Connection id ""0HN24ASFTLCSJ"" disconnecting.
2024-03-14T15:52:17.6694355-03:00 [DBG] Attempting to select an output formatter without using a content type as no explicit content types were specified for the response.
2024-03-14T15:52:17.6091430-03:00 [DBG] Connection id ""0HN24ASFTLCSK"" received FIN.
2024-03-14T15:52:17.6739315-03:00 [DBG] Attempting to select the first formatter in the output formatters list which can write the result.
2024-03-14T15:52:17.6762876-03:00 [DBG] Connection id ""0HN24ASFTLCSK"" disconnecting.
2024-03-14T15:52:17.6781109-03:00 [DBG] Selected output formatter '"Microsoft.AspNetCore.Mvc.Formatters.NewtonsoftJsonOutputFormatter"' and content type '"application/json"' to write the response.
2024-03-14T15:52:17.6802486-03:00 [DBG] Connection id ""0HN24ASFTLCSK"" sending FIN because: ""The Socket transport's send loop completed gracefully.""
2024-03-14T15:52:17.6831361-03:00 [INF] Executing "BadRequestObjectResult", writing value of type '"<>f__AnonymousType2`2[[Microsoft.AspNetCore.Mvc.StatusCodeResult, Microsoft.AspNetCore.Mvc.Core, Version=6.0.0.0, Culture=neutral, PublicKeyToken=adb9793829ddae60],[System.String, System.Private.CoreLib, Version=6.0.0.0, Culture=neutral, PublicKeyToken=7cec85d7bea7798e]]"'.
2024-03-14T15:52:17.6867931-03:00 [DBG] Connection id ""0HN24ASFTLCSK"" stopped.
2024-03-14T15:52:17.6898223-03:00 [INF] Executed action "PedagioPayPortalUsuario.Controllers.UserController.CadastroInicial (PedagioPayPortalUsuario)" in 68718.0195ms
2024-03-14T15:52:17.6753074-03:00 [DBG] Connection id ""0HN24ASFTLCSJ"" stopped.
2024-03-14T15:52:17.6953900-03:00 [INF] Executed endpoint '"PedagioPayPortalUsuario.Controllers.UserController.CadastroInicial (PedagioPayPortalUsuario)"'
2024-03-14T15:52:17.7007068-03:00 [DBG] Connection id ""0HN24ASFTLCSL"" completed keep alive response.
2024-03-14T15:52:17.7033361-03:00 [DBG] '"PEDAGIOPAYContext"' disposed.
2024-03-14T15:52:17.7059415-03:00 [DBG] Disposing connection to database '"PEDAGIO_PAY"' on server '"172.28.140.102"'.
2024-03-14T15:52:17.7100554-03:00 [DBG] Disposed connection to database '""' on server '""' (4ms).
2024-03-14T15:52:17.7151166-03:00 [INF] Request finished HTTP/1.1 POST http://localhost:3001/User/register application/json-patch+json 188 - 400 66 application/json;+charset=utf-8 68797.1647ms
2024-03-14T15:52:52.3953792-03:00 [DBG] Connection id ""0HN24ASFTLCSM"" accepted.
2024-03-14T15:52:52.4128332-03:00 [INF] Request starting HTTP/1.1 GET http://localhost:3001/swagger/index.html - -
2024-03-14T15:52:52.4194802-03:00 [DBG] Connection id ""0HN24ASFTLCSM"" started.
2024-03-14T15:52:52.4330193-03:00 [DBG] Response markup is scheduled to include browser refresh script injection.
2024-03-14T15:52:52.4354150-03:00 [DBG] Response markup was updated to include browser refresh script injection.
2024-03-14T15:52:52.4391820-03:00 [DBG] Connection id ""0HN24ASFTLCSL"" completed keep alive response.
2024-03-14T15:52:52.4429091-03:00 [INF] Request finished HTTP/1.1 GET http://localhost:3001/swagger/index.html - - - 200 - text/html;charset=utf-8 29.9332ms
2024-03-14T15:52:52.4517707-03:00 [INF] Request starting HTTP/1.1 GET http://localhost:3001/_vs/browserLink - -
2024-03-14T15:52:52.4515881-03:00 [INF] Request starting HTTP/1.1 GET http://localhost:3001/_framework/aspnetcore-browser-refresh.js - -
2024-03-14T15:52:52.4828468-03:00 [DBG] Connection id ""0HN24ASFTLCSL"" completed keep alive response.
2024-03-14T15:52:52.4886719-03:00 [INF] Request finished HTTP/1.1 GET http://localhost:3001/_framework/aspnetcore-browser-refresh.js - - - 200 13782 application/javascript;+charset=utf-8 36.8758ms
2024-03-14T15:52:52.5229894-03:00 [DBG] Connection id ""0HN24ASFTLCSM"" completed keep alive response.
2024-03-14T15:52:52.5322746-03:00 [INF] Request finished HTTP/1.1 GET http://localhost:3001/_vs/browserLink - - - 200 - text/javascript;+charset=UTF-8 80.1528ms
2024-03-14T15:52:52.6489955-03:00 [INF] Request starting HTTP/1.1 GET http://localhost:3001/swagger/v1/swagger.json - -
2024-03-14T15:52:52.6617221-03:00 [INF] Request starting HTTP/1.1 GET http://localhost:3001/swagger/favicon-32x32.png - -
2024-03-14T15:52:52.6742123-03:00 [DBG] Connection id ""0HN24ASFTLCSM"" completed keep alive response.
2024-03-14T15:52:52.6794900-03:00 [INF] Request finished HTTP/1.1 GET http://localhost:3001/swagger/v1/swagger.json - - - 200 - application/json;charset=utf-8 33.8196ms
2024-03-14T15:52:52.6799134-03:00 [INF] Sending file. Request path: '"/favicon-32x32.png"'. Physical path: '"N/A"'
2024-03-14T15:52:52.6894610-03:00 [DBG] Connection id ""0HN24ASFTLCSL"" completed keep alive response.
2024-03-14T15:52:52.6951606-03:00 [INF] Request finished HTTP/1.1 GET http://localhost:3001/swagger/favicon-32x32.png - - - 200 628 image/png 33.4076ms
2024-03-14T15:53:50.9773278-03:00 [INF] Request starting HTTP/1.1 POST http://localhost:3001/User/register application/json-patch+json 177
2024-03-14T15:53:50.9950765-03:00 [DBG] "POST" requests are not supported
2024-03-14T15:53:50.9975805-03:00 [DBG] The request has an origin header: '"http://localhost:3001"'.
2024-03-14T15:53:51.0002200-03:00 [INF] CORS policy execution successful.
2024-03-14T15:53:51.0024677-03:00 [DBG] 1 candidate(s) found for the request path '"/User/register"'
2024-03-14T15:53:51.0058705-03:00 [DBG] Endpoint '"PedagioPayPortalUsuario.Controllers.UserController.CadastroInicial (PedagioPayPortalUsuario)"' with route pattern '"User/register"' is valid for the request path '"/User/register"'
2024-03-14T15:53:51.0104120-03:00 [DBG] Request matched endpoint '"PedagioPayPortalUsuario.Controllers.UserController.CadastroInicial (PedagioPayPortalUsuario)"'
2024-03-14T15:53:51.0166818-03:00 [INF] Executing endpoint '"PedagioPayPortalUsuario.Controllers.UserController.CadastroInicial (PedagioPayPortalUsuario)"'
2024-03-14T15:53:51.0271326-03:00 [INF] Route matched with "{action = \"CadastroInicial\", controller = \"User\"}". Executing controller action with signature "System.Threading.Tasks.Task`1[Microsoft.AspNetCore.Mvc.ActionResult] CadastroInicial(PedagioPayFadamiBack.Data.Dto.CadastroDto)" on controller "PedagioPayPortalUsuario.Controllers.UserController" ("PedagioPayPortalUsuario").
2024-03-14T15:53:51.0333303-03:00 [DBG] Execution plan of "authorization" filters (in the following order): ["None"]
2024-03-14T15:53:51.0367240-03:00 [DBG] Execution plan of "resource" filters (in the following order): ["None"]
2024-03-14T15:53:51.0413717-03:00 [DBG] Execution plan of "action" filters (in the following order): ["Microsoft.AspNetCore.Mvc.ModelBinding.UnsupportedContentTypeFilter (Order: -3000)", "Microsoft.AspNetCore.Mvc.Infrastructure.ModelStateInvalidFilter (Order: -2000)"]
2024-03-14T15:53:51.0467602-03:00 [DBG] Execution plan of "exception" filters (in the following order): ["None"]
2024-03-14T15:53:51.0502660-03:00 [DBG] Execution plan of "result" filters (in the following order): ["Microsoft.AspNetCore.Mvc.Infrastructure.ClientErrorResultFilter (Order: -2000)"]
2024-03-14T15:53:51.0541116-03:00 [DBG] Executing controller factory for controller "PedagioPayPortalUsuario.Controllers.UserController" ("PedagioPayPortalUsuario")
2024-03-14T15:53:51.0595335-03:00 [DBG] Executed controller factory for controller "PedagioPayPortalUsuario.Controllers.UserController" ("PedagioPayPortalUsuario")
2024-03-14T15:53:51.0629756-03:00 [DBG] Attempting to bind parameter '"request"' of type '"PedagioPayFadamiBack.Data.Dto.CadastroDto"' ...
2024-03-14T15:53:51.0662124-03:00 [DBG] Attempting to bind parameter '"request"' of type '"PedagioPayFadamiBack.Data.Dto.CadastroDto"' using the name '""' in request data ...
2024-03-14T15:53:51.0699901-03:00 [DBG] Rejected input formatter '"Microsoft.AspNetCore.Mvc.Formatters.NewtonsoftJsonPatchInputFormatter"' for content type '"application/json-patch+json"'.
2024-03-14T15:53:51.0750513-03:00 [DBG] Selected input formatter '"Microsoft.AspNetCore.Mvc.Formatters.NewtonsoftJsonInputFormatter"' for content type '"application/json-patch+json"'.
2024-03-14T15:53:51.0782803-03:00 [DBG] Connection id ""0HN24ASFTLCSM"", Request id ""0HN24ASFTLCSM:00000004"": started reading request body.
2024-03-14T15:53:51.0815542-03:00 [DBG] Connection id ""0HN24ASFTLCSM"", Request id ""0HN24ASFTLCSM:00000004"": done reading request body.
2024-03-14T15:53:51.0850020-03:00 [DBG] Done attempting to bind parameter '"request"' of type '"PedagioPayFadamiBack.Data.Dto.CadastroDto"'.
2024-03-14T15:53:51.0881010-03:00 [DBG] Done attempting to bind parameter '"request"' of type '"PedagioPayFadamiBack.Data.Dto.CadastroDto"'.
2024-03-14T15:53:51.0929128-03:00 [DBG] Attempting to validate the bound parameter '"request"' of type '"PedagioPayFadamiBack.Data.Dto.CadastroDto"' ...
2024-03-14T15:53:51.0961414-03:00 [DBG] Done attempting to validate the bound parameter '"request"' of type '"PedagioPayFadamiBack.Data.Dto.CadastroDto"'.
2024-03-14T15:53:54.9504477-03:00 [DBG] Entity Framework Core "7.0.0" initialized '"PEDAGIOPAYContext"' using provider '"Microsoft.EntityFrameworkCore.SqlServer":"7.0.0"' with options: "None"
2024-03-14T15:53:54.9543836-03:00 [DBG] Creating DbCommand for '"ExecuteReader"'.
2024-03-14T15:53:54.9563195-03:00 [DBG] Creating DbConnection.
2024-03-14T15:53:54.9579314-03:00 [DBG] Created DbConnection. (1ms).
2024-03-14T15:53:54.9598561-03:00 [DBG] Created DbCommand for '"ExecuteReader"' (5ms).
2024-03-14T15:53:54.9625935-03:00 [DBG] Initialized DbCommand for '"ExecuteReader"' (8ms).
2024-03-14T15:53:54.9652033-03:00 [DBG] Opening connection to database '"PEDAGIO_PAY"' on server '"172.28.140.102"'.
2024-03-14T15:53:54.9677095-03:00 [DBG] Opened connection to database '"PEDAGIO_PAY"' on server '"172.28.140.102"'.
2024-03-14T15:53:54.9702727-03:00 [DBG] Executing DbCommand [Parameters=["@__novoUsuario_EMAIL_0='?' (Size = 100) (DbType = AnsiString)"], CommandType='Text', CommandTimeout='30']"
""SELECT TOP(1) [u].[EMAIL], [u].[BL_VALIDADO], [u].[CD_STATUS], [u].[CELULAR], [u].[CODIGO_VALIDACAO], [u].[CPF_CNPJ], [u].[DH_TIMESTAMP], [u].[ID_APPLE], [u].[ID_FACEBOOK], [u].[ID_GOOGLE], [u].[ID_USUARIO], [u].[NOME], [u].[SENHA], [u].[TOKEN]
FROM [USUARIO] AS [u]
WHERE [u].[EMAIL] = @__novoUsuario_EMAIL_0"
2024-03-14T15:53:55.2154657-03:00 [INF] Executed DbCommand ("245"ms) [Parameters=["@__novoUsuario_EMAIL_0='?' (Size = 100) (DbType = AnsiString)"], CommandType='Text', CommandTimeout='30']"
""SELECT TOP(1) [u].[EMAIL], [u].[BL_VALIDADO], [u].[CD_STATUS], [u].[CELULAR], [u].[CODIGO_VALIDACAO], [u].[CPF_CNPJ], [u].[DH_TIMESTAMP], [u].[ID_APPLE], [u].[ID_FACEBOOK], [u].[ID_GOOGLE], [u].[ID_USUARIO], [u].[NOME], [u].[SENHA], [u].[TOKEN]
FROM [USUARIO] AS [u]
WHERE [u].[EMAIL] = @__novoUsuario_EMAIL_0"
2024-03-14T15:53:55.2243519-03:00 [DBG] Closing data reader to '"PEDAGIO_PAY"' on server '"172.28.140.102"'.
2024-03-14T15:53:55.2274926-03:00 [DBG] A data reader for '"PEDAGIO_PAY"' on server '"172.28.140.102"' is being disposed after spending 3ms reading results.
2024-03-14T15:53:55.2325216-03:00 [DBG] Closing connection to database '"PEDAGIO_PAY"' on server '"172.28.140.102"'.
2024-03-14T15:53:55.2355817-03:00 [DBG] Closed connection to database '"PEDAGIO_PAY"' on server '"172.28.140.102"' (3ms).
2024-03-14T15:53:57.2244606-03:00 [DBG] Context '"PEDAGIOPAYContext"' started tracking '"USUARIO"' entity. Consider using 'DbContextOptionsBuilder.EnableSensitiveDataLogging' to see key values.
2024-03-14T15:53:57.7681029-03:00 [DBG] SaveChanges starting for '"PEDAGIOPAYContext"'.
2024-03-14T15:53:57.7721296-03:00 [DBG] DetectChanges starting for '"PEDAGIOPAYContext"'.
2024-03-14T15:53:57.7753365-03:00 [DBG] DetectChanges completed for '"PEDAGIOPAYContext"'.
2024-03-14T15:53:57.7775511-03:00 [DBG] Opening connection to database '"PEDAGIO_PAY"' on server '"172.28.140.102"'.
2024-03-14T15:53:57.7805434-03:00 [DBG] Opened connection to database '"PEDAGIO_PAY"' on server '"172.28.140.102"'.
2024-03-14T15:53:57.7831890-03:00 [DBG] Creating DbCommand for '"ExecuteReader"'.
2024-03-14T15:53:57.7852410-03:00 [DBG] Created DbCommand for '"ExecuteReader"' (2ms).
2024-03-14T15:53:57.7875918-03:00 [DBG] Initialized DbCommand for '"ExecuteReader"' (4ms).
2024-03-14T15:53:57.7907978-03:00 [DBG] Executing DbCommand [Parameters=["@p0='?' (Size = 100) (DbType = AnsiString), @p1='?' (DbType = Boolean), @p2='?' (Size = 12) (DbType = AnsiString), @p3='?' (Size = 4) (DbType = AnsiStringFixedLength), @p4='?' (Size = 20) (DbType = AnsiString), @p5='?' (Size = 50) (DbType = AnsiString), @p6='?' (Size = 50) (DbType = AnsiString), @p7='?' (Size = 50) (DbType = AnsiString), @p8='?' (Size = 50) (DbType = AnsiString), @p9='?' (Size = 100) (DbType = AnsiString), @p10='?' (Size = 500) (DbType = AnsiString)"], CommandType='Text', CommandTimeout='30']"
""SET IMPLICIT_TRANSACTIONS OFF;
SET NOCOUNT ON;
INSERT INTO [USUARIO] ([EMAIL], [BL_VALIDADO], [CELULAR], [CODIGO_VALIDACAO], [CPF_CNPJ], [ID_APPLE], [ID_FACEBOOK], [ID_GOOGLE], [NOME], [SENHA], [TOKEN])
OUTPUT INSERTED.[CD_STATUS], INSERTED.[DH_TIMESTAMP], INSERTED.[ID_USUARIO]
VALUES (@p0, @p1, @p2, @p3, @p4, @p5, @p6, @p7, @p8, @p9, @p10);"
2024-03-14T15:53:58.0395334-03:00 [INF] Executed DbCommand ("249"ms) [Parameters=["@p0='?' (Size = 100) (DbType = AnsiString), @p1='?' (DbType = Boolean), @p2='?' (Size = 12) (DbType = AnsiString), @p3='?' (Size = 4) (DbType = AnsiStringFixedLength), @p4='?' (Size = 20) (DbType = AnsiString), @p5='?' (Size = 50) (DbType = AnsiString), @p6='?' (Size = 50) (DbType = AnsiString), @p7='?' (Size = 50) (DbType = AnsiString), @p8='?' (Size = 50) (DbType = AnsiString), @p9='?' (Size = 100) (DbType = AnsiString), @p10='?' (Size = 500) (DbType = AnsiString)"], CommandType='Text', CommandTimeout='30']"
""SET IMPLICIT_TRANSACTIONS OFF;
SET NOCOUNT ON;
INSERT INTO [USUARIO] ([EMAIL], [BL_VALIDADO], [CELULAR], [CODIGO_VALIDACAO], [CPF_CNPJ], [ID_APPLE], [ID_FACEBOOK], [ID_GOOGLE], [NOME], [SENHA], [TOKEN])
OUTPUT INSERTED.[CD_STATUS], INSERTED.[DH_TIMESTAMP], INSERTED.[ID_USUARIO]
VALUES (@p0, @p1, @p2, @p3, @p4, @p5, @p6, @p7, @p8, @p9, @p10);"
2024-03-14T15:53:58.0496303-03:00 [DBG] Closing data reader to '"PEDAGIO_PAY"' on server '"172.28.140.102"'.
2024-03-14T15:53:58.0533876-03:00 [DBG] A data reader for '"PEDAGIO_PAY"' on server '"172.28.140.102"' is being disposed after spending 3ms reading results.
2024-03-14T15:53:58.0592476-03:00 [DBG] Closing connection to database '"PEDAGIO_PAY"' on server '"172.28.140.102"'.
2024-03-14T15:53:58.0647730-03:00 [DBG] Closed connection to database '"PEDAGIO_PAY"' on server '"172.28.140.102"' (5ms).
2024-03-14T15:53:58.0690499-03:00 [DBG] An entity of type '"USUARIO"' tracked by '"PEDAGIOPAYContext"' changed state from 'Added' to 'Unchanged'. Consider using 'DbContextOptionsBuilder.EnableSensitiveDataLogging' to see key values.
2024-03-14T15:53:58.0743139-03:00 [DBG] SaveChanges completed for '"PEDAGIOPAYContext"' with 1 entities written to the database.
2024-03-14T15:54:16.5054469-03:00 [DBG] '"PEDAGIOPAYContext"' generated a temporary value for the property '"ID_USUARIO_PLACA"."PLACAS"'. Consider using 'DbContextOptionsBuilder.EnableSensitiveDataLogging' to see key values.
2024-03-14T15:54:16.5104923-03:00 [DBG] Context '"PEDAGIOPAYContext"' started tracking '"PLACAS"' entity. Consider using 'DbContextOptionsBuilder.EnableSensitiveDataLogging' to see key values.
2024-03-14T15:54:16.5131368-03:00 [DBG] SaveChanges starting for '"PEDAGIOPAYContext"'.
2024-03-14T15:54:16.5153157-03:00 [DBG] DetectChanges starting for '"PEDAGIOPAYContext"'.
2024-03-14T15:54:16.5174468-03:00 [DBG] DetectChanges completed for '"PEDAGIOPAYContext"'.
2024-03-14T15:54:16.5197672-03:00 [DBG] Opening connection to database '"PEDAGIO_PAY"' on server '"172.28.140.102"'.
2024-03-14T15:54:16.5229923-03:00 [DBG] Opened connection to database '"PEDAGIO_PAY"' on server '"172.28.140.102"'.
2024-03-14T15:54:16.5264444-03:00 [DBG] Creating DbCommand for '"ExecuteReader"'.
2024-03-14T15:54:16.5284473-03:00 [DBG] Created DbCommand for '"ExecuteReader"' (2ms).
2024-03-14T15:54:16.5308176-03:00 [DBG] Initialized DbCommand for '"ExecuteReader"' (4ms).
2024-03-14T15:54:16.5332523-03:00 [DBG] Executing DbCommand [Parameters=["@p0='?' (DbType = Int32), @p1='?' (Size = 30) (DbType = AnsiString), @p2='?' (Size = 30) (DbType = AnsiString), @p3='?' (Size = 40) (DbType = AnsiString), @p4='?' (Size = 7) (DbType = AnsiString), @p5='?' (Size = 500) (DbType = AnsiString), @p6='?' (Size = 100) (DbType = AnsiString)"], CommandType='Text', CommandTimeout='30']"
""SET IMPLICIT_TRANSACTIONS OFF;
SET NOCOUNT ON;
INSERT INTO [USUARIO_PLACA] ([ANO], [COR], [MARCA], [MODELO], [PLACA], [TOKEN_USUARIO], [USUARIO_EMAIL])
OUTPUT INSERTED.[ID_USUARIO_PLACA], INSERTED.[CD_STATUS], INSERTED.[DH_TIMESTAMP]
VALUES (@p0, @p1, @p2, @p3, @p4, @p5, @p6);"
2024-03-14T15:54:16.7669494-03:00 [INF] Executed DbCommand ("234"ms) [Parameters=["@p0='?' (DbType = Int32), @p1='?' (Size = 30) (DbType = AnsiString), @p2='?' (Size = 30) (DbType = AnsiString), @p3='?' (Size = 40) (DbType = AnsiString), @p4='?' (Size = 7) (DbType = AnsiString), @p5='?' (Size = 500) (DbType = AnsiString), @p6='?' (Size = 100) (DbType = AnsiString)"], CommandType='Text', CommandTimeout='30']"
""SET IMPLICIT_TRANSACTIONS OFF;
SET NOCOUNT ON;
INSERT INTO [USUARIO_PLACA] ([ANO], [COR], [MARCA], [MODELO], [PLACA], [TOKEN_USUARIO], [USUARIO_EMAIL])
OUTPUT INSERTED.[ID_USUARIO_PLACA], INSERTED.[CD_STATUS], INSERTED.[DH_TIMESTAMP]
VALUES (@p0, @p1, @p2, @p3, @p4, @p5, @p6);"
2024-03-14T15:54:16.7737737-03:00 [DBG] The foreign key property '"PLACAS"."ID_USUARIO_PLACA"' was detected as changed. Consider using 'DbContextOptionsBuilder.EnableSensitiveDataLogging' to see property values.
2024-03-14T15:54:16.7764300-03:00 [DBG] Closing data reader to '"PEDAGIO_PAY"' on server '"172.28.140.102"'.
2024-03-14T15:54:16.7788670-03:00 [DBG] A data reader for '"PEDAGIO_PAY"' on server '"172.28.140.102"' is being disposed after spending 5ms reading results.
2024-03-14T15:54:16.7818025-03:00 [DBG] Closing connection to database '"PEDAGIO_PAY"' on server '"172.28.140.102"'.
2024-03-14T15:54:16.7847957-03:00 [DBG] Closed connection to database '"PEDAGIO_PAY"' on server '"172.28.140.102"' (2ms).
2024-03-14T15:54:16.7877942-03:00 [DBG] An entity of type '"PLACAS"' tracked by '"PEDAGIOPAYContext"' changed state from 'Added' to 'Unchanged'. Consider using 'DbContextOptionsBuilder.EnableSensitiveDataLogging' to see key values.
2024-03-14T15:54:16.7912702-03:00 [DBG] SaveChanges completed for '"PEDAGIOPAYContext"' with 1 entities written to the database.
2024-03-14T15:54:33.4964728-03:00 [INF] Erro ao acessar serviço de email
